TN:
SF:dist\js\dataBind.js
FN:7,(anonymous_1)
FN:7,e
FN:7,s
FN:7,(anonymous_4)
FN:7,(anonymous_5)
FN:14,(anonymous_6)
FN:14,(anonymous_7)
FN:16,(anonymous_8)
FN:16,defineProperties
FN:16,(anonymous_10)
FN:38,_interopRequireDefault
FN:40,_interopRequireWildcard
FN:42,_classCallCheck
FN:47,(anonymous_14)
FN:48,Binder
FN:88,parseView
FN:106,(anonymous_17)
FN:119,updateElementCache
FN:130,(anonymous_19)
FN:138,render
FN:188,(anonymous_21)
FN:197,(anonymous_22)
FN:219,subscribe
FN:228,subscribeOnce
FN:237,unsubscribe
FN:245,unsubscribeAll
FN:251,publish
FN:263,applyBinding
FN:279,(anonymous_29)
FN:286,(anonymous_30)
FN:292,(anonymous_31)
FN:299,(anonymous_32)
FN:306,(anonymous_33)
FN:313,(anonymous_34)
FN:320,(anonymous_35)
FN:327,(anonymous_36)
FN:334,(anonymous_37)
FN:341,(anonymous_38)
FN:348,(anonymous_39)
FN:360,(anonymous_40)
FN:376,_interopRequireWildcard
FN:392,compileTemplate
FN:420,renderTemplate
FN:459,(anonymous_44)
FN:500,clickBinding
FN:513,(anonymous_46)
FN:527,dblclickBinding
FN:540,(anonymous_48)
FN:554,blurBinding
FN:567,(anonymous_50)
FN:581,focusBinding
FN:594,(anonymous_52)
FN:607,changeBinding
FN:627,(anonymous_54)
FN:647,modelBinding
FN:685,submitBinding
FN:699,(anonymous_57)
FN:713,textBinding
FN:739,showBinding
FN:794,cssBinding
FN:839,(anonymous_61)
FN:844,(anonymous_62)
FN:875,attrBinding
FN:946,(anonymous_64)
FN:982,(anonymous_65)
FN:993,_interopRequireWildcard
FN:1004,walkDOM
FN:1016,getAttributesObject
FN:1018,(anonymous_69)
FN:1024,createBindingCache
FN:1037,rootSkipCheck
FN:1041,(anonymous_72)
FN:1045,parseNode
FN:1059,(anonymous_74)
FN:1093,(anonymous_75)
FN:1104,_interopRequireDefault
FN:1106,_interopRequireWildcard
FN:1111,use
FN:1122,init
FN:1135,(anonymous_80)
FN:1147,_interopRequireWildcard
FN:1161,subscribeEvent
FN:1177,(anonymous_83)
FN:1193,subscribeEventOnce
FN:1201,unsubscribeEvent
FN:1236,unsubscribeAllEvent
FN:1242,(anonymous_87)
FN:1247,publishEvent
FN:1260,(anonymous_89)
FN:1261,(anonymous_90)
FN:1279,(anonymous_91)
FN:1286,(anonymous_92)
FN:1286,(anonymous_93)
FN:1298,generateElementCache
FN:1300,(anonymous_95)
FN:1306,isArray
FN:1310,isJsObject
FN:1314,isPlainObject
FN:1339,isEmptyObject
FN:1353,getViewModelValue
FN:1365,setViewModelValue
FN:1369,parseStringToJson
FN:1382,arrayRemoveMatch
FN:1383,(anonymous_104)
FN:1388,getFormData
FN:1392,(anonymous_106)
FN:1406,getFunctionParameterList
FN:1411,(anonymous_108)
FN:1418,invertObj
FN:1419,(anonymous_110)
FN:1432,debounceRaf
FN:1435,(anonymous_112)
FN:1440,(anonymous_113)
FN:1448,(anonymous_114)
FN:1465,getNodeAttrObj
FN:1488,(anonymous_116)
FN:1504,extend
FN:1525,(anonymous_118)
FN:1540,isObject
FN:1544,isMergebleObject
FNF:120
FNH:67
FNDA:1,(anonymous_1)
FNDA:1,e
FNDA:12,s
FNDA:11,(anonymous_4)
FNDA:1,(anonymous_5)
FNDA:0,(anonymous_6)
FNDA:27,(anonymous_7)
FNDA:1,(anonymous_8)
FNDA:2,defineProperties
FNDA:1,(anonymous_10)
FNDA:1,_interopRequireDefault
FNDA:4,_interopRequireWildcard
FNDA:29,_classCallCheck
FNDA:1,(anonymous_14)
FNDA:29,Binder
FNDA:27,parseView
FNDA:0,(anonymous_17)
FNDA:0,updateElementCache
FNDA:0,(anonymous_19)
FNDA:31,render
FNDA:0,(anonymous_21)
FNDA:0,(anonymous_22)
FNDA:0,subscribe
FNDA:0,subscribeOnce
FNDA:0,unsubscribe
FNDA:0,unsubscribeAll
FNDA:0,publish
FNDA:31,applyBinding
FNDA:15,(anonymous_29)
FNDA:46,(anonymous_30)
FNDA:77,(anonymous_31)
FNDA:0,(anonymous_32)
FNDA:135,(anonymous_33)
FNDA:99,(anonymous_34)
FNDA:11,(anonymous_35)
FNDA:0,(anonymous_36)
FNDA:11,(anonymous_37)
FNDA:11,(anonymous_38)
FNDA:0,(anonymous_39)
FNDA:1,(anonymous_40)
FNDA:2,_interopRequireWildcard
FNDA:0,compileTemplate
FNDA:0,renderTemplate
FNDA:0,(anonymous_44)
FNDA:0,clickBinding
FNDA:0,(anonymous_46)
FNDA:11,dblclickBinding
FNDA:0,(anonymous_48)
FNDA:11,blurBinding
FNDA:1,(anonymous_50)
FNDA:0,focusBinding
FNDA:0,(anonymous_52)
FNDA:99,changeBinding
FNDA:7,(anonymous_54)
FNDA:135,modelBinding
FNDA:11,submitBinding
FNDA:0,(anonymous_57)
FNDA:77,textBinding
FNDA:46,showBinding
FNDA:0,cssBinding
FNDA:0,(anonymous_61)
FNDA:0,(anonymous_62)
FNDA:15,attrBinding
FNDA:1,(anonymous_64)
FNDA:1,(anonymous_65)
FNDA:1,_interopRequireWildcard
FNDA:411,walkDOM
FNDA:312,getAttributesObject
FNDA:981,(anonymous_69)
FNDA:27,createBindingCache
FNDA:27,rootSkipCheck
FNDA:297,(anonymous_72)
FNDA:423,parseNode
FNDA:981,(anonymous_74)
FNDA:1,(anonymous_75)
FNDA:1,_interopRequireDefault
FNDA:1,_interopRequireWildcard
FNDA:0,use
FNDA:29,init
FNDA:1,(anonymous_80)
FNDA:1,_interopRequireWildcard
FNDA:0,subscribeEvent
FNDA:0,(anonymous_83)
FNDA:0,subscribeEventOnce
FNDA:0,unsubscribeEvent
FNDA:0,unsubscribeAllEvent
FNDA:0,(anonymous_87)
FNDA:0,publishEvent
FNDA:0,(anonymous_89)
FNDA:0,(anonymous_90)
FNDA:1,(anonymous_91)
FNDA:0,(anonymous_92)
FNDA:56,(anonymous_93)
FNDA:0,generateElementCache
FNDA:0,(anonymous_95)
FNDA:0,isArray
FNDA:56,isJsObject
FNDA:15,isPlainObject
FNDA:26,isEmptyObject
FNDA:411,getViewModelValue
FNDA:6,setViewModelValue
FNDA:0,parseStringToJson
FNDA:0,arrayRemoveMatch
FNDA:0,(anonymous_104)
FNDA:0,getFormData
FNDA:0,(anonymous_106)
FNDA:0,getFunctionParameterList
FNDA:0,(anonymous_108)
FNDA:1,invertObj
FNDA:13,(anonymous_110)
FNDA:27,debounceRaf
FNDA:27,(anonymous_112)
FNDA:32,(anonymous_113)
FNDA:31,(anonymous_114)
FNDA:0,getNodeAttrObj
FNDA:0,(anonymous_116)
FNDA:0,extend
FNDA:0,(anonymous_118)
FNDA:0,isObject
FNDA:0,isMergebleObject
DA:7,12
DA:10,1
DA:14,27
DA:16,9
DA:18,1
DA:20,1
DA:22,1
DA:24,1
DA:26,1
DA:28,1
DA:30,1
DA:32,1
DA:34,1
DA:36,1
DA:38,1
DA:40,4
DA:42,29
DA:44,1
DA:45,1
DA:47,1
DA:48,1
DA:49,29
DA:51,29
DA:52,2
DA:55,27
DA:57,27
DA:59,27
DA:61,27
DA:63,27
DA:65,27
DA:67,27
DA:70,27
DA:72,27
DA:74,27
DA:86,1
DA:89,27
DA:92,27
DA:94,27
DA:97,27
DA:98,0
DA:101,0
DA:105,27
DA:106,0
DA:107,0
DA:111,0
DA:115,27
DA:120,0
DA:122,0
DA:124,0
DA:125,0
DA:127,0
DA:129,0
DA:130,0
DA:131,0
DA:139,31
DA:141,31
DA:143,31
DA:151,31
DA:159,31
DA:167,31
DA:169,31
DA:171,27
DA:172,0
DA:173,0
DA:175,27
DA:179,4
DA:183,31
DA:185,0
DA:186,0
DA:188,0
DA:189,0
DA:192,0
DA:197,0
DA:198,0
DA:208,31
DA:215,31
DA:220,0
DA:221,0
DA:223,0
DA:224,0
DA:229,0
DA:230,0
DA:232,0
DA:233,0
DA:238,0
DA:240,0
DA:241,0
DA:246,0
DA:247,0
DA:252,0
DA:254,0
DA:255,0
DA:258,0
DA:259,0
DA:264,31
DA:265,31
DA:271,31
DA:272,0
DA:278,31
DA:279,15
DA:280,15
DA:285,31
DA:286,31
DA:287,46
DA:291,31
DA:292,31
DA:293,77
DA:298,31
DA:299,0
DA:300,0
DA:305,31
DA:306,15
DA:307,135
DA:312,31
DA:313,11
DA:314,99
DA:319,31
DA:320,11
DA:321,11
DA:326,31
DA:327,0
DA:328,0
DA:333,31
DA:334,11
DA:335,11
DA:340,31
DA:341,11
DA:342,11
DA:347,31
DA:348,0
DA:349,0
DA:355,1
DA:358,1
DA:363,1
DA:366,1
DA:368,1
DA:370,1
DA:372,1
DA:374,1
DA:376,2
DA:379,1
DA:380,1
DA:381,1
DA:382,1
DA:383,1
DA:392,1
DA:393,0
DA:395,0
DA:396,0
DA:398,0
DA:399,0
DA:401,0
DA:402,0
DA:403,0
DA:407,0
DA:420,1
DA:421,0
DA:422,0
DA:423,0
DA:424,0
DA:425,0
DA:426,0
DA:427,0
DA:428,0
DA:429,0
DA:431,0
DA:432,0
DA:435,0
DA:436,0
DA:437,0
DA:438,0
DA:440,0
DA:441,0
DA:442,0
DA:446,0
DA:447,0
DA:448,0
DA:450,0
DA:451,0
DA:455,0
DA:457,0
DA:458,0
DA:459,0
DA:460,0
DA:464,0
DA:466,0
DA:467,0
DA:472,0
DA:474,0
DA:475,0
DA:477,0
DA:478,0
DA:480,0
DA:483,0
DA:485,0
DA:486,0
DA:500,1
DA:501,0
DA:502,0
DA:503,0
DA:505,0
DA:506,0
DA:509,0
DA:511,0
DA:512,0
DA:513,0
DA:514,0
DA:527,1
DA:528,11
DA:529,11
DA:530,11
DA:532,11
DA:533,0
DA:536,11
DA:538,11
DA:539,11
DA:540,11
DA:541,0
DA:554,1
DA:555,11
DA:556,11
DA:557,11
DA:559,11
DA:560,0
DA:563,11
DA:565,11
DA:566,11
DA:567,11
DA:568,1
DA:581,1
DA:582,0
DA:583,0
DA:584,0
DA:586,0
DA:587,0
DA:590,0
DA:592,0
DA:593,0
DA:594,0
DA:595,0
DA:607,1
DA:608,99
DA:609,99
DA:610,99
DA:611,99
DA:612,99
DA:613,99
DA:614,99
DA:616,99
DA:617,0
DA:620,99
DA:622,99
DA:624,99
DA:625,99
DA:627,99
DA:628,7
DA:630,7
DA:631,6
DA:632,6
DA:634,7
DA:635,7
DA:647,1
DA:648,135
DA:649,135
DA:651,135
DA:652,0
DA:655,135
DA:657,135
DA:658,135
DA:659,135
DA:660,135
DA:661,135
DA:662,135
DA:663,135
DA:666,135
DA:667,89
DA:668,8
DA:669,81
DA:670,30
DA:672,51
DA:685,1
DA:686,11
DA:687,11
DA:688,11
DA:690,11
DA:691,0
DA:694,11
DA:695,11
DA:697,11
DA:699,11
DA:700,0
DA:713,1
DA:714,77
DA:716,77
DA:717,0
DA:720,77
DA:721,77
DA:723,77
DA:724,77
DA:725,66
DA:739,1
DA:740,46
DA:742,46
DA:743,0
DA:746,46
DA:747,46
DA:748,46
DA:749,46
DA:750,46
DA:752,46
DA:753,46
DA:756,46
DA:757,30
DA:758,0
DA:761,30
DA:764,30
DA:765,8
DA:769,22
DA:770,22
DA:773,22
DA:774,0
DA:776,22
DA:777,22
DA:779,0
DA:794,1
DA:795,0
DA:797,0
DA:798,0
DA:801,0
DA:802,0
DA:803,0
DA:804,0
DA:805,0
DA:806,0
DA:807,0
DA:808,0
DA:809,0
DA:810,0
DA:812,0
DA:813,0
DA:816,0
DA:817,0
DA:818,0
DA:819,0
DA:822,0
DA:825,0
DA:826,0
DA:828,0
DA:829,0
DA:832,0
DA:833,0
DA:837,0
DA:839,0
DA:840,0
DA:843,0
DA:844,0
DA:845,0
DA:846,0
DA:847,0
DA:848,0
DA:849,0
DA:852,0
DA:854,0
DA:855,0
DA:859,0
DA:861,0
DA:863,0
DA:864,0
DA:875,1
DA:876,15
DA:878,15
DA:879,0
DA:882,15
DA:883,15
DA:884,15
DA:885,15
DA:887,15
DA:888,0
DA:891,15
DA:893,0
DA:897,15
DA:898,4
DA:904,11
DA:905,11
DA:906,32
DA:907,32
DA:911,0
DA:912,0
DA:913,0
DA:915,0
DA:919,0
DA:920,0
DA:921,0
DA:923,0
DA:929,11
DA:930,11
DA:933,1
DA:934,1
DA:935,1
DA:936,1
DA:937,1
DA:938,1
DA:939,1
DA:940,1
DA:941,1
DA:942,1
DA:943,1
DA:944,1
DA:949,1
DA:952,1
DA:967,1
DA:968,1
DA:971,1
DA:977,1
DA:978,1
DA:979,1
DA:980,1
DA:985,1
DA:989,1
DA:991,1
DA:993,1
DA:995,1
DA:1004,1
DA:1005,411
DA:1006,411
DA:1007,411
DA:1008,396
DA:1009,396
DA:1010,384
DA:1012,396
DA:1016,1
DA:1017,312
DA:1018,312
DA:1019,981
DA:1021,312
DA:1024,1
DA:1025,27
DA:1026,27
DA:1027,27
DA:1029,27
DA:1031,27
DA:1032,0
DA:1035,27
DA:1037,27
DA:1038,27
DA:1041,27
DA:1042,297
DA:1045,27
DA:1046,423
DA:1048,423
DA:1049,423
DA:1050,423
DA:1052,423
DA:1053,324
DA:1054,12
DA:1057,312
DA:1059,312
DA:1060,981
DA:1061,383
DA:1062,383
DA:1063,383
DA:1078,383
DA:1082,411
DA:1085,27
DA:1086,27
DA:1088,27
DA:1091,1
DA:1096,1
DA:1098,1
DA:1100,1
DA:1102,1
DA:1104,1
DA:1106,1
DA:1108,1
DA:1109,1
DA:1111,1
DA:1112,0
DA:1114,0
DA:1115,0
DA:1117,0
DA:1118,0
DA:1122,1
DA:1123,29
DA:1125,29
DA:1126,29
DA:1130,1
DA:1138,1
DA:1141,1
DA:1143,1
DA:1145,1
DA:1147,1
DA:1159,1
DA:1161,1
DA:1162,0
DA:1163,0
DA:1164,0
DA:1165,0
DA:1167,0
DA:1168,0
DA:1171,0
DA:1172,0
DA:1174,0
DA:1175,0
DA:1177,0
DA:1178,0
DA:1179,0
DA:1180,0
DA:1181,0
DA:1185,0
DA:1186,0
DA:1187,0
DA:1188,0
DA:1189,0
DA:1193,1
DA:1194,0
DA:1195,0
DA:1196,0
DA:1198,0
DA:1201,1
DA:1202,0
DA:1203,0
DA:1205,0
DA:1206,0
DA:1209,0
DA:1210,0
DA:1211,0
DA:1213,0
DA:1215,0
DA:1216,0
DA:1217,0
DA:1218,0
DA:1219,0
DA:1220,0
DA:1221,0
DA:1226,0
DA:1227,0
DA:1236,1
DA:1237,0
DA:1239,0
DA:1240,0
DA:1242,0
DA:1243,0
DA:1247,1
DA:1248,0
DA:1249,0
DA:1252,0
DA:1254,0
DA:1255,0
DA:1258,0
DA:1260,0
DA:1261,0
DA:1262,0
DA:1263,0
DA:1264,0
DA:1265,0
DA:1267,0
DA:1273,1
DA:1274,1
DA:1275,1
DA:1276,1
DA:1277,1
DA:1282,1
DA:1286,56
DA:1289,1
DA:1291,1
DA:1293,1
DA:1298,1
DA:1299,0
DA:1300,0
DA:1301,0
DA:1303,0
DA:1306,1
DA:1307,0
DA:1310,1
DA:1311,56
DA:1314,1
DA:1315,15
DA:1316,15
DA:1318,15
DA:1319,0
DA:1323,15
DA:1324,15
DA:1327,15
DA:1328,15
DA:1331,15
DA:1332,0
DA:1336,15
DA:1339,1
DA:1340,26
DA:1341,26
DA:1343,0
DA:1353,1
DA:1354,411
DA:1365,1
DA:1366,6
DA:1369,1
DA:1371,0
DA:1372,0
DA:1382,1
DA:1383,0
DA:1384,0
DA:1388,1
DA:1389,0
DA:1390,0
DA:1392,0
DA:1393,0
DA:1396,0
DA:1406,1
DA:1407,0
DA:1409,0
DA:1410,0
DA:1411,0
DA:1412,0
DA:1415,0
DA:1418,1
DA:1419,1
DA:1420,13
DA:1421,13
DA:1432,1
DA:1433,27
DA:1435,27
DA:1436,27
DA:1437,27
DA:1440,27
DA:1441,32
DA:1443,32
DA:1445,32
DA:1447,32
DA:1448,32
DA:1449,31
DA:1450,31
DA:1453,32
DA:1465,1
DA:1466,0
DA:1467,0
DA:1468,0
DA:1470,0
DA:1471,0
DA:1473,0
DA:1474,0
DA:1475,0
DA:1477,0
DA:1478,0
DA:1480,0
DA:1481,0
DA:1482,0
DA:1483,0
DA:1487,0
DA:1488,0
DA:1489,0
DA:1490,0
DA:1494,0
DA:1504,1
DA:1505,0
DA:1506,0
DA:1509,0
DA:1510,0
DA:1512,0
DA:1513,0
DA:1515,0
DA:1516,0
DA:1517,0
DA:1520,0
DA:1521,0
DA:1524,0
DA:1525,0
DA:1526,0
DA:1527,0
DA:1528,0
DA:1530,0
DA:1532,0
DA:1537,0
DA:1540,1
DA:1541,0
DA:1544,1
DA:1545,0
DA:1548,1
DA:1549,1
DA:1550,1
DA:1551,1
DA:1552,1
DA:1553,1
DA:1554,1
DA:1555,1
DA:1556,1
DA:1557,1
DA:1558,1
DA:1559,1
DA:1560,1
DA:1561,1
DA:1562,1
LF:691
LH:381
BRDA:7,1,0,7
BRDA:7,1,1,5
BRDA:7,2,0,0
BRDA:7,2,1,7
BRDA:7,3,0,0
BRDA:7,3,1,0
BRDA:7,4,0,0
BRDA:7,4,1,0
BRDA:7,5,0,0
BRDA:7,5,1,0
BRDA:7,6,0,0
BRDA:7,6,1,0
BRDA:7,7,0,11
BRDA:7,7,1,0
BRDA:7,8,0,1
BRDA:7,8,1,0
BRDA:14,9,0,0
BRDA:14,9,1,1
BRDA:14,10,0,1
BRDA:14,10,1,0
BRDA:14,11,0,0
BRDA:14,11,1,27
BRDA:14,12,0,27
BRDA:14,12,1,27
BRDA:14,12,2,0
BRDA:14,12,3,0
BRDA:16,13,0,9
BRDA:16,13,1,9
BRDA:16,14,0,9
BRDA:16,14,1,0
BRDA:16,15,0,1
BRDA:16,15,1,0
BRDA:16,16,0,1
BRDA:16,16,1,0
BRDA:38,17,0,1
BRDA:38,17,1,0
BRDA:38,18,0,1
BRDA:38,18,1,1
BRDA:40,19,0,4
BRDA:40,19,1,0
BRDA:40,20,0,4
BRDA:40,20,1,4
BRDA:40,21,0,0
BRDA:40,21,1,0
BRDA:40,22,0,0
BRDA:40,22,1,0
BRDA:42,23,0,0
BRDA:42,23,1,29
BRDA:51,24,0,2
BRDA:51,24,1,27
BRDA:51,25,0,29
BRDA:51,25,1,29
BRDA:51,25,2,27
BRDA:51,25,3,27
BRDA:51,26,0,0
BRDA:51,26,1,27
BRDA:97,27,0,0
BRDA:97,27,1,27
BRDA:97,28,0,27
BRDA:97,28,1,0
BRDA:105,29,0,0
BRDA:105,29,1,27
BRDA:105,30,0,27
BRDA:105,30,1,0
BRDA:122,31,0,0
BRDA:122,31,1,0
BRDA:122,32,0,0
BRDA:122,32,1,0
BRDA:124,33,0,0
BRDA:124,33,1,0
BRDA:127,34,0,0
BRDA:127,34,1,0
BRDA:127,35,0,0
BRDA:127,35,1,0
BRDA:129,36,0,0
BRDA:129,36,1,0
BRDA:129,37,0,0
BRDA:129,37,1,0
BRDA:141,38,0,0
BRDA:141,38,1,31
BRDA:141,39,0,31
BRDA:141,39,1,0
BRDA:169,40,0,27
BRDA:169,40,1,4
BRDA:171,41,0,0
BRDA:171,41,1,27
BRDA:183,42,0,0
BRDA:183,42,1,31
BRDA:183,43,0,31
BRDA:183,43,1,0
BRDA:185,44,0,0
BRDA:185,44,1,0
BRDA:220,45,0,0
BRDA:220,45,1,0
BRDA:220,46,0,0
BRDA:220,46,1,0
BRDA:229,47,0,0
BRDA:229,47,1,0
BRDA:229,48,0,0
BRDA:229,48,1,0
BRDA:238,49,0,0
BRDA:238,49,1,0
BRDA:238,50,0,0
BRDA:238,50,1,0
BRDA:252,51,0,0
BRDA:252,51,1,0
BRDA:252,52,0,0
BRDA:252,52,1,0
BRDA:264,53,0,31
BRDA:264,53,1,0
BRDA:264,54,0,31
BRDA:264,54,1,31
BRDA:271,55,0,0
BRDA:271,55,1,31
BRDA:271,56,0,31
BRDA:271,56,1,0
BRDA:278,57,0,15
BRDA:278,57,1,16
BRDA:278,58,0,31
BRDA:278,58,1,31
BRDA:278,58,2,15
BRDA:285,59,0,31
BRDA:285,59,1,0
BRDA:285,60,0,31
BRDA:285,60,1,31
BRDA:285,60,2,31
BRDA:291,61,0,31
BRDA:291,61,1,0
BRDA:291,62,0,31
BRDA:291,62,1,31
BRDA:291,62,2,31
BRDA:298,63,0,0
BRDA:298,63,1,31
BRDA:298,64,0,31
BRDA:298,64,1,31
BRDA:298,64,2,0
BRDA:305,65,0,15
BRDA:305,65,1,16
BRDA:305,66,0,31
BRDA:305,66,1,31
BRDA:305,66,2,15
BRDA:312,67,0,11
BRDA:312,67,1,20
BRDA:312,68,0,31
BRDA:312,68,1,27
BRDA:312,68,2,11
BRDA:319,69,0,11
BRDA:319,69,1,20
BRDA:319,70,0,31
BRDA:319,70,1,27
BRDA:319,70,2,11
BRDA:326,71,0,0
BRDA:326,71,1,31
BRDA:326,72,0,31
BRDA:326,72,1,27
BRDA:326,72,2,0
BRDA:333,73,0,11
BRDA:333,73,1,20
BRDA:333,74,0,31
BRDA:333,74,1,27
BRDA:333,74,2,11
BRDA:340,75,0,11
BRDA:340,75,1,20
BRDA:340,76,0,31
BRDA:340,76,1,27
BRDA:340,76,2,11
BRDA:347,77,0,0
BRDA:347,77,1,31
BRDA:347,78,0,31
BRDA:347,78,1,0
BRDA:347,78,2,0
BRDA:376,79,0,2
BRDA:376,79,1,0
BRDA:376,80,0,2
BRDA:376,80,1,2
BRDA:376,81,0,0
BRDA:376,81,1,0
BRDA:376,82,0,0
BRDA:376,82,1,0
BRDA:393,83,0,0
BRDA:393,83,1,0
BRDA:393,84,0,0
BRDA:393,84,1,0
BRDA:398,85,0,0
BRDA:398,85,1,0
BRDA:402,86,0,0
BRDA:402,86,1,0
BRDA:422,87,0,0
BRDA:422,87,1,0
BRDA:431,88,0,0
BRDA:431,88,1,0
BRDA:437,89,0,0
BRDA:437,89,1,0
BRDA:440,90,0,0
BRDA:440,90,1,0
BRDA:441,91,0,0
BRDA:441,91,1,0
BRDA:446,92,0,0
BRDA:446,92,1,0
BRDA:457,93,0,0
BRDA:457,93,1,0
BRDA:472,94,0,0
BRDA:472,94,1,0
BRDA:474,95,0,0
BRDA:474,95,1,0
BRDA:474,96,0,0
BRDA:474,96,1,0
BRDA:477,97,0,0
BRDA:477,97,1,0
BRDA:485,98,0,0
BRDA:485,98,1,0
BRDA:505,99,0,0
BRDA:505,99,1,0
BRDA:511,100,0,0
BRDA:511,100,1,0
BRDA:532,101,0,0
BRDA:532,101,1,11
BRDA:538,102,0,11
BRDA:538,102,1,0
BRDA:559,103,0,0
BRDA:559,103,1,11
BRDA:565,104,0,11
BRDA:565,104,1,0
BRDA:586,105,0,0
BRDA:586,105,1,0
BRDA:592,106,0,0
BRDA:592,106,1,0
BRDA:616,107,0,0
BRDA:616,107,1,99
BRDA:624,108,0,99
BRDA:624,108,1,0
BRDA:628,109,0,1
BRDA:628,109,1,6
BRDA:630,110,0,6
BRDA:630,110,1,1
BRDA:651,111,0,0
BRDA:651,111,1,135
BRDA:657,112,0,135
BRDA:657,112,1,0
BRDA:657,113,0,135
BRDA:657,113,1,135
BRDA:662,114,0,45
BRDA:662,114,1,90
BRDA:663,115,0,15
BRDA:663,115,1,120
BRDA:666,116,0,89
BRDA:666,116,1,46
BRDA:667,117,0,8
BRDA:667,117,1,81
BRDA:669,118,0,30
BRDA:669,118,1,51
BRDA:690,119,0,0
BRDA:690,119,1,11
BRDA:697,120,0,11
BRDA:697,120,1,0
BRDA:716,121,0,0
BRDA:716,121,1,77
BRDA:723,122,0,77
BRDA:723,122,1,0
BRDA:723,123,0,77
BRDA:723,123,1,77
BRDA:724,124,0,66
BRDA:724,124,1,11
BRDA:742,125,0,0
BRDA:742,125,1,46
BRDA:747,126,0,46
BRDA:747,126,1,38
BRDA:752,127,0,0
BRDA:752,127,1,46
BRDA:756,128,0,30
BRDA:756,128,1,16
BRDA:756,129,0,46
BRDA:756,129,1,30
BRDA:757,130,0,0
BRDA:757,130,1,30
BRDA:764,131,0,8
BRDA:764,131,1,22
BRDA:773,132,0,0
BRDA:773,132,1,22
BRDA:776,133,0,22
BRDA:776,133,1,0
BRDA:797,134,0,0
BRDA:797,134,1,0
BRDA:802,135,0,0
BRDA:802,135,1,0
BRDA:803,136,0,0
BRDA:803,136,1,0
BRDA:812,137,0,0
BRDA:812,137,1,0
BRDA:816,138,0,0
BRDA:816,138,1,0
BRDA:818,139,0,0
BRDA:818,139,1,0
BRDA:825,140,0,0
BRDA:825,140,1,0
BRDA:832,141,0,0
BRDA:832,141,1,0
BRDA:843,142,0,0
BRDA:843,142,1,0
BRDA:846,143,0,0
BRDA:846,143,1,0
BRDA:848,144,0,0
BRDA:848,144,1,0
BRDA:852,145,0,0
BRDA:852,145,1,0
BRDA:878,146,0,0
BRDA:878,146,1,15
BRDA:883,147,0,15
BRDA:883,147,1,11
BRDA:884,148,0,15
BRDA:884,148,1,11
BRDA:887,149,0,0
BRDA:887,149,1,15
BRDA:891,150,0,0
BRDA:891,150,1,15
BRDA:891,151,0,15
BRDA:891,151,1,15
BRDA:897,152,0,4
BRDA:897,152,1,11
BRDA:904,153,0,11
BRDA:904,153,1,0
BRDA:906,154,0,32
BRDA:906,154,1,0
BRDA:912,155,0,0
BRDA:912,155,1,0
BRDA:913,156,0,0
BRDA:913,156,1,0
BRDA:920,157,0,0
BRDA:920,157,1,0
BRDA:921,158,0,0
BRDA:921,158,1,0
BRDA:993,159,0,1
BRDA:993,159,1,0
BRDA:993,160,0,1
BRDA:993,160,1,1
BRDA:993,161,0,0
BRDA:993,161,1,0
BRDA:993,162,0,0
BRDA:993,162,1,0
BRDA:1009,163,0,384
BRDA:1009,163,1,12
BRDA:1025,164,0,27
BRDA:1025,164,1,0
BRDA:1025,165,0,27
BRDA:1025,165,1,27
BRDA:1026,166,0,27
BRDA:1026,166,1,0
BRDA:1026,167,0,27
BRDA:1026,167,1,27
BRDA:1031,168,0,0
BRDA:1031,168,1,27
BRDA:1035,169,0,27
BRDA:1035,169,1,1
BRDA:1041,170,0,0
BRDA:1041,170,1,27
BRDA:1042,171,0,297
BRDA:1042,171,1,297
BRDA:1046,172,0,27
BRDA:1046,172,1,396
BRDA:1046,173,0,423
BRDA:1046,173,1,27
BRDA:1052,174,0,324
BRDA:1052,174,1,99
BRDA:1052,175,0,423
BRDA:1052,175,1,423
BRDA:1053,176,0,12
BRDA:1053,176,1,312
BRDA:1060,177,0,383
BRDA:1060,177,1,598
BRDA:1060,178,0,981
BRDA:1060,178,1,383
BRDA:1061,179,0,383
BRDA:1061,179,1,158
BRDA:1085,180,0,27
BRDA:1085,180,1,0
BRDA:1104,181,0,1
BRDA:1104,181,1,0
BRDA:1104,182,0,1
BRDA:1104,182,1,1
BRDA:1106,183,0,1
BRDA:1106,183,1,0
BRDA:1106,184,0,1
BRDA:1106,184,1,1
BRDA:1106,185,0,0
BRDA:1106,185,1,0
BRDA:1106,186,0,0
BRDA:1106,186,1,0
BRDA:1112,187,0,0
BRDA:1112,187,1,0
BRDA:1112,188,0,0
BRDA:1112,188,1,0
BRDA:1114,189,0,0
BRDA:1114,189,1,0
BRDA:1117,190,0,0
BRDA:1117,190,1,0
BRDA:1123,191,0,28
BRDA:1123,191,1,1
BRDA:1123,192,0,29
BRDA:1123,192,1,28
BRDA:1147,193,0,1
BRDA:1147,193,1,0
BRDA:1147,194,0,1
BRDA:1147,194,1,1
BRDA:1147,195,0,0
BRDA:1147,195,1,0
BRDA:1147,196,0,0
BRDA:1147,196,1,0
BRDA:1162,197,0,0
BRDA:1162,197,1,0
BRDA:1162,198,0,0
BRDA:1162,198,1,0
BRDA:1163,199,0,0
BRDA:1163,199,1,0
BRDA:1163,200,0,0
BRDA:1163,200,1,0
BRDA:1165,201,0,0
BRDA:1165,201,1,0
BRDA:1165,202,0,0
BRDA:1165,202,1,0
BRDA:1167,203,0,0
BRDA:1167,203,1,0
BRDA:1167,204,0,0
BRDA:1167,204,1,0
BRDA:1167,204,2,0
BRDA:1167,204,3,0
BRDA:1175,205,0,0
BRDA:1175,205,1,0
BRDA:1178,206,0,0
BRDA:1178,206,1,0
BRDA:1185,207,0,0
BRDA:1185,207,1,0
BRDA:1194,208,0,0
BRDA:1194,208,1,0
BRDA:1194,209,0,0
BRDA:1194,209,1,0
BRDA:1195,210,0,0
BRDA:1195,210,1,0
BRDA:1195,211,0,0
BRDA:1195,211,1,0
BRDA:1202,212,0,0
BRDA:1202,212,1,0
BRDA:1202,213,0,0
BRDA:1202,213,1,0
BRDA:1203,214,0,0
BRDA:1203,214,1,0
BRDA:1203,215,0,0
BRDA:1203,215,1,0
BRDA:1205,216,0,0
BRDA:1205,216,1,0
BRDA:1205,217,0,0
BRDA:1205,217,1,0
BRDA:1215,218,0,0
BRDA:1215,218,1,0
BRDA:1219,219,0,0
BRDA:1219,219,1,0
BRDA:1226,220,0,0
BRDA:1226,220,1,0
BRDA:1237,221,0,0
BRDA:1237,221,1,0
BRDA:1237,222,0,0
BRDA:1237,222,1,0
BRDA:1239,223,0,0
BRDA:1239,223,1,0
BRDA:1252,224,0,0
BRDA:1252,224,1,0
BRDA:1252,225,0,0
BRDA:1252,225,1,0
BRDA:1254,226,0,0
BRDA:1254,226,1,0
BRDA:1254,227,0,0
BRDA:1254,227,1,0
BRDA:1262,228,0,0
BRDA:1262,228,1,0
BRDA:1264,229,0,0
BRDA:1264,229,1,0
BRDA:1286,230,0,0
BRDA:1286,230,1,1
BRDA:1286,231,0,1
BRDA:1286,231,1,0
BRDA:1286,232,0,0
BRDA:1286,232,1,56
BRDA:1286,233,0,56
BRDA:1286,233,1,56
BRDA:1286,233,2,0
BRDA:1286,233,3,0
BRDA:1289,234,0,1
BRDA:1289,234,1,0
BRDA:1307,235,0,0
BRDA:1307,235,1,0
BRDA:1311,236,0,56
BRDA:1311,236,1,56
BRDA:1311,236,2,56
BRDA:1311,237,0,0
BRDA:1311,237,1,56
BRDA:1318,238,0,0
BRDA:1318,238,1,15
BRDA:1324,239,0,0
BRDA:1324,239,1,15
BRDA:1328,240,0,0
BRDA:1328,240,1,15
BRDA:1331,241,0,0
BRDA:1331,241,1,15
BRDA:1340,242,0,26
BRDA:1340,242,1,0
BRDA:1409,243,0,0
BRDA:1409,243,1,0
BRDA:1409,244,0,0
BRDA:1409,244,1,0
BRDA:1433,245,0,27
BRDA:1433,245,1,0
BRDA:1433,246,0,27
BRDA:1433,246,1,27
BRDA:1445,247,0,0
BRDA:1445,247,1,32
BRDA:1470,248,0,0
BRDA:1470,248,1,0
BRDA:1470,249,0,0
BRDA:1470,249,1,0
BRDA:1470,249,2,0
BRDA:1473,250,0,0
BRDA:1473,250,1,0
BRDA:1475,251,0,0
BRDA:1475,251,1,0
BRDA:1480,252,0,0
BRDA:1480,252,1,0
BRDA:1487,253,0,0
BRDA:1487,253,1,0
BRDA:1489,254,0,0
BRDA:1489,254,1,0
BRDA:1509,255,0,0
BRDA:1509,255,1,0
BRDA:1509,256,0,0
BRDA:1509,256,1,0
BRDA:1512,257,0,0
BRDA:1512,257,1,0
BRDA:1516,258,0,0
BRDA:1516,258,1,0
BRDA:1520,259,0,0
BRDA:1520,259,1,0
BRDA:1524,260,0,0
BRDA:1524,260,1,0
BRDA:1524,261,0,0
BRDA:1524,261,1,0
BRDA:1526,262,0,0
BRDA:1526,262,1,0
BRDA:1527,263,0,0
BRDA:1527,263,1,0
BRDA:1541,264,0,0
BRDA:1541,264,1,0
BRDA:1541,265,0,0
BRDA:1541,265,1,0
BRDA:1545,266,0,0
BRDA:1545,266,1,0
BRF:553
BRH:218
end_of_record
