TN:
SF:dist\js\dataBind.js
FN:7,e
FN:7,s
FN:7,(anonymous_3)
FN:7,(anonymous_4)
FN:14,(anonymous_5)
FN:14,(anonymous_6)
FN:16,(anonymous_7)
FN:16,defineProperties
FN:16,(anonymous_9)
FN:38,_interopRequireDefault
FN:40,_interopRequireWildcard
FN:42,_classCallCheck
FN:46,(anonymous_13)
FN:47,Binder
FN:83,parseView
FN:104,(anonymous_16)
FN:115,updateElementCache
FN:126,(anonymous_18)
FN:146,render
FN:194,(anonymous_20)
FN:201,(anonymous_21)
FN:213,applyBinding
FN:223,(anonymous_23)
FN:229,(anonymous_24)
FN:236,(anonymous_25)
FN:243,(anonymous_26)
FN:250,(anonymous_27)
FN:257,(anonymous_28)
FN:264,(anonymous_29)
FN:271,(anonymous_30)
FN:278,(anonymous_31)
FN:285,(anonymous_32)
FN:292,subscribe
FN:301,subscribeOnce
FN:310,unsubscribe
FN:318,unsubscribeAll
FN:324,publish
FN:341,(anonymous_38)
FN:357,_interopRequireWildcard
FN:372,compileTemplate
FN:400,renderTemplate
FN:439,(anonymous_42)
FN:480,clickBinding
FN:491,(anonymous_44)
FN:505,dblclickBinding
FN:516,(anonymous_46)
FN:530,blurBinding
FN:541,(anonymous_48)
FN:555,focusBinding
FN:566,(anonymous_50)
FN:579,changeBinding
FN:599,(anonymous_52)
FN:619,modelBinding
FN:657,submitBinding
FN:673,(anonymous_55)
FN:687,textBinding
FN:715,showBinding
FN:770,cssBinding
FN:818,(anonymous_59)
FN:823,(anonymous_60)
FN:856,(anonymous_61)
FN:891,(anonymous_62)
FN:906,_interopRequireWildcard
FN:917,walkDOM
FN:929,getAttributesObject
FN:931,(anonymous_66)
FN:937,createBindingCache
FN:952,rootSkipCheck
FN:956,(anonymous_69)
FN:960,parseNode
FN:976,(anonymous_71)
FN:1008,(anonymous_72)
FN:1023,_interopRequireDefault
FN:1025,_interopRequireWildcard
FN:1030,use
FN:1041,init
FN:1059,(anonymous_77)
FN:1071,_interopRequireWildcard
FN:1085,subscribeEvent
FN:1101,(anonymous_80)
FN:1117,subscribeEventOnce
FN:1125,unsubscribeEvent
FN:1160,unsubscribeAllEvent
FN:1166,(anonymous_84)
FN:1171,publishEvent
FN:1184,(anonymous_86)
FN:1185,(anonymous_87)
FN:1203,(anonymous_88)
FN:1217,generateElementCache
FN:1219,(anonymous_90)
FN:1232,getViewModelValue
FN:1241,setViewModelValue
FN:1245,parseStringToJson
FN:1257,arrayRemoveMatch
FN:1258,(anonymous_95)
FN:1263,getFormData
FN:1266,(anonymous_97)
FN:1279,getFunctionParameterList
FN:1284,(anonymous_99)
FN:1291,invertObj
FN:1292,(anonymous_101)
FN:1304,debounceRaf
FN:1307,(anonymous_103)
FN:1312,(anonymous_104)
FN:1320,(anonymous_105)
FNF:105
FNH:81
FNDA:1,e
FNDA:14,s
FNDA:13,(anonymous_3)
FNDA:1,(anonymous_4)
FNDA:0,(anonymous_5)
FNDA:43,(anonymous_6)
FNDA:1,(anonymous_7)
FNDA:1,defineProperties
FNDA:1,(anonymous_9)
FNDA:1,_interopRequireDefault
FNDA:4,_interopRequireWildcard
FNDA:45,_classCallCheck
FNDA:1,(anonymous_13)
FNDA:45,Binder
FNDA:43,parseView
FNDA:0,(anonymous_16)
FNDA:13,updateElementCache
FNDA:7,(anonymous_18)
FNDA:50,render
FNDA:1,(anonymous_20)
FNDA:7,(anonymous_21)
FNDA:57,applyBinding
FNDA:67,(anonymous_23)
FNDA:90,(anonymous_24)
FNDA:4,(anonymous_25)
FNDA:124,(anonymous_26)
FNDA:132,(anonymous_27)
FNDA:21,(anonymous_28)
FNDA:53,(anonymous_29)
FNDA:9,(anonymous_30)
FNDA:9,(anonymous_31)
FNDA:0,(anonymous_32)
FNDA:18,subscribe
FNDA:0,subscribeOnce
FNDA:0,unsubscribe
FNDA:0,unsubscribeAll
FNDA:7,publish
FNDA:1,(anonymous_38)
FNDA:2,_interopRequireWildcard
FNDA:1,compileTemplate
FNDA:1,renderTemplate
FNDA:0,(anonymous_42)
FNDA:53,clickBinding
FNDA:0,(anonymous_44)
FNDA:9,dblclickBinding
FNDA:0,(anonymous_46)
FNDA:9,blurBinding
FNDA:1,(anonymous_48)
FNDA:0,focusBinding
FNDA:0,(anonymous_50)
FNDA:132,changeBinding
FNDA:9,(anonymous_52)
FNDA:124,modelBinding
FNDA:21,submitBinding
FNDA:1,(anonymous_55)
FNDA:90,textBinding
FNDA:67,showBinding
FNDA:4,cssBinding
FNDA:0,(anonymous_59)
FNDA:0,(anonymous_60)
FNDA:1,(anonymous_61)
FNDA:1,(anonymous_62)
FNDA:2,_interopRequireWildcard
FNDA:1063,walkDOM
FNDA:952,getAttributesObject
FNDA:2491,(anonymous_66)
FNDA:50,createBindingCache
FNDA:50,rootSkipCheck
FNDA:914,(anonymous_69)
FNDA:1075,parseNode
FNDA:2491,(anonymous_71)
FNDA:1,(anonymous_72)
FNDA:1,_interopRequireDefault
FNDA:2,_interopRequireWildcard
FNDA:0,use
FNDA:45,init
FNDA:1,(anonymous_77)
FNDA:1,_interopRequireWildcard
FNDA:18,subscribeEvent
FNDA:45,(anonymous_80)
FNDA:0,subscribeEventOnce
FNDA:0,unsubscribeEvent
FNDA:0,unsubscribeAllEvent
FNDA:0,(anonymous_84)
FNDA:7,publishEvent
FNDA:42,(anonymous_86)
FNDA:84,(anonymous_87)
FNDA:1,(anonymous_88)
FNDA:0,generateElementCache
FNDA:0,(anonymous_90)
FNDA:517,getViewModelValue
FNDA:8,setViewModelValue
FNDA:1,parseStringToJson
FNDA:0,arrayRemoveMatch
FNDA:0,(anonymous_95)
FNDA:1,getFormData
FNDA:2,(anonymous_97)
FNDA:0,getFunctionParameterList
FNDA:0,(anonymous_99)
FNDA:1,invertObj
FNDA:12,(anonymous_101)
FNDA:43,debounceRaf
FNDA:43,(anonymous_103)
FNDA:90,(anonymous_104)
FNDA:50,(anonymous_105)
DA:7,14
DA:10,1
DA:14,43
DA:16,9
DA:18,1
DA:20,1
DA:22,1
DA:24,1
DA:26,1
DA:28,1
DA:30,1
DA:32,1
DA:34,1
DA:36,1
DA:38,1
DA:40,4
DA:42,45
DA:44,1
DA:46,1
DA:47,1
DA:48,45
DA:50,45
DA:51,2
DA:54,43
DA:56,43
DA:58,43
DA:60,43
DA:62,43
DA:64,43
DA:66,43
DA:68,43
DA:70,43
DA:81,1
DA:84,43
DA:87,43
DA:88,0
DA:92,43
DA:94,43
DA:97,43
DA:98,12
DA:99,12
DA:103,31
DA:104,0
DA:105,0
DA:109,0
DA:111,31
DA:116,13
DA:118,13
DA:120,13
DA:121,0
DA:123,13
DA:125,13
DA:126,7
DA:127,7
DA:147,50
DA:149,50
DA:151,50
DA:175,50
DA:177,43
DA:178,12
DA:179,12
DA:181,31
DA:185,7
DA:189,50
DA:191,7
DA:192,1
DA:194,1
DA:195,1
DA:198,1
DA:201,7
DA:202,7
DA:207,50
DA:209,50
DA:214,57
DA:216,57
DA:217,0
DA:222,57
DA:223,38
DA:224,67
DA:228,57
DA:229,36
DA:230,90
DA:235,57
DA:236,1
DA:237,4
DA:242,57
DA:243,16
DA:244,124
DA:249,57
DA:250,28
DA:251,132
DA:256,57
DA:257,21
DA:258,21
DA:263,57
DA:264,13
DA:265,53
DA:270,57
DA:271,9
DA:272,9
DA:277,57
DA:278,9
DA:279,9
DA:284,57
DA:285,0
DA:286,0
DA:293,18
DA:294,18
DA:296,18
DA:297,18
DA:302,0
DA:303,0
DA:305,0
DA:306,0
DA:311,0
DA:313,0
DA:314,0
DA:319,0
DA:320,0
DA:325,7
DA:327,7
DA:328,7
DA:331,7
DA:332,7
DA:336,1
DA:339,1
DA:344,1
DA:347,1
DA:349,1
DA:351,1
DA:353,1
DA:355,1
DA:357,2
DA:359,1
DA:372,1
DA:373,1
DA:375,1
DA:378,1
DA:379,0
DA:381,1
DA:382,1
DA:383,1
DA:387,1
DA:400,1
DA:401,1
DA:411,1
DA:412,0
DA:415,1
DA:416,1
DA:417,1
DA:418,0
DA:420,1
DA:421,1
DA:422,1
DA:426,1
DA:427,1
DA:428,1
DA:430,0
DA:431,0
DA:435,1
DA:437,1
DA:438,0
DA:439,0
DA:440,0
DA:444,0
DA:446,0
DA:447,0
DA:452,1
DA:454,1
DA:455,0
DA:457,1
DA:458,0
DA:460,1
DA:463,1
DA:465,1
DA:466,0
DA:480,1
DA:481,53
DA:484,53
DA:485,0
DA:488,53
DA:490,53
DA:491,53
DA:492,0
DA:505,1
DA:506,9
DA:509,9
DA:510,0
DA:513,9
DA:515,9
DA:516,9
DA:517,0
DA:530,1
DA:531,9
DA:534,9
DA:535,0
DA:538,9
DA:540,9
DA:541,9
DA:542,1
DA:555,1
DA:556,0
DA:559,0
DA:560,0
DA:563,0
DA:565,0
DA:566,0
DA:567,0
DA:579,1
DA:580,132
DA:588,132
DA:589,0
DA:592,132
DA:594,132
DA:596,132
DA:597,132
DA:599,132
DA:600,9
DA:602,9
DA:603,8
DA:604,8
DA:606,9
DA:607,9
DA:619,1
DA:620,124
DA:623,124
DA:624,0
DA:627,124
DA:629,124
DA:630,121
DA:638,121
DA:639,77
DA:640,6
DA:641,71
DA:642,26
DA:644,45
DA:657,1
DA:658,21
DA:663,21
DA:664,0
DA:667,21
DA:668,21
DA:670,21
DA:673,21
DA:674,1
DA:687,1
DA:688,90
DA:692,90
DA:693,0
DA:695,90
DA:696,90
DA:698,90
DA:699,90
DA:701,61
DA:715,1
DA:716,67
DA:718,67
DA:719,0
DA:722,67
DA:728,67
DA:729,67
DA:732,67
DA:733,51
DA:734,0
DA:737,51
DA:740,51
DA:741,8
DA:745,43
DA:746,43
DA:749,43
DA:750,15
DA:752,43
DA:753,27
DA:755,16
DA:770,1
DA:771,4
DA:773,4
DA:774,0
DA:777,4
DA:788,4
DA:789,0
DA:792,4
DA:793,0
DA:794,4
DA:795,1
DA:798,3
DA:801,1
DA:802,0
DA:804,1
DA:805,1
DA:808,1
DA:809,1
DA:813,0
DA:816,0
DA:818,0
DA:819,0
DA:822,0
DA:823,0
DA:824,0
DA:825,0
DA:826,0
DA:827,0
DA:828,0
DA:831,0
DA:833,0
DA:834,0
DA:838,0
DA:840,0
DA:842,0
DA:845,1
DA:846,1
DA:847,1
DA:848,1
DA:849,1
DA:850,1
DA:851,1
DA:852,1
DA:853,1
DA:854,1
DA:859,1
DA:862,1
DA:886,1
DA:887,1
DA:888,1
DA:889,1
DA:894,1
DA:898,1
DA:900,1
DA:902,1
DA:904,1
DA:906,2
DA:908,1
DA:917,1
DA:918,1063
DA:919,1063
DA:920,1063
DA:921,1025
DA:922,1025
DA:923,1013
DA:925,1025
DA:929,1
DA:930,952
DA:931,952
DA:932,2491
DA:934,952
DA:937,1
DA:938,50
DA:939,50
DA:940,50
DA:942,50
DA:946,50
DA:947,0
DA:950,50
DA:952,50
DA:953,50
DA:956,50
DA:957,914
DA:960,50
DA:961,1075
DA:963,1075
DA:969,1075
DA:970,964
DA:971,12
DA:974,952
DA:976,952
DA:977,2491
DA:978,617
DA:979,617
DA:980,617
DA:993,617
DA:997,1063
DA:1000,50
DA:1001,50
DA:1003,50
DA:1006,1
DA:1011,1
DA:1013,1
DA:1015,1
DA:1017,1
DA:1019,1
DA:1021,1
DA:1023,1
DA:1025,2
DA:1027,1
DA:1030,1
DA:1031,0
DA:1033,0
DA:1034,0
DA:1036,0
DA:1037,0
DA:1041,1
DA:1042,45
DA:1044,45
DA:1045,45
DA:1054,1
DA:1062,1
DA:1065,1
DA:1067,1
DA:1069,1
DA:1071,1
DA:1083,1
DA:1085,1
DA:1086,18
DA:1087,18
DA:1088,18
DA:1089,18
DA:1091,18
DA:1092,0
DA:1095,18
DA:1098,18
DA:1099,18
DA:1101,18
DA:1102,45
DA:1103,0
DA:1104,0
DA:1105,0
DA:1109,18
DA:1110,18
DA:1111,18
DA:1112,18
DA:1113,18
DA:1117,1
DA:1118,0
DA:1119,0
DA:1120,0
DA:1122,0
DA:1125,1
DA:1126,0
DA:1127,0
DA:1129,0
DA:1130,0
DA:1133,0
DA:1137,0
DA:1139,0
DA:1140,0
DA:1141,0
DA:1142,0
DA:1143,0
DA:1144,0
DA:1145,0
DA:1150,0
DA:1151,0
DA:1160,1
DA:1161,0
DA:1163,0
DA:1164,0
DA:1166,0
DA:1167,0
DA:1171,1
DA:1172,7
DA:1173,7
DA:1176,7
DA:1178,7
DA:1179,0
DA:1182,7
DA:1184,7
DA:1185,42
DA:1186,84
DA:1187,42
DA:1188,42
DA:1189,0
DA:1191,42
DA:1197,1
DA:1198,1
DA:1199,1
DA:1200,1
DA:1201,1
DA:1206,1
DA:1210,1
DA:1212,1
DA:1217,1
DA:1218,0
DA:1219,0
DA:1220,0
DA:1222,0
DA:1232,1
DA:1233,517
DA:1241,1
DA:1242,8
DA:1245,1
DA:1247,1
DA:1248,1
DA:1257,1
DA:1258,0
DA:1259,0
DA:1263,1
DA:1264,1
DA:1266,1
DA:1267,2
DA:1270,1
DA:1279,1
DA:1280,0
DA:1282,0
DA:1283,0
DA:1284,0
DA:1285,0
DA:1288,0
DA:1291,1
DA:1292,1
DA:1293,12
DA:1294,12
DA:1304,1
DA:1305,43
DA:1307,43
DA:1308,43
DA:1312,43
DA:1313,90
DA:1315,90
DA:1317,90
DA:1319,90
DA:1320,90
DA:1321,50
DA:1322,50
DA:1324,90
DA:1329,1
DA:1330,1
DA:1331,1
DA:1332,1
DA:1333,1
DA:1334,1
DA:1335,1
DA:1336,1
DA:1337,1
DA:1338,1
LF:524
LH:406
BRDA:7,1,0,7
BRDA:7,1,1,7
BRDA:7,2,0,0
BRDA:7,2,1,7
BRDA:7,3,0,0
BRDA:7,3,1,0
BRDA:7,4,0,0
BRDA:7,4,1,0
BRDA:7,5,0,0
BRDA:7,5,1,0
BRDA:7,6,0,0
BRDA:7,6,1,0
BRDA:7,7,0,13
BRDA:7,7,1,0
BRDA:7,8,0,1
BRDA:7,8,1,0
BRDA:14,9,0,0
BRDA:14,9,1,1
BRDA:14,10,0,1
BRDA:14,10,1,0
BRDA:14,11,0,0
BRDA:14,11,1,43
BRDA:14,12,0,43
BRDA:14,12,1,43
BRDA:14,12,2,0
BRDA:14,12,3,0
BRDA:16,13,0,9
BRDA:16,13,1,9
BRDA:16,14,0,9
BRDA:16,14,1,0
BRDA:16,15,0,1
BRDA:16,15,1,0
BRDA:16,16,0,0
BRDA:16,16,1,1
BRDA:38,17,0,1
BRDA:38,17,1,0
BRDA:38,18,0,1
BRDA:38,18,1,1
BRDA:40,19,0,4
BRDA:40,19,1,0
BRDA:40,20,0,4
BRDA:40,20,1,4
BRDA:40,21,0,0
BRDA:40,21,1,0
BRDA:40,22,0,0
BRDA:40,22,1,0
BRDA:42,23,0,0
BRDA:42,23,1,45
BRDA:50,24,0,2
BRDA:50,24,1,43
BRDA:50,25,0,45
BRDA:50,25,1,45
BRDA:50,25,2,43
BRDA:50,25,3,43
BRDA:50,26,0,0
BRDA:50,26,1,43
BRDA:87,27,0,0
BRDA:87,27,1,43
BRDA:97,28,0,12
BRDA:97,28,1,31
BRDA:97,29,0,43
BRDA:97,29,1,12
BRDA:103,30,0,0
BRDA:103,30,1,31
BRDA:103,31,0,31
BRDA:103,31,1,0
BRDA:118,32,0,13
BRDA:118,32,1,0
BRDA:118,33,0,13
BRDA:118,33,1,13
BRDA:120,34,0,0
BRDA:120,34,1,13
BRDA:123,35,0,13
BRDA:123,35,1,0
BRDA:123,36,0,13
BRDA:123,36,1,13
BRDA:125,37,0,7
BRDA:125,37,1,6
BRDA:125,38,0,13
BRDA:125,38,1,7
BRDA:149,39,0,1
BRDA:149,39,1,49
BRDA:149,40,0,50
BRDA:149,40,1,1
BRDA:175,41,0,43
BRDA:175,41,1,7
BRDA:177,42,0,12
BRDA:177,42,1,31
BRDA:189,43,0,7
BRDA:189,43,1,43
BRDA:189,44,0,50
BRDA:189,44,1,7
BRDA:191,45,0,1
BRDA:191,45,1,6
BRDA:216,46,0,0
BRDA:216,46,1,57
BRDA:216,47,0,57
BRDA:216,47,1,0
BRDA:222,48,0,38
BRDA:222,48,1,19
BRDA:222,49,0,57
BRDA:222,49,1,39
BRDA:222,49,2,38
BRDA:228,50,0,36
BRDA:228,50,1,21
BRDA:228,51,0,57
BRDA:228,51,1,39
BRDA:228,51,2,36
BRDA:235,52,0,1
BRDA:235,52,1,56
BRDA:235,53,0,57
BRDA:235,53,1,39
BRDA:235,53,2,1
BRDA:242,54,0,16
BRDA:242,54,1,41
BRDA:242,55,0,57
BRDA:242,55,1,39
BRDA:242,55,2,16
BRDA:249,56,0,28
BRDA:249,56,1,29
BRDA:249,57,0,57
BRDA:249,57,1,51
BRDA:249,57,2,28
BRDA:256,58,0,21
BRDA:256,58,1,36
BRDA:256,59,0,57
BRDA:256,59,1,51
BRDA:256,59,2,21
BRDA:263,60,0,13
BRDA:263,60,1,44
BRDA:263,61,0,57
BRDA:263,61,1,51
BRDA:263,61,2,13
BRDA:270,62,0,9
BRDA:270,62,1,48
BRDA:270,63,0,57
BRDA:270,63,1,51
BRDA:270,63,2,9
BRDA:277,64,0,9
BRDA:277,64,1,48
BRDA:277,65,0,57
BRDA:277,65,1,51
BRDA:277,65,2,9
BRDA:284,66,0,0
BRDA:284,66,1,57
BRDA:284,67,0,57
BRDA:284,67,1,0
BRDA:284,67,2,0
BRDA:293,68,0,18
BRDA:293,68,1,0
BRDA:293,69,0,18
BRDA:293,69,1,18
BRDA:302,70,0,0
BRDA:302,70,1,0
BRDA:302,71,0,0
BRDA:302,71,1,0
BRDA:311,72,0,0
BRDA:311,72,1,0
BRDA:311,73,0,0
BRDA:311,73,1,0
BRDA:325,74,0,7
BRDA:325,74,1,0
BRDA:325,75,0,7
BRDA:325,75,1,7
BRDA:357,76,0,2
BRDA:357,76,1,0
BRDA:357,77,0,2
BRDA:357,77,1,2
BRDA:357,78,0,0
BRDA:357,78,1,0
BRDA:357,79,0,0
BRDA:357,79,1,0
BRDA:373,80,0,1
BRDA:373,80,1,0
BRDA:373,81,0,1
BRDA:373,81,1,1
BRDA:378,82,0,0
BRDA:378,82,1,1
BRDA:382,83,0,0
BRDA:382,83,1,1
BRDA:402,84,0,1
BRDA:402,84,1,0
BRDA:411,85,0,0
BRDA:411,85,1,1
BRDA:417,86,0,0
BRDA:417,86,1,1
BRDA:420,87,0,0
BRDA:420,87,1,1
BRDA:421,88,0,0
BRDA:421,88,1,1
BRDA:426,89,0,1
BRDA:426,89,1,0
BRDA:437,90,0,0
BRDA:437,90,1,1
BRDA:452,91,0,1
BRDA:452,91,1,0
BRDA:454,92,0,0
BRDA:454,92,1,1
BRDA:454,93,0,1
BRDA:454,93,1,0
BRDA:457,94,0,0
BRDA:457,94,1,1
BRDA:465,95,0,0
BRDA:465,95,1,1
BRDA:484,96,0,0
BRDA:484,96,1,53
BRDA:490,97,0,53
BRDA:490,97,1,0
BRDA:509,98,0,0
BRDA:509,98,1,9
BRDA:515,99,0,9
BRDA:515,99,1,0
BRDA:534,100,0,0
BRDA:534,100,1,9
BRDA:540,101,0,9
BRDA:540,101,1,0
BRDA:559,102,0,0
BRDA:559,102,1,0
BRDA:565,103,0,0
BRDA:565,103,1,0
BRDA:588,104,0,0
BRDA:588,104,1,132
BRDA:596,105,0,132
BRDA:596,105,1,0
BRDA:600,106,0,1
BRDA:600,106,1,8
BRDA:602,107,0,8
BRDA:602,107,1,1
BRDA:623,108,0,0
BRDA:623,108,1,124
BRDA:629,109,0,121
BRDA:629,109,1,3
BRDA:629,110,0,124
BRDA:629,110,1,121
BRDA:634,111,0,39
BRDA:634,111,1,82
BRDA:635,112,0,13
BRDA:635,112,1,108
BRDA:638,113,0,77
BRDA:638,113,1,44
BRDA:639,114,0,6
BRDA:639,114,1,71
BRDA:641,115,0,26
BRDA:641,115,1,45
BRDA:663,116,0,0
BRDA:663,116,1,21
BRDA:670,117,0,21
BRDA:670,117,1,0
BRDA:692,118,0,0
BRDA:692,118,1,90
BRDA:698,119,0,90
BRDA:698,119,1,0
BRDA:698,120,0,90
BRDA:698,120,1,90
BRDA:699,121,0,61
BRDA:699,121,1,29
BRDA:718,122,0,0
BRDA:718,122,1,67
BRDA:723,123,0,67
BRDA:723,123,1,57
BRDA:728,124,0,15
BRDA:728,124,1,52
BRDA:732,125,0,51
BRDA:732,125,1,16
BRDA:732,126,0,67
BRDA:732,126,1,51
BRDA:733,127,0,0
BRDA:733,127,1,51
BRDA:740,128,0,8
BRDA:740,128,1,43
BRDA:749,129,0,15
BRDA:749,129,1,28
BRDA:752,130,0,27
BRDA:752,130,1,16
BRDA:773,131,0,0
BRDA:773,131,1,4
BRDA:778,132,0,4
BRDA:778,132,1,4
BRDA:779,133,0,4
BRDA:779,133,1,4
BRDA:788,134,0,0
BRDA:788,134,1,4
BRDA:792,135,0,0
BRDA:792,135,1,4
BRDA:794,136,0,1
BRDA:794,136,1,3
BRDA:801,137,0,0
BRDA:801,137,1,1
BRDA:808,138,0,1
BRDA:808,138,1,0
BRDA:822,139,0,0
BRDA:822,139,1,0
BRDA:825,140,0,0
BRDA:825,140,1,0
BRDA:827,141,0,0
BRDA:827,141,1,0
BRDA:831,142,0,0
BRDA:831,142,1,0
BRDA:906,143,0,2
BRDA:906,143,1,0
BRDA:906,144,0,2
BRDA:906,144,1,2
BRDA:906,145,0,0
BRDA:906,145,1,0
BRDA:906,146,0,0
BRDA:906,146,1,0
BRDA:922,147,0,1013
BRDA:922,147,1,12
BRDA:938,148,0,50
BRDA:938,148,1,0
BRDA:938,149,0,50
BRDA:938,149,1,50
BRDA:939,150,0,50
BRDA:939,150,1,0
BRDA:939,151,0,50
BRDA:939,151,1,50
BRDA:946,152,0,0
BRDA:946,152,1,50
BRDA:950,153,0,50
BRDA:950,153,1,1
BRDA:956,154,0,0
BRDA:956,154,1,50
BRDA:957,155,0,914
BRDA:957,155,1,914
BRDA:961,156,0,50
BRDA:961,156,1,1025
BRDA:961,157,0,1075
BRDA:961,157,1,50
BRDA:969,158,0,964
BRDA:969,158,1,111
BRDA:969,159,0,1075
BRDA:969,159,1,1075
BRDA:970,160,0,12
BRDA:970,160,1,952
BRDA:977,161,0,617
BRDA:977,161,1,1874
BRDA:977,162,0,2491
BRDA:977,162,1,617
BRDA:978,163,0,617
BRDA:978,163,1,262
BRDA:1000,164,0,50
BRDA:1000,164,1,0
BRDA:1023,165,0,1
BRDA:1023,165,1,0
BRDA:1023,166,0,1
BRDA:1023,166,1,1
BRDA:1025,167,0,2
BRDA:1025,167,1,0
BRDA:1025,168,0,2
BRDA:1025,168,1,2
BRDA:1025,169,0,0
BRDA:1025,169,1,0
BRDA:1025,170,0,0
BRDA:1025,170,1,0
BRDA:1031,171,0,0
BRDA:1031,171,1,0
BRDA:1031,172,0,0
BRDA:1031,172,1,0
BRDA:1033,173,0,0
BRDA:1033,173,1,0
BRDA:1036,174,0,0
BRDA:1036,174,1,0
BRDA:1042,175,0,44
BRDA:1042,175,1,1
BRDA:1042,176,0,45
BRDA:1042,176,1,44
BRDA:1071,177,0,1
BRDA:1071,177,1,0
BRDA:1071,178,0,1
BRDA:1071,178,1,1
BRDA:1071,179,0,0
BRDA:1071,179,1,0
BRDA:1071,180,0,0
BRDA:1071,180,1,0
BRDA:1086,181,0,18
BRDA:1086,181,1,0
BRDA:1086,182,0,18
BRDA:1086,182,1,18
BRDA:1087,183,0,18
BRDA:1087,183,1,0
BRDA:1087,184,0,18
BRDA:1087,184,1,18
BRDA:1089,185,0,0
BRDA:1089,185,1,18
BRDA:1089,186,0,18
BRDA:1089,186,1,0
BRDA:1091,187,0,0
BRDA:1091,187,1,18
BRDA:1091,188,0,18
BRDA:1091,188,1,18
BRDA:1091,188,2,18
BRDA:1091,188,3,18
BRDA:1099,189,0,18
BRDA:1099,189,1,3
BRDA:1102,190,0,0
BRDA:1102,190,1,45
BRDA:1109,191,0,18
BRDA:1109,191,1,0
BRDA:1118,192,0,0
BRDA:1118,192,1,0
BRDA:1118,193,0,0
BRDA:1118,193,1,0
BRDA:1119,194,0,0
BRDA:1119,194,1,0
BRDA:1119,195,0,0
BRDA:1119,195,1,0
BRDA:1126,196,0,0
BRDA:1126,196,1,0
BRDA:1126,197,0,0
BRDA:1126,197,1,0
BRDA:1127,198,0,0
BRDA:1127,198,1,0
BRDA:1127,199,0,0
BRDA:1127,199,1,0
BRDA:1129,200,0,0
BRDA:1129,200,1,0
BRDA:1129,201,0,0
BRDA:1129,201,1,0
BRDA:1139,202,0,0
BRDA:1139,202,1,0
BRDA:1143,203,0,0
BRDA:1143,203,1,0
BRDA:1150,204,0,0
BRDA:1150,204,1,0
BRDA:1161,205,0,0
BRDA:1161,205,1,0
BRDA:1161,206,0,0
BRDA:1161,206,1,0
BRDA:1163,207,0,0
BRDA:1163,207,1,0
BRDA:1176,208,0,7
BRDA:1176,208,1,0
BRDA:1176,209,0,7
BRDA:1176,209,1,7
BRDA:1178,210,0,0
BRDA:1178,210,1,7
BRDA:1178,211,0,7
BRDA:1178,211,1,7
BRDA:1186,212,0,42
BRDA:1186,212,1,42
BRDA:1188,213,0,0
BRDA:1188,213,1,42
BRDA:1210,214,0,1
BRDA:1210,214,1,0
BRDA:1282,215,0,0
BRDA:1282,215,1,0
BRDA:1282,216,0,0
BRDA:1282,216,1,0
BRDA:1305,217,0,43
BRDA:1305,217,1,0
BRDA:1305,218,0,43
BRDA:1305,218,1,43
BRDA:1317,219,0,0
BRDA:1317,219,1,90
BRF:454
BRH:276
end_of_record
