{"dist\\js\\dataBind.js":{"path":"dist\\js\\dataBind.js","s":{"1":1,"2":1,"3":1,"4":12,"5":7,"6":0,"7":0,"8":0,"9":0,"10":0,"11":0,"12":0,"13":7,"14":7,"15":11,"16":11,"17":12,"18":1,"19":1,"20":1,"21":1,"22":1,"23":1,"24":1,"25":0,"26":27,"27":1,"28":1,"29":2,"30":9,"31":9,"32":9,"33":9,"34":9,"35":9,"36":1,"37":1,"38":1,"39":1,"40":1,"41":1,"42":1,"43":1,"44":1,"45":1,"46":1,"47":1,"48":1,"49":1,"50":1,"51":1,"52":1,"53":1,"54":1,"55":4,"56":4,"57":0,"58":0,"59":0,"60":0,"61":0,"62":0,"63":0,"64":1,"65":29,"66":0,"67":1,"68":1,"69":1,"70":1,"71":29,"72":29,"73":2,"74":27,"75":27,"76":27,"77":27,"78":27,"79":27,"80":27,"81":27,"82":27,"83":27,"84":1,"85":27,"86":27,"87":27,"88":27,"89":0,"90":0,"91":27,"92":0,"93":0,"94":0,"95":27,"96":0,"97":0,"98":0,"99":0,"100":0,"101":0,"102":0,"103":0,"104":31,"105":31,"106":31,"107":31,"108":31,"109":31,"110":31,"111":27,"112":0,"113":0,"114":27,"115":4,"116":31,"117":0,"118":0,"119":0,"120":0,"121":0,"122":0,"123":0,"124":31,"125":31,"126":0,"127":0,"128":0,"129":0,"130":0,"131":0,"132":0,"133":0,"134":0,"135":0,"136":0,"137":0,"138":0,"139":0,"140":0,"141":0,"142":0,"143":0,"144":31,"145":31,"146":31,"147":0,"148":31,"149":15,"150":15,"151":31,"152":31,"153":46,"154":31,"155":31,"156":77,"157":31,"158":0,"159":0,"160":31,"161":15,"162":135,"163":31,"164":11,"165":99,"166":31,"167":11,"168":11,"169":31,"170":0,"171":0,"172":31,"173":11,"174":11,"175":31,"176":11,"177":11,"178":31,"179":0,"180":0,"181":1,"182":1,"183":1,"184":1,"185":1,"186":1,"187":1,"188":1,"189":1,"190":2,"191":2,"192":0,"193":0,"194":0,"195":0,"196":0,"197":0,"198":0,"199":1,"200":1,"201":1,"202":1,"203":1,"204":1,"205":0,"206":0,"207":0,"208":0,"209":0,"210":0,"211":0,"212":0,"213":0,"214":1,"215":0,"216":0,"217":0,"218":0,"219":0,"220":0,"221":0,"222":0,"223":0,"224":0,"225":0,"226":0,"227":0,"228":0,"229":0,"230":0,"231":0,"232":0,"233":0,"234":0,"235":0,"236":0,"237":0,"238":0,"239":0,"240":0,"241":0,"242":0,"243":0,"244":0,"245":0,"246":0,"247":0,"248":0,"249":0,"250":0,"251":0,"252":0,"253":0,"254":0,"255":1,"256":0,"257":0,"258":0,"259":0,"260":0,"261":0,"262":0,"263":0,"264":0,"265":0,"266":1,"267":11,"268":11,"269":11,"270":11,"271":0,"272":11,"273":11,"274":11,"275":11,"276":0,"277":1,"278":11,"279":11,"280":11,"281":11,"282":0,"283":11,"284":11,"285":11,"286":11,"287":1,"288":1,"289":0,"290":0,"291":0,"292":0,"293":0,"294":0,"295":0,"296":0,"297":0,"298":0,"299":1,"300":99,"301":99,"302":99,"303":99,"304":99,"305":99,"306":99,"307":99,"308":0,"309":99,"310":99,"311":99,"312":99,"313":99,"314":7,"315":7,"316":6,"317":6,"318":7,"319":7,"320":1,"321":135,"322":135,"323":135,"324":0,"325":135,"326":135,"327":135,"328":135,"329":135,"330":135,"331":135,"332":135,"333":135,"334":89,"335":8,"336":81,"337":30,"338":51,"339":1,"340":11,"341":11,"342":11,"343":11,"344":0,"345":11,"346":11,"347":11,"348":11,"349":0,"350":1,"351":77,"352":77,"353":0,"354":77,"355":77,"356":77,"357":77,"358":66,"359":1,"360":46,"361":46,"362":0,"363":46,"364":46,"365":46,"366":46,"367":46,"368":46,"369":46,"370":46,"371":30,"372":0,"373":30,"374":30,"375":8,"376":22,"377":22,"378":22,"379":0,"380":22,"381":22,"382":0,"383":1,"384":0,"385":0,"386":0,"387":0,"388":0,"389":0,"390":0,"391":0,"392":0,"393":0,"394":0,"395":0,"396":0,"397":0,"398":0,"399":0,"400":0,"401":0,"402":0,"403":0,"404":0,"405":0,"406":0,"407":0,"408":0,"409":0,"410":0,"411":0,"412":0,"413":0,"414":0,"415":0,"416":0,"417":0,"418":0,"419":0,"420":0,"421":0,"422":0,"423":0,"424":0,"425":0,"426":0,"427":1,"428":15,"429":15,"430":0,"431":15,"432":15,"433":15,"434":15,"435":15,"436":0,"437":15,"438":0,"439":15,"440":4,"441":11,"442":11,"443":32,"444":32,"445":0,"446":0,"447":0,"448":0,"449":0,"450":0,"451":0,"452":0,"453":11,"454":11,"455":1,"456":1,"457":1,"458":1,"459":1,"460":1,"461":1,"462":1,"463":1,"464":1,"465":1,"466":1,"467":1,"468":1,"469":1,"470":1,"471":1,"472":1,"473":1,"474":1,"475":1,"476":1,"477":1,"478":1,"479":1,"480":1,"481":1,"482":0,"483":0,"484":0,"485":0,"486":0,"487":0,"488":0,"489":1,"490":1,"491":411,"492":411,"493":411,"494":396,"495":396,"496":384,"497":396,"498":1,"499":312,"500":312,"501":981,"502":312,"503":1,"504":27,"505":27,"506":27,"507":27,"508":27,"509":0,"510":27,"511":27,"512":27,"513":27,"514":297,"515":27,"516":423,"517":423,"518":423,"519":423,"520":423,"521":324,"522":12,"523":312,"524":312,"525":981,"526":383,"527":383,"528":383,"529":383,"530":411,"531":27,"532":27,"533":27,"534":1,"535":1,"536":1,"537":1,"538":1,"539":1,"540":1,"541":1,"542":1,"543":1,"544":0,"545":0,"546":0,"547":0,"548":0,"549":0,"550":0,"551":1,"552":1,"553":1,"554":0,"555":0,"556":0,"557":0,"558":0,"559":1,"560":29,"561":29,"562":29,"563":1,"564":1,"565":1,"566":1,"567":1,"568":1,"569":1,"570":1,"571":0,"572":0,"573":0,"574":0,"575":0,"576":0,"577":0,"578":1,"579":1,"580":0,"581":0,"582":0,"583":0,"584":0,"585":0,"586":0,"587":0,"588":0,"589":0,"590":0,"591":0,"592":0,"593":0,"594":0,"595":0,"596":0,"597":0,"598":0,"599":0,"600":1,"601":0,"602":0,"603":0,"604":0,"605":1,"606":0,"607":0,"608":0,"609":0,"610":0,"611":0,"612":0,"613":0,"614":0,"615":0,"616":0,"617":0,"618":0,"619":0,"620":0,"621":0,"622":0,"623":1,"624":0,"625":0,"626":0,"627":0,"628":0,"629":1,"630":0,"631":0,"632":0,"633":0,"634":0,"635":0,"636":0,"637":0,"638":0,"639":0,"640":0,"641":0,"642":0,"643":1,"644":1,"645":1,"646":1,"647":1,"648":1,"649":1,"650":0,"651":56,"652":1,"653":1,"654":1,"655":1,"656":0,"657":0,"658":0,"659":0,"660":1,"661":0,"662":1,"663":56,"664":1,"665":15,"666":15,"667":15,"668":0,"669":15,"670":15,"671":0,"672":15,"673":15,"674":0,"675":15,"676":0,"677":15,"678":1,"679":26,"680":26,"681":0,"682":1,"683":411,"684":1,"685":6,"686":1,"687":0,"688":0,"689":1,"690":0,"691":0,"692":1,"693":0,"694":0,"695":0,"696":0,"697":0,"698":1,"699":0,"700":0,"701":0,"702":0,"703":0,"704":0,"705":1,"706":1,"707":13,"708":13,"709":1,"710":27,"711":27,"712":27,"713":27,"714":27,"715":32,"716":32,"717":32,"718":32,"719":32,"720":31,"721":31,"722":32,"723":1,"724":0,"725":0,"726":0,"727":0,"728":0,"729":0,"730":0,"731":0,"732":0,"733":0,"734":0,"735":0,"736":0,"737":0,"738":0,"739":0,"740":0,"741":0,"742":0,"743":1,"744":0,"745":0,"746":0,"747":0,"748":0,"749":0,"750":0,"751":0,"752":0,"753":0,"754":0,"755":0,"756":0,"757":0,"758":0,"759":0,"760":0,"761":0,"762":0,"763":1,"764":0,"765":1,"766":0,"767":1,"768":1,"769":1,"770":1,"771":1,"772":1,"773":1,"774":1,"775":1,"776":1,"777":1,"778":1,"779":1,"780":1,"781":1},"b":{"1":[7,5],"2":[0,7],"3":[0,0],"4":[0,0],"5":[0,0],"6":[0,0],"7":[11,0],"8":[1,0],"9":[0,1],"10":[1,0],"11":[0,27],"12":[27,27,0,0],"13":[9,9],"14":[9,0],"15":[1,0],"16":[1,0],"17":[1,0],"18":[1,1],"19":[4,0],"20":[4,4],"21":[0,0],"22":[0,0],"23":[0,29],"24":[2,27],"25":[29,29,27,27],"26":[0,27],"27":[0,27],"28":[27,0],"29":[0,27],"30":[27,0],"31":[0,0],"32":[0,0],"33":[0,0],"34":[0,0],"35":[0,0],"36":[0,0],"37":[0,0],"38":[0,31],"39":[31,0],"40":[27,4],"41":[0,27],"42":[0,31],"43":[31,0],"44":[0,0],"45":[0,0],"46":[0,0],"47":[0,0],"48":[0,0],"49":[0,0],"50":[0,0],"51":[0,0],"52":[0,0],"53":[31,0],"54":[31,31],"55":[0,31],"56":[31,0],"57":[15,16],"58":[31,31,15],"59":[31,0],"60":[31,31,31],"61":[31,0],"62":[31,31,31],"63":[0,31],"64":[31,31,0],"65":[15,16],"66":[31,31,15],"67":[11,20],"68":[31,27,11],"69":[11,20],"70":[31,27,11],"71":[0,31],"72":[31,27,0],"73":[11,20],"74":[31,27,11],"75":[11,20],"76":[31,27,11],"77":[0,31],"78":[31,0,0],"79":[2,0],"80":[2,2],"81":[0,0],"82":[0,0],"83":[0,0],"84":[0,0],"85":[0,0],"86":[0,0],"87":[0,0],"88":[0,0],"89":[0,0],"90":[0,0],"91":[0,0],"92":[0,0],"93":[0,0],"94":[0,0],"95":[0,0],"96":[0,0],"97":[0,0],"98":[0,0],"99":[0,0],"100":[0,0],"101":[0,11],"102":[11,0],"103":[0,11],"104":[11,0],"105":[0,0],"106":[0,0],"107":[0,99],"108":[99,0],"109":[1,6],"110":[6,1],"111":[0,135],"112":[135,0],"113":[135,135],"114":[45,90],"115":[15,120],"116":[89,46],"117":[8,81],"118":[30,51],"119":[0,11],"120":[11,0],"121":[0,77],"122":[77,0],"123":[77,77],"124":[66,11],"125":[0,46],"126":[46,38],"127":[0,46],"128":[30,16],"129":[46,30],"130":[0,30],"131":[8,22],"132":[0,22],"133":[22,0],"134":[0,0],"135":[0,0],"136":[0,0],"137":[0,0],"138":[0,0],"139":[0,0],"140":[0,0],"141":[0,0],"142":[0,0],"143":[0,0],"144":[0,0],"145":[0,0],"146":[0,15],"147":[15,11],"148":[15,11],"149":[0,15],"150":[0,15],"151":[15,15],"152":[4,11],"153":[11,0],"154":[32,0],"155":[0,0],"156":[0,0],"157":[0,0],"158":[0,0],"159":[1,0],"160":[1,1],"161":[0,0],"162":[0,0],"163":[384,12],"164":[27,0],"165":[27,27],"166":[27,0],"167":[27,27],"168":[0,27],"169":[27,1],"170":[0,27],"171":[297,297],"172":[27,396],"173":[423,27],"174":[324,99],"175":[423,423],"176":[12,312],"177":[383,598],"178":[981,383],"179":[383,158],"180":[27,0],"181":[1,0],"182":[1,1],"183":[1,0],"184":[1,1],"185":[0,0],"186":[0,0],"187":[0,0],"188":[0,0],"189":[0,0],"190":[0,0],"191":[28,1],"192":[29,28],"193":[1,0],"194":[1,1],"195":[0,0],"196":[0,0],"197":[0,0],"198":[0,0],"199":[0,0],"200":[0,0],"201":[0,0],"202":[0,0],"203":[0,0],"204":[0,0,0,0],"205":[0,0],"206":[0,0],"207":[0,0],"208":[0,0],"209":[0,0],"210":[0,0],"211":[0,0],"212":[0,0],"213":[0,0],"214":[0,0],"215":[0,0],"216":[0,0],"217":[0,0],"218":[0,0],"219":[0,0],"220":[0,0],"221":[0,0],"222":[0,0],"223":[0,0],"224":[0,0],"225":[0,0],"226":[0,0],"227":[0,0],"228":[0,0],"229":[0,0],"230":[0,1],"231":[1,0],"232":[0,56],"233":[56,56,0,0],"234":[1,0],"235":[0,0],"236":[56,56,56],"237":[0,56],"238":[0,15],"239":[0,15],"240":[0,15],"241":[0,15],"242":[26,0],"243":[0,0],"244":[0,0],"245":[27,0],"246":[27,27],"247":[0,32],"248":[0,0],"249":[0,0,0],"250":[0,0],"251":[0,0],"252":[0,0],"253":[0,0],"254":[0,0],"255":[0,0],"256":[0,0],"257":[0,0],"258":[0,0],"259":[0,0],"260":[0,0],"261":[0,0],"262":[0,0],"263":[0,0],"264":[0,0],"265":[0,0],"266":[0,0]},"f":{"1":1,"2":1,"3":12,"4":11,"5":1,"6":0,"7":27,"8":1,"9":2,"10":1,"11":1,"12":4,"13":29,"14":1,"15":29,"16":27,"17":0,"18":0,"19":0,"20":31,"21":0,"22":0,"23":0,"24":0,"25":0,"26":0,"27":0,"28":31,"29":15,"30":46,"31":77,"32":0,"33":135,"34":99,"35":11,"36":0,"37":11,"38":11,"39":0,"40":1,"41":2,"42":0,"43":0,"44":0,"45":0,"46":0,"47":11,"48":0,"49":11,"50":1,"51":0,"52":0,"53":99,"54":7,"55":135,"56":11,"57":0,"58":77,"59":46,"60":0,"61":0,"62":0,"63":15,"64":1,"65":1,"66":1,"67":411,"68":312,"69":981,"70":27,"71":27,"72":297,"73":423,"74":981,"75":1,"76":1,"77":1,"78":0,"79":29,"80":1,"81":1,"82":0,"83":0,"84":0,"85":0,"86":0,"87":0,"88":0,"89":0,"90":0,"91":1,"92":0,"93":56,"94":0,"95":0,"96":0,"97":56,"98":15,"99":26,"100":411,"101":6,"102":0,"103":0,"104":0,"105":0,"106":0,"107":0,"108":0,"109":1,"110":13,"111":27,"112":27,"113":32,"114":31,"115":0,"116":0,"117":0,"118":0,"119":0,"120":0},"fnMap":{"1":{"name":"(anonymous_1)","line":7,"loc":{"start":{"line":7,"column":1},"end":{"line":7,"column":11}}},"2":{"name":"e","line":7,"loc":{"start":{"line":7,"column":12},"end":{"line":7,"column":29}}},"3":{"name":"s","line":7,"loc":{"start":{"line":7,"column":30},"end":{"line":7,"column":45}}},"4":{"name":"(anonymous_4)","line":7,"loc":{"start":{"line":7,"column":279},"end":{"line":7,"column":290}}},"5":{"name":"(anonymous_5)","line":7,"loc":{"start":{"line":7,"column":469},"end":{"line":7,"column":501}}},"6":{"name":"(anonymous_6)","line":14,"loc":{"start":{"line":14,"column":84},"end":{"line":14,"column":99}}},"7":{"name":"(anonymous_7)","line":14,"loc":{"start":{"line":14,"column":124},"end":{"line":14,"column":139}}},"8":{"name":"(anonymous_8)","line":16,"loc":{"start":{"line":16,"column":19},"end":{"line":16,"column":31}}},"9":{"name":"defineProperties","line":16,"loc":{"start":{"line":16,"column":33},"end":{"line":16,"column":74}}},"10":{"name":"(anonymous_10)","line":16,"loc":{"start":{"line":16,"column":357},"end":{"line":16,"column":405}}},"11":{"name":"_interopRequireDefault","line":38,"loc":{"start":{"line":38,"column":0},"end":{"line":38,"column":37}}},"12":{"name":"_interopRequireWildcard","line":40,"loc":{"start":{"line":40,"column":0},"end":{"line":40,"column":38}}},"13":{"name":"_classCallCheck","line":42,"loc":{"start":{"line":42,"column":0},"end":{"line":42,"column":48}}},"14":{"name":"(anonymous_14)","line":47,"loc":{"start":{"line":47,"column":13},"end":{"line":47,"column":25}}},"15":{"name":"Binder","line":48,"loc":{"start":{"line":48,"column":4},"end":{"line":48,"column":59}}},"16":{"name":"parseView","line":88,"loc":{"start":{"line":88,"column":15},"end":{"line":88,"column":36}}},"17":{"name":"(anonymous_17)","line":106,"loc":{"start":{"line":106,"column":65},"end":{"line":106,"column":82}}},"18":{"name":"updateElementCache","line":119,"loc":{"start":{"line":119,"column":15},"end":{"line":119,"column":45}}},"19":{"name":"(anonymous_19)","line":130,"loc":{"start":{"line":130,"column":69},"end":{"line":130,"column":86}}},"20":{"name":"render","line":138,"loc":{"start":{"line":138,"column":15},"end":{"line":138,"column":33}}},"21":{"name":"(anonymous_21)","line":188,"loc":{"start":{"line":188,"column":69},"end":{"line":188,"column":89}}},"22":{"name":"(anonymous_22)","line":197,"loc":{"start":{"line":197,"column":65},"end":{"line":197,"column":82}}},"23":{"name":"subscribe","line":219,"loc":{"start":{"line":219,"column":15},"end":{"line":219,"column":36}}},"24":{"name":"subscribeOnce","line":228,"loc":{"start":{"line":228,"column":15},"end":{"line":228,"column":40}}},"25":{"name":"unsubscribe","line":237,"loc":{"start":{"line":237,"column":15},"end":{"line":237,"column":38}}},"26":{"name":"unsubscribeAll","line":245,"loc":{"start":{"line":245,"column":15},"end":{"line":245,"column":41}}},"27":{"name":"publish","line":251,"loc":{"start":{"line":251,"column":15},"end":{"line":251,"column":34}}},"28":{"name":"applyBinding","line":263,"loc":{"start":{"line":263,"column":15},"end":{"line":263,"column":39}}},"29":{"name":"(anonymous_29)","line":279,"loc":{"start":{"line":279,"column":56},"end":{"line":279,"column":73}}},"30":{"name":"(anonymous_30)","line":286,"loc":{"start":{"line":286,"column":56},"end":{"line":286,"column":73}}},"31":{"name":"(anonymous_31)","line":292,"loc":{"start":{"line":292,"column":56},"end":{"line":292,"column":73}}},"32":{"name":"(anonymous_32)","line":299,"loc":{"start":{"line":299,"column":55},"end":{"line":299,"column":72}}},"33":{"name":"(anonymous_33)","line":306,"loc":{"start":{"line":306,"column":57},"end":{"line":306,"column":74}}},"34":{"name":"(anonymous_34)","line":313,"loc":{"start":{"line":313,"column":58},"end":{"line":313,"column":75}}},"35":{"name":"(anonymous_35)","line":320,"loc":{"start":{"line":320,"column":58},"end":{"line":320,"column":75}}},"36":{"name":"(anonymous_36)","line":327,"loc":{"start":{"line":327,"column":57},"end":{"line":327,"column":74}}},"37":{"name":"(anonymous_37)","line":334,"loc":{"start":{"line":334,"column":60},"end":{"line":334,"column":77}}},"38":{"name":"(anonymous_38)","line":341,"loc":{"start":{"line":341,"column":56},"end":{"line":341,"column":73}}},"39":{"name":"(anonymous_39)","line":348,"loc":{"start":{"line":348,"column":57},"end":{"line":348,"column":74}}},"40":{"name":"(anonymous_40)","line":360,"loc":{"start":{"line":360,"column":76},"end":{"line":360,"column":108}}},"41":{"name":"_interopRequireWildcard","line":376,"loc":{"start":{"line":376,"column":0},"end":{"line":376,"column":38}}},"42":{"name":"compileTemplate","line":392,"loc":{"start":{"line":392,"column":22},"end":{"line":392,"column":51}}},"43":{"name":"renderTemplate","line":420,"loc":{"start":{"line":420,"column":21},"end":{"line":420,"column":91}}},"44":{"name":"(anonymous_44)","line":459,"loc":{"start":{"line":459,"column":30},"end":{"line":459,"column":56}}},"45":{"name":"clickBinding","line":500,"loc":{"start":{"line":500,"column":19},"end":{"line":500,"column":73}}},"46":{"name":"(anonymous_46)","line":513,"loc":{"start":{"line":513,"column":60},"end":{"line":513,"column":73}}},"47":{"name":"dblclickBinding","line":527,"loc":{"start":{"line":527,"column":22},"end":{"line":527,"column":79}}},"48":{"name":"(anonymous_48)","line":540,"loc":{"start":{"line":540,"column":66},"end":{"line":540,"column":79}}},"49":{"name":"blurBinding","line":554,"loc":{"start":{"line":554,"column":18},"end":{"line":554,"column":71}}},"50":{"name":"(anonymous_50)","line":567,"loc":{"start":{"line":567,"column":58},"end":{"line":567,"column":71}}},"51":{"name":"focusBinding","line":581,"loc":{"start":{"line":581,"column":19},"end":{"line":581,"column":73}}},"52":{"name":"(anonymous_52)","line":594,"loc":{"start":{"line":594,"column":60},"end":{"line":594,"column":73}}},"53":{"name":"changeBinding","line":607,"loc":{"start":{"line":607,"column":20},"end":{"line":607,"column":75}}},"54":{"name":"(anonymous_54)","line":627,"loc":{"start":{"line":627,"column":62},"end":{"line":627,"column":75}}},"55":{"name":"modelBinding","line":647,"loc":{"start":{"line":647,"column":19},"end":{"line":647,"column":73}}},"56":{"name":"submitBinding","line":685,"loc":{"start":{"line":685,"column":20},"end":{"line":685,"column":75}}},"57":{"name":"(anonymous_57)","line":699,"loc":{"start":{"line":699,"column":62},"end":{"line":699,"column":75}}},"58":{"name":"textBinding","line":713,"loc":{"start":{"line":713,"column":18},"end":{"line":713,"column":71}}},"59":{"name":"showBinding","line":739,"loc":{"start":{"line":739,"column":18},"end":{"line":739,"column":71}}},"60":{"name":"cssBinding","line":794,"loc":{"start":{"line":794,"column":17},"end":{"line":794,"column":69}}},"61":{"name":"(anonymous_61)","line":839,"loc":{"start":{"line":839,"column":23},"end":{"line":839,"column":39}}},"62":{"name":"(anonymous_62)","line":844,"loc":{"start":{"line":844,"column":29},"end":{"line":844,"column":45}}},"63":{"name":"attrBinding","line":875,"loc":{"start":{"line":875,"column":18},"end":{"line":875,"column":71}}},"64":{"name":"(anonymous_64)","line":946,"loc":{"start":{"line":946,"column":32},"end":{"line":946,"column":64}}},"65":{"name":"(anonymous_65)","line":982,"loc":{"start":{"line":982,"column":9},"end":{"line":982,"column":41}}},"66":{"name":"_interopRequireWildcard","line":993,"loc":{"start":{"line":993,"column":0},"end":{"line":993,"column":38}}},"67":{"name":"walkDOM","line":1004,"loc":{"start":{"line":1004,"column":14},"end":{"line":1004,"column":43}}},"68":{"name":"getAttributesObject","line":1016,"loc":{"start":{"line":1016,"column":26},"end":{"line":1016,"column":61}}},"69":{"name":"(anonymous_69)","line":1018,"loc":{"start":{"line":1018,"column":56},"end":{"line":1018,"column":72}}},"70":{"name":"createBindingCache","line":1024,"loc":{"start":{"line":1024,"column":25},"end":{"line":1024,"column":55}}},"71":{"name":"rootSkipCheck","line":1037,"loc":{"start":{"line":1037,"column":24},"end":{"line":1037,"column":53}}},"72":{"name":"(anonymous_72)","line":1041,"loc":{"start":{"line":1041,"column":73},"end":{"line":1041,"column":89}}},"73":{"name":"parseNode","line":1045,"loc":{"start":{"line":1045,"column":20},"end":{"line":1045,"column":45}}},"74":{"name":"(anonymous_74)","line":1059,"loc":{"start":{"line":1059,"column":41},"end":{"line":1059,"column":56}}},"75":{"name":"(anonymous_75)","line":1093,"loc":{"start":{"line":1093,"column":19},"end":{"line":1093,"column":51}}},"76":{"name":"_interopRequireDefault","line":1104,"loc":{"start":{"line":1104,"column":0},"end":{"line":1104,"column":37}}},"77":{"name":"_interopRequireWildcard","line":1106,"loc":{"start":{"line":1106,"column":0},"end":{"line":1106,"column":38}}},"78":{"name":"use","line":1111,"loc":{"start":{"line":1111,"column":10},"end":{"line":1111,"column":25}}},"79":{"name":"init","line":1122,"loc":{"start":{"line":1122,"column":11},"end":{"line":1122,"column":39}}},"80":{"name":"(anonymous_80)","line":1135,"loc":{"start":{"line":1135,"column":34},"end":{"line":1135,"column":66}}},"81":{"name":"_interopRequireWildcard","line":1147,"loc":{"start":{"line":1147,"column":0},"end":{"line":1147,"column":38}}},"82":{"name":"subscribeEvent","line":1161,"loc":{"start":{"line":1161,"column":21},"end":{"line":1161,"column":47}}},"83":{"name":"(anonymous_83)","line":1177,"loc":{"start":{"line":1177,"column":42},"end":{"line":1177,"column":64}}},"84":{"name":"subscribeEventOnce","line":1193,"loc":{"start":{"line":1193,"column":25},"end":{"line":1193,"column":55}}},"85":{"name":"unsubscribeEvent","line":1201,"loc":{"start":{"line":1201,"column":23},"end":{"line":1201,"column":51}}},"86":{"name":"unsubscribeAllEvent","line":1236,"loc":{"start":{"line":1236,"column":26},"end":{"line":1236,"column":57}}},"87":{"name":"(anonymous_87)","line":1242,"loc":{"start":{"line":1242,"column":32},"end":{"line":1242,"column":53}}},"88":{"name":"publishEvent","line":1247,"loc":{"start":{"line":1247,"column":19},"end":{"line":1247,"column":43}}},"89":{"name":"(anonymous_89)","line":1260,"loc":{"start":{"line":1260,"column":30},"end":{"line":1260,"column":52}}},"90":{"name":"(anonymous_90)","line":1261,"loc":{"start":{"line":1261,"column":40},"end":{"line":1261,"column":58}}},"91":{"name":"(anonymous_91)","line":1279,"loc":{"start":{"line":1279,"column":19},"end":{"line":1279,"column":51}}},"92":{"name":"(anonymous_92)","line":1286,"loc":{"start":{"line":1286,"column":84},"end":{"line":1286,"column":99}}},"93":{"name":"(anonymous_93)","line":1286,"loc":{"start":{"line":1286,"column":124},"end":{"line":1286,"column":139}}},"94":{"name":"generateElementCache","line":1298,"loc":{"start":{"line":1298,"column":27},"end":{"line":1298,"column":71}}},"95":{"name":"(anonymous_95)","line":1300,"loc":{"start":{"line":1300,"column":25},"end":{"line":1300,"column":41}}},"96":{"name":"isArray","line":1306,"loc":{"start":{"line":1306,"column":14},"end":{"line":1306,"column":36}}},"97":{"name":"isJsObject","line":1310,"loc":{"start":{"line":1310,"column":17},"end":{"line":1310,"column":42}}},"98":{"name":"isPlainObject","line":1314,"loc":{"start":{"line":1314,"column":20},"end":{"line":1314,"column":48}}},"99":{"name":"isEmptyObject","line":1339,"loc":{"start":{"line":1339,"column":20},"end":{"line":1339,"column":48}}},"100":{"name":"getViewModelValue","line":1353,"loc":{"start":{"line":1353,"column":24},"end":{"line":1353,"column":62}}},"101":{"name":"setViewModelValue","line":1365,"loc":{"start":{"line":1365,"column":24},"end":{"line":1365,"column":69}}},"102":{"name":"parseStringToJson","line":1369,"loc":{"start":{"line":1369,"column":24},"end":{"line":1369,"column":56}}},"103":{"name":"arrayRemoveMatch","line":1382,"loc":{"start":{"line":1382,"column":23},"end":{"line":1382,"column":70}}},"104":{"name":"(anonymous_104)","line":1383,"loc":{"start":{"line":1383,"column":26},"end":{"line":1383,"column":50}}},"105":{"name":"getFormData","line":1388,"loc":{"start":{"line":1388,"column":18},"end":{"line":1388,"column":46}}},"106":{"name":"(anonymous_106)","line":1392,"loc":{"start":{"line":1392,"column":15},"end":{"line":1392,"column":28}}},"107":{"name":"getFunctionParameterList","line":1406,"loc":{"start":{"line":1406,"column":31},"end":{"line":1406,"column":70}}},"108":{"name":"(anonymous_108)","line":1411,"loc":{"start":{"line":1411,"column":26},"end":{"line":1411,"column":42}}},"109":{"name":"invertObj","line":1418,"loc":{"start":{"line":1418,"column":16},"end":{"line":1418,"column":46}}},"110":{"name":"(anonymous_110)","line":1419,"loc":{"start":{"line":1419,"column":41},"end":{"line":1419,"column":61}}},"111":{"name":"debounceRaf","line":1432,"loc":{"start":{"line":1432,"column":18},"end":{"line":1432,"column":43}}},"112":{"name":"(anonymous_112)","line":1435,"loc":{"start":{"line":1435,"column":11},"end":{"line":1435,"column":30}}},"113":{"name":"(anonymous_113)","line":1440,"loc":{"start":{"line":1440,"column":15},"end":{"line":1440,"column":27}}},"114":{"name":"(anonymous_114)","line":1448,"loc":{"start":{"line":1448,"column":49},"end":{"line":1448,"column":61}}},"115":{"name":"getNodeAttrObj","line":1465,"loc":{"start":{"line":1465,"column":21},"end":{"line":1465,"column":61}}},"116":{"name":"(anonymous_116)","line":1488,"loc":{"start":{"line":1488,"column":26},"end":{"line":1488,"column":42}}},"117":{"name":"extend","line":1504,"loc":{"start":{"line":1504,"column":13},"end":{"line":1504,"column":31}}},"118":{"name":"(anonymous_118)","line":1525,"loc":{"start":{"line":1525,"column":36},"end":{"line":1525,"column":51}}},"119":{"name":"isObject","line":1540,"loc":{"start":{"line":1540,"column":15},"end":{"line":1540,"column":39}}},"120":{"name":"isMergebleObject","line":1544,"loc":{"start":{"line":1544,"column":23},"end":{"line":1544,"column":55}}}},"statementMap":{"1":{"start":{"line":7,"column":0},"end":{"line":1564,"column":14}},"2":{"start":{"line":7,"column":12},"end":{"line":7,"column":452}},"3":{"start":{"line":7,"column":30},"end":{"line":7,"column":366}},"4":{"start":{"line":7,"column":46},"end":{"line":7,"column":346}},"5":{"start":{"line":7,"column":56},"end":{"line":7,"column":232}},"6":{"start":{"line":7,"column":66},"end":{"line":7,"column":108}},"7":{"start":{"line":7,"column":108},"end":{"line":7,"column":132}},"8":{"start":{"line":7,"column":117},"end":{"line":7,"column":132}},"9":{"start":{"line":7,"column":132},"end":{"line":7,"column":152}},"10":{"start":{"line":7,"column":137},"end":{"line":7,"column":152}},"11":{"start":{"line":7,"column":152},"end":{"line":7,"column":198}},"12":{"start":{"line":7,"column":198},"end":{"line":7,"column":231}},"13":{"start":{"line":7,"column":232},"end":{"line":7,"column":256}},"14":{"start":{"line":7,"column":256},"end":{"line":7,"column":345}},"15":{"start":{"line":7,"column":291},"end":{"line":7,"column":308}},"16":{"start":{"line":7,"column":308},"end":{"line":7,"column":323}},"17":{"start":{"line":7,"column":346},"end":{"line":7,"column":365}},"18":{"start":{"line":7,"column":366},"end":{"line":7,"column":408}},"19":{"start":{"line":7,"column":408},"end":{"line":7,"column":443}},"20":{"start":{"line":7,"column":435},"end":{"line":7,"column":443}},"21":{"start":{"line":7,"column":443},"end":{"line":7,"column":451}},"22":{"start":{"line":7,"column":452},"end":{"line":7,"column":460}},"23":{"start":{"line":10,"column":0},"end":{"line":12,"column":3}},"24":{"start":{"line":14,"column":0},"end":{"line":14,"column":269}},"25":{"start":{"line":14,"column":101},"end":{"line":14,"column":119}},"26":{"start":{"line":14,"column":141},"end":{"line":14,"column":266}},"27":{"start":{"line":16,"column":0},"end":{"line":16,"column":564}},"28":{"start":{"line":16,"column":33},"end":{"line":16,"column":349}},"29":{"start":{"line":16,"column":76},"end":{"line":16,"column":347}},"30":{"start":{"line":16,"column":117},"end":{"line":16,"column":143}},"31":{"start":{"line":16,"column":144},"end":{"line":16,"column":199}},"32":{"start":{"line":16,"column":200},"end":{"line":16,"column":231}},"33":{"start":{"line":16,"column":232},"end":{"line":16,"column":286}},"34":{"start":{"line":16,"column":259},"end":{"line":16,"column":286}},"35":{"start":{"line":16,"column":287},"end":{"line":16,"column":345}},"36":{"start":{"line":16,"column":350},"end":{"line":16,"column":559}},"37":{"start":{"line":16,"column":407},"end":{"line":16,"column":475}},"38":{"start":{"line":16,"column":423},"end":{"line":16,"column":475}},"39":{"start":{"line":16,"column":476},"end":{"line":16,"column":536}},"40":{"start":{"line":16,"column":493},"end":{"line":16,"column":536}},"41":{"start":{"line":16,"column":537},"end":{"line":16,"column":556}},"42":{"start":{"line":18,"column":0},"end":{"line":18,"column":34}},"43":{"start":{"line":20,"column":0},"end":{"line":20,"column":46}},"44":{"start":{"line":22,"column":0},"end":{"line":22,"column":30}},"45":{"start":{"line":24,"column":0},"end":{"line":24,"column":42}},"46":{"start":{"line":26,"column":0},"end":{"line":26,"column":38}},"47":{"start":{"line":28,"column":0},"end":{"line":28,"column":47}},"48":{"start":{"line":30,"column":0},"end":{"line":30,"column":40}},"49":{"start":{"line":32,"column":0},"end":{"line":32,"column":53}},"50":{"start":{"line":34,"column":0},"end":{"line":34,"column":34}},"51":{"start":{"line":36,"column":0},"end":{"line":36,"column":46}},"52":{"start":{"line":38,"column":0},"end":{"line":38,"column":97}},"53":{"start":{"line":38,"column":39},"end":{"line":38,"column":95}},"54":{"start":{"line":40,"column":0},"end":{"line":40,"column":272}},"55":{"start":{"line":40,"column":40},"end":{"line":40,"column":270}},"56":{"start":{"line":40,"column":69},"end":{"line":40,"column":80}},"57":{"start":{"line":40,"column":90},"end":{"line":40,"column":106}},"58":{"start":{"line":40,"column":107},"end":{"line":40,"column":228}},"59":{"start":{"line":40,"column":126},"end":{"line":40,"column":226}},"60":{"start":{"line":40,"column":149},"end":{"line":40,"column":224}},"61":{"start":{"line":40,"column":201},"end":{"line":40,"column":224}},"62":{"start":{"line":40,"column":229},"end":{"line":40,"column":253}},"63":{"start":{"line":40,"column":254},"end":{"line":40,"column":268}},"64":{"start":{"line":42,"column":0},"end":{"line":42,"column":153}},"65":{"start":{"line":42,"column":50},"end":{"line":42,"column":151}},"66":{"start":{"line":42,"column":92},"end":{"line":42,"column":149}},"67":{"start":{"line":44,"column":0},"end":{"line":44,"column":20}},"68":{"start":{"line":45,"column":0},"end":{"line":45,"column":26}},"69":{"start":{"line":47,"column":0},"end":{"line":356,"column":4}},"70":{"start":{"line":48,"column":4},"end":{"line":75,"column":5}},"71":{"start":{"line":49,"column":8},"end":{"line":49,"column":38}},"72":{"start":{"line":51,"column":8},"end":{"line":53,"column":9}},"73":{"start":{"line":52,"column":12},"end":{"line":52,"column":72}},"74":{"start":{"line":55,"column":8},"end":{"line":55,"column":34}},"75":{"start":{"line":57,"column":8},"end":{"line":57,"column":39}},"76":{"start":{"line":59,"column":8},"end":{"line":59,"column":41}},"77":{"start":{"line":61,"column":8},"end":{"line":61,"column":35}},"78":{"start":{"line":63,"column":8},"end":{"line":63,"column":41}},"79":{"start":{"line":65,"column":8},"end":{"line":65,"column":58}},"80":{"start":{"line":67,"column":8},"end":{"line":67,"column":105}},"81":{"start":{"line":70,"column":8},"end":{"line":70,"column":34}},"82":{"start":{"line":72,"column":8},"end":{"line":72,"column":25}},"83":{"start":{"line":74,"column":8},"end":{"line":74,"column":20}},"84":{"start":{"line":86,"column":4},"end":{"line":353,"column":8}},"85":{"start":{"line":89,"column":12},"end":{"line":89,"column":29}},"86":{"start":{"line":92,"column":12},"end":{"line":92,"column":64}},"87":{"start":{"line":94,"column":12},"end":{"line":94,"column":101}},"88":{"start":{"line":97,"column":12},"end":{"line":102,"column":13}},"89":{"start":{"line":98,"column":16},"end":{"line":100,"column":19}},"90":{"start":{"line":101,"column":16},"end":{"line":101,"column":28}},"91":{"start":{"line":105,"column":12},"end":{"line":114,"column":13}},"92":{"start":{"line":106,"column":16},"end":{"line":108,"column":19}},"93":{"start":{"line":107,"column":20},"end":{"line":107,"column":105}},"94":{"start":{"line":111,"column":16},"end":{"line":113,"column":19}},"95":{"start":{"line":115,"column":12},"end":{"line":115,"column":24}},"96":{"start":{"line":120,"column":12},"end":{"line":120,"column":30}},"97":{"start":{"line":122,"column":12},"end":{"line":122,"column":93}},"98":{"start":{"line":124,"column":12},"end":{"line":126,"column":13}},"99":{"start":{"line":125,"column":16},"end":{"line":125,"column":105}},"100":{"start":{"line":127,"column":12},"end":{"line":134,"column":13}},"101":{"start":{"line":129,"column":16},"end":{"line":133,"column":17}},"102":{"start":{"line":130,"column":20},"end":{"line":132,"column":23}},"103":{"start":{"line":131,"column":24},"end":{"line":131,"column":104}},"104":{"start":{"line":139,"column":12},"end":{"line":139,"column":30}},"105":{"start":{"line":141,"column":12},"end":{"line":141,"column":93}},"106":{"start":{"line":143,"column":12},"end":{"line":150,"column":14}},"107":{"start":{"line":151,"column":12},"end":{"line":158,"column":14}},"108":{"start":{"line":159,"column":12},"end":{"line":166,"column":14}},"109":{"start":{"line":167,"column":12},"end":{"line":167,"column":34}},"110":{"start":{"line":169,"column":12},"end":{"line":180,"column":13}},"111":{"start":{"line":171,"column":16},"end":{"line":176,"column":17}},"112":{"start":{"line":172,"column":20},"end":{"line":172,"column":76}},"113":{"start":{"line":173,"column":20},"end":{"line":173,"column":98}},"114":{"start":{"line":175,"column":20},"end":{"line":175,"column":97}},"115":{"start":{"line":179,"column":16},"end":{"line":179,"column":71}},"116":{"start":{"line":183,"column":12},"end":{"line":205,"column":13}},"117":{"start":{"line":185,"column":16},"end":{"line":195,"column":17}},"118":{"start":{"line":186,"column":20},"end":{"line":186,"column":65}},"119":{"start":{"line":188,"column":20},"end":{"line":190,"column":23}},"120":{"start":{"line":189,"column":24},"end":{"line":189,"column":115}},"121":{"start":{"line":192,"column":20},"end":{"line":194,"column":23}},"122":{"start":{"line":197,"column":16},"end":{"line":204,"column":19}},"123":{"start":{"line":198,"column":20},"end":{"line":203,"column":23}},"124":{"start":{"line":208,"column":12},"end":{"line":213,"column":15}},"125":{"start":{"line":215,"column":12},"end":{"line":215,"column":37}},"126":{"start":{"line":220,"column":12},"end":{"line":220,"column":99}},"127":{"start":{"line":221,"column":12},"end":{"line":221,"column":34}},"128":{"start":{"line":223,"column":12},"end":{"line":223,"column":55}},"129":{"start":{"line":224,"column":12},"end":{"line":224,"column":24}},"130":{"start":{"line":229,"column":12},"end":{"line":229,"column":99}},"131":{"start":{"line":230,"column":12},"end":{"line":230,"column":34}},"132":{"start":{"line":232,"column":12},"end":{"line":232,"column":59}},"133":{"start":{"line":233,"column":12},"end":{"line":233,"column":24}},"134":{"start":{"line":238,"column":12},"end":{"line":238,"column":99}},"135":{"start":{"line":240,"column":12},"end":{"line":240,"column":60}},"136":{"start":{"line":241,"column":12},"end":{"line":241,"column":24}},"137":{"start":{"line":246,"column":12},"end":{"line":246,"column":52}},"138":{"start":{"line":247,"column":12},"end":{"line":247,"column":24}},"139":{"start":{"line":252,"column":12},"end":{"line":252,"column":99}},"140":{"start":{"line":254,"column":12},"end":{"line":256,"column":13}},"141":{"start":{"line":255,"column":16},"end":{"line":255,"column":49}},"142":{"start":{"line":258,"column":12},"end":{"line":258,"column":72}},"143":{"start":{"line":259,"column":12},"end":{"line":259,"column":24}},"144":{"start":{"line":264,"column":12},"end":{"line":264,"column":93}},"145":{"start":{"line":265,"column":12},"end":{"line":268,"column":42}},"146":{"start":{"line":271,"column":12},"end":{"line":273,"column":13}},"147":{"start":{"line":272,"column":16},"end":{"line":272,"column":23}},"148":{"start":{"line":278,"column":12},"end":{"line":282,"column":13}},"149":{"start":{"line":279,"column":16},"end":{"line":281,"column":19}},"150":{"start":{"line":280,"column":20},"end":{"line":280,"column":70}},"151":{"start":{"line":285,"column":12},"end":{"line":289,"column":13}},"152":{"start":{"line":286,"column":16},"end":{"line":288,"column":19}},"153":{"start":{"line":287,"column":20},"end":{"line":287,"column":70}},"154":{"start":{"line":291,"column":12},"end":{"line":295,"column":13}},"155":{"start":{"line":292,"column":16},"end":{"line":294,"column":19}},"156":{"start":{"line":293,"column":20},"end":{"line":293,"column":70}},"157":{"start":{"line":298,"column":12},"end":{"line":302,"column":13}},"158":{"start":{"line":299,"column":16},"end":{"line":301,"column":19}},"159":{"start":{"line":300,"column":20},"end":{"line":300,"column":69}},"160":{"start":{"line":305,"column":12},"end":{"line":309,"column":13}},"161":{"start":{"line":306,"column":16},"end":{"line":308,"column":19}},"162":{"start":{"line":307,"column":20},"end":{"line":307,"column":71}},"163":{"start":{"line":312,"column":12},"end":{"line":316,"column":13}},"164":{"start":{"line":313,"column":16},"end":{"line":315,"column":19}},"165":{"start":{"line":314,"column":20},"end":{"line":314,"column":72}},"166":{"start":{"line":319,"column":12},"end":{"line":323,"column":13}},"167":{"start":{"line":320,"column":16},"end":{"line":322,"column":19}},"168":{"start":{"line":321,"column":20},"end":{"line":321,"column":72}},"169":{"start":{"line":326,"column":12},"end":{"line":330,"column":13}},"170":{"start":{"line":327,"column":16},"end":{"line":329,"column":19}},"171":{"start":{"line":328,"column":20},"end":{"line":328,"column":71}},"172":{"start":{"line":333,"column":12},"end":{"line":337,"column":13}},"173":{"start":{"line":334,"column":16},"end":{"line":336,"column":19}},"174":{"start":{"line":335,"column":20},"end":{"line":335,"column":74}},"175":{"start":{"line":340,"column":12},"end":{"line":344,"column":13}},"176":{"start":{"line":341,"column":16},"end":{"line":343,"column":19}},"177":{"start":{"line":342,"column":20},"end":{"line":342,"column":70}},"178":{"start":{"line":347,"column":12},"end":{"line":351,"column":13}},"179":{"start":{"line":348,"column":16},"end":{"line":350,"column":19}},"180":{"start":{"line":349,"column":20},"end":{"line":349,"column":71}},"181":{"start":{"line":355,"column":4},"end":{"line":355,"column":18}},"182":{"start":{"line":358,"column":0},"end":{"line":358,"column":28}},"183":{"start":{"line":363,"column":0},"end":{"line":365,"column":3}},"184":{"start":{"line":366,"column":0},"end":{"line":366,"column":287}},"185":{"start":{"line":368,"column":0},"end":{"line":368,"column":34}},"186":{"start":{"line":370,"column":0},"end":{"line":370,"column":46}},"187":{"start":{"line":372,"column":0},"end":{"line":372,"column":30}},"188":{"start":{"line":374,"column":0},"end":{"line":374,"column":42}},"189":{"start":{"line":376,"column":0},"end":{"line":376,"column":272}},"190":{"start":{"line":376,"column":40},"end":{"line":376,"column":270}},"191":{"start":{"line":376,"column":69},"end":{"line":376,"column":80}},"192":{"start":{"line":376,"column":90},"end":{"line":376,"column":106}},"193":{"start":{"line":376,"column":107},"end":{"line":376,"column":228}},"194":{"start":{"line":376,"column":126},"end":{"line":376,"column":226}},"195":{"start":{"line":376,"column":149},"end":{"line":376,"column":224}},"196":{"start":{"line":376,"column":201},"end":{"line":376,"column":224}},"197":{"start":{"line":376,"column":229},"end":{"line":376,"column":253}},"198":{"start":{"line":376,"column":254},"end":{"line":376,"column":268}},"199":{"start":{"line":379,"column":0},"end":{"line":379,"column":24}},"200":{"start":{"line":380,"column":0},"end":{"line":380,"column":25}},"201":{"start":{"line":381,"column":0},"end":{"line":381,"column":27}},"202":{"start":{"line":382,"column":0},"end":{"line":382,"column":23}},"203":{"start":{"line":383,"column":0},"end":{"line":383,"column":38}},"204":{"start":{"line":392,"column":0},"end":{"line":408,"column":2}},"205":{"start":{"line":393,"column":4},"end":{"line":393,"column":96}},"206":{"start":{"line":395,"column":4},"end":{"line":395,"column":32}},"207":{"start":{"line":396,"column":4},"end":{"line":396,"column":33}},"208":{"start":{"line":398,"column":4},"end":{"line":400,"column":5}},"209":{"start":{"line":399,"column":8},"end":{"line":399,"column":47}},"210":{"start":{"line":401,"column":4},"end":{"line":401,"column":50}},"211":{"start":{"line":402,"column":4},"end":{"line":402,"column":70}},"212":{"start":{"line":403,"column":4},"end":{"line":405,"column":7}},"213":{"start":{"line":407,"column":4},"end":{"line":407,"column":43}},"214":{"start":{"line":420,"column":0},"end":{"line":489,"column":2}},"215":{"start":{"line":421,"column":4},"end":{"line":421,"column":57}},"216":{"start":{"line":422,"column":4},"end":{"line":422,"column":108}},"217":{"start":{"line":423,"column":4},"end":{"line":423,"column":35}},"218":{"start":{"line":424,"column":4},"end":{"line":424,"column":37}},"219":{"start":{"line":425,"column":4},"end":{"line":425,"column":22}},"220":{"start":{"line":426,"column":4},"end":{"line":426,"column":26}},"221":{"start":{"line":427,"column":4},"end":{"line":427,"column":24}},"222":{"start":{"line":428,"column":4},"end":{"line":428,"column":33}},"223":{"start":{"line":429,"column":4},"end":{"line":429,"column":34}},"224":{"start":{"line":431,"column":4},"end":{"line":433,"column":5}},"225":{"start":{"line":432,"column":8},"end":{"line":432,"column":15}},"226":{"start":{"line":435,"column":4},"end":{"line":435,"column":27}},"227":{"start":{"line":436,"column":4},"end":{"line":436,"column":49}},"228":{"start":{"line":437,"column":4},"end":{"line":439,"column":5}},"229":{"start":{"line":438,"column":8},"end":{"line":438,"column":33}},"230":{"start":{"line":440,"column":4},"end":{"line":440,"column":61}},"231":{"start":{"line":441,"column":4},"end":{"line":441,"column":61}},"232":{"start":{"line":442,"column":4},"end":{"line":442,"column":50}},"233":{"start":{"line":446,"column":4},"end":{"line":452,"column":5}},"234":{"start":{"line":447,"column":8},"end":{"line":447,"column":39}},"235":{"start":{"line":448,"column":8},"end":{"line":448,"column":34}},"236":{"start":{"line":450,"column":8},"end":{"line":450,"column":35}},"237":{"start":{"line":451,"column":8},"end":{"line":451,"column":37}},"238":{"start":{"line":455,"column":4},"end":{"line":455,"column":74}},"239":{"start":{"line":457,"column":4},"end":{"line":469,"column":5}},"240":{"start":{"line":458,"column":8},"end":{"line":458,"column":54}},"241":{"start":{"line":459,"column":8},"end":{"line":468,"column":11}},"242":{"start":{"line":460,"column":12},"end":{"line":463,"column":14}},"243":{"start":{"line":464,"column":12},"end":{"line":464,"column":67}},"244":{"start":{"line":466,"column":12},"end":{"line":466,"column":85}},"245":{"start":{"line":467,"column":12},"end":{"line":467,"column":36}},"246":{"start":{"line":472,"column":4},"end":{"line":488,"column":5}},"247":{"start":{"line":474,"column":8},"end":{"line":476,"column":9}},"248":{"start":{"line":475,"column":12},"end":{"line":475,"column":34}},"249":{"start":{"line":477,"column":8},"end":{"line":481,"column":9}},"250":{"start":{"line":478,"column":12},"end":{"line":478,"column":55}},"251":{"start":{"line":480,"column":12},"end":{"line":480,"column":54}},"252":{"start":{"line":483,"column":8},"end":{"line":483,"column":44}},"253":{"start":{"line":485,"column":8},"end":{"line":487,"column":9}},"254":{"start":{"line":486,"column":12},"end":{"line":486,"column":52}},"255":{"start":{"line":500,"column":0},"end":{"line":517,"column":2}},"256":{"start":{"line":501,"column":4},"end":{"line":501,"column":36}},"257":{"start":{"line":502,"column":4},"end":{"line":502,"column":27}},"258":{"start":{"line":503,"column":4},"end":{"line":503,"column":26}},"259":{"start":{"line":505,"column":4},"end":{"line":507,"column":5}},"260":{"start":{"line":506,"column":8},"end":{"line":506,"column":15}},"261":{"start":{"line":509,"column":4},"end":{"line":509,"column":63}},"262":{"start":{"line":511,"column":4},"end":{"line":516,"column":5}},"263":{"start":{"line":512,"column":8},"end":{"line":512,"column":31}},"264":{"start":{"line":513,"column":8},"end":{"line":515,"column":11}},"265":{"start":{"line":514,"column":12},"end":{"line":514,"column":51}},"266":{"start":{"line":527,"column":0},"end":{"line":544,"column":2}},"267":{"start":{"line":528,"column":4},"end":{"line":528,"column":36}},"268":{"start":{"line":529,"column":4},"end":{"line":529,"column":27}},"269":{"start":{"line":530,"column":4},"end":{"line":530,"column":26}},"270":{"start":{"line":532,"column":4},"end":{"line":534,"column":5}},"271":{"start":{"line":533,"column":8},"end":{"line":533,"column":15}},"272":{"start":{"line":536,"column":4},"end":{"line":536,"column":63}},"273":{"start":{"line":538,"column":4},"end":{"line":543,"column":5}},"274":{"start":{"line":539,"column":8},"end":{"line":539,"column":31}},"275":{"start":{"line":540,"column":8},"end":{"line":542,"column":11}},"276":{"start":{"line":541,"column":12},"end":{"line":541,"column":51}},"277":{"start":{"line":554,"column":0},"end":{"line":571,"column":2}},"278":{"start":{"line":555,"column":4},"end":{"line":555,"column":36}},"279":{"start":{"line":556,"column":4},"end":{"line":556,"column":27}},"280":{"start":{"line":557,"column":4},"end":{"line":557,"column":26}},"281":{"start":{"line":559,"column":4},"end":{"line":561,"column":5}},"282":{"start":{"line":560,"column":8},"end":{"line":560,"column":15}},"283":{"start":{"line":563,"column":4},"end":{"line":563,"column":63}},"284":{"start":{"line":565,"column":4},"end":{"line":570,"column":5}},"285":{"start":{"line":566,"column":8},"end":{"line":566,"column":31}},"286":{"start":{"line":567,"column":8},"end":{"line":569,"column":11}},"287":{"start":{"line":568,"column":12},"end":{"line":568,"column":51}},"288":{"start":{"line":581,"column":0},"end":{"line":598,"column":2}},"289":{"start":{"line":582,"column":4},"end":{"line":582,"column":36}},"290":{"start":{"line":583,"column":4},"end":{"line":583,"column":27}},"291":{"start":{"line":584,"column":4},"end":{"line":584,"column":26}},"292":{"start":{"line":586,"column":4},"end":{"line":588,"column":5}},"293":{"start":{"line":587,"column":8},"end":{"line":587,"column":15}},"294":{"start":{"line":590,"column":4},"end":{"line":590,"column":63}},"295":{"start":{"line":592,"column":4},"end":{"line":597,"column":5}},"296":{"start":{"line":593,"column":8},"end":{"line":593,"column":31}},"297":{"start":{"line":594,"column":8},"end":{"line":596,"column":11}},"298":{"start":{"line":595,"column":12},"end":{"line":595,"column":51}},"299":{"start":{"line":607,"column":0},"end":{"line":638,"column":2}},"300":{"start":{"line":608,"column":4},"end":{"line":608,"column":36}},"301":{"start":{"line":609,"column":4},"end":{"line":609,"column":65}},"302":{"start":{"line":610,"column":4},"end":{"line":610,"column":27}},"303":{"start":{"line":611,"column":4},"end":{"line":611,"column":28}},"304":{"start":{"line":612,"column":4},"end":{"line":612,"column":26}},"305":{"start":{"line":613,"column":4},"end":{"line":613,"column":26}},"306":{"start":{"line":614,"column":4},"end":{"line":614,"column":26}},"307":{"start":{"line":616,"column":4},"end":{"line":618,"column":5}},"308":{"start":{"line":617,"column":8},"end":{"line":617,"column":15}},"309":{"start":{"line":620,"column":4},"end":{"line":620,"column":63}},"310":{"start":{"line":622,"column":4},"end":{"line":622,"column":27}},"311":{"start":{"line":624,"column":4},"end":{"line":637,"column":5}},"312":{"start":{"line":625,"column":8},"end":{"line":625,"column":46}},"313":{"start":{"line":627,"column":8},"end":{"line":636,"column":11}},"314":{"start":{"line":628,"column":12},"end":{"line":628,"column":88}},"315":{"start":{"line":630,"column":12},"end":{"line":633,"column":13}},"316":{"start":{"line":631,"column":16},"end":{"line":631,"column":75}},"317":{"start":{"line":632,"column":16},"end":{"line":632,"column":74}},"318":{"start":{"line":634,"column":12},"end":{"line":634,"column":71}},"319":{"start":{"line":635,"column":12},"end":{"line":635,"column":32}},"320":{"start":{"line":647,"column":0},"end":{"line":676,"column":2}},"321":{"start":{"line":648,"column":4},"end":{"line":648,"column":32}},"322":{"start":{"line":649,"column":4},"end":{"line":649,"column":26}},"323":{"start":{"line":651,"column":4},"end":{"line":653,"column":5}},"324":{"start":{"line":652,"column":8},"end":{"line":652,"column":15}},"325":{"start":{"line":655,"column":4},"end":{"line":655,"column":58}},"326":{"start":{"line":657,"column":4},"end":{"line":675,"column":5}},"327":{"start":{"line":658,"column":8},"end":{"line":658,"column":35}},"328":{"start":{"line":659,"column":8},"end":{"line":659,"column":50}},"329":{"start":{"line":660,"column":8},"end":{"line":660,"column":44}},"330":{"start":{"line":661,"column":8},"end":{"line":661,"column":41}},"331":{"start":{"line":662,"column":8},"end":{"line":662,"column":80}},"332":{"start":{"line":663,"column":8},"end":{"line":663,"column":78}},"333":{"start":{"line":666,"column":8},"end":{"line":674,"column":9}},"334":{"start":{"line":667,"column":12},"end":{"line":673,"column":13}},"335":{"start":{"line":668,"column":16},"end":{"line":668,"column":60}},"336":{"start":{"line":669,"column":19},"end":{"line":673,"column":13}},"337":{"start":{"line":670,"column":16},"end":{"line":670,"column":44}},"338":{"start":{"line":672,"column":16},"end":{"line":672,"column":39}},"339":{"start":{"line":685,"column":0},"end":{"line":703,"column":2}},"340":{"start":{"line":686,"column":4},"end":{"line":686,"column":36}},"341":{"start":{"line":687,"column":4},"end":{"line":687,"column":27}},"342":{"start":{"line":688,"column":4},"end":{"line":688,"column":26}},"343":{"start":{"line":690,"column":4},"end":{"line":692,"column":5}},"344":{"start":{"line":691,"column":8},"end":{"line":691,"column":15}},"345":{"start":{"line":694,"column":4},"end":{"line":694,"column":63}},"346":{"start":{"line":695,"column":4},"end":{"line":695,"column":27}},"347":{"start":{"line":697,"column":4},"end":{"line":702,"column":5}},"348":{"start":{"line":699,"column":8},"end":{"line":701,"column":11}},"349":{"start":{"line":700,"column":12},"end":{"line":700,"column":79}},"350":{"start":{"line":713,"column":0},"end":{"line":728,"column":2}},"351":{"start":{"line":714,"column":4},"end":{"line":714,"column":32}},"352":{"start":{"line":716,"column":4},"end":{"line":718,"column":5}},"353":{"start":{"line":717,"column":8},"end":{"line":717,"column":15}},"354":{"start":{"line":720,"column":4},"end":{"line":720,"column":62}},"355":{"start":{"line":721,"column":4},"end":{"line":721,"column":40}},"356":{"start":{"line":723,"column":4},"end":{"line":727,"column":5}},"357":{"start":{"line":724,"column":8},"end":{"line":726,"column":9}},"358":{"start":{"line":725,"column":12},"end":{"line":725,"column":44}},"359":{"start":{"line":739,"column":0},"end":{"line":782,"column":2}},"360":{"start":{"line":740,"column":4},"end":{"line":740,"column":32}},"361":{"start":{"line":742,"column":4},"end":{"line":744,"column":5}},"362":{"start":{"line":743,"column":8},"end":{"line":743,"column":15}},"363":{"start":{"line":746,"column":4},"end":{"line":746,"column":31}},"364":{"start":{"line":747,"column":4},"end":{"line":747,"column":64}},"365":{"start":{"line":748,"column":4},"end":{"line":748,"column":47}},"366":{"start":{"line":749,"column":4},"end":{"line":749,"column":52}},"367":{"start":{"line":750,"column":4},"end":{"line":750,"column":28}},"368":{"start":{"line":752,"column":4},"end":{"line":752,"column":63}},"369":{"start":{"line":753,"column":4},"end":{"line":753,"column":60}},"370":{"start":{"line":756,"column":4},"end":{"line":781,"column":5}},"371":{"start":{"line":757,"column":8},"end":{"line":759,"column":9}},"372":{"start":{"line":758,"column":12},"end":{"line":758,"column":77}},"373":{"start":{"line":761,"column":8},"end":{"line":761,"column":41}},"374":{"start":{"line":764,"column":8},"end":{"line":766,"column":9}},"375":{"start":{"line":765,"column":12},"end":{"line":765,"column":19}},"376":{"start":{"line":769,"column":8},"end":{"line":769,"column":44}},"377":{"start":{"line":770,"column":8},"end":{"line":770,"column":57}},"378":{"start":{"line":773,"column":8},"end":{"line":775,"column":9}},"379":{"start":{"line":774,"column":12},"end":{"line":774,"column":37}},"380":{"start":{"line":776,"column":8},"end":{"line":780,"column":9}},"381":{"start":{"line":777,"column":12},"end":{"line":777,"column":28}},"382":{"start":{"line":779,"column":12},"end":{"line":779,"column":28}},"383":{"start":{"line":794,"column":0},"end":{"line":865,"column":2}},"384":{"start":{"line":795,"column":4},"end":{"line":795,"column":32}},"385":{"start":{"line":797,"column":4},"end":{"line":799,"column":5}},"386":{"start":{"line":798,"column":8},"end":{"line":798,"column":15}},"387":{"start":{"line":801,"column":4},"end":{"line":801,"column":31}},"388":{"start":{"line":802,"column":4},"end":{"line":802,"column":64}},"389":{"start":{"line":803,"column":4},"end":{"line":803,"column":47}},"390":{"start":{"line":804,"column":4},"end":{"line":804,"column":24}},"391":{"start":{"line":805,"column":4},"end":{"line":805,"column":66}},"392":{"start":{"line":806,"column":4},"end":{"line":806,"column":32}},"393":{"start":{"line":807,"column":4},"end":{"line":807,"column":33}},"394":{"start":{"line":808,"column":4},"end":{"line":808,"column":33}},"395":{"start":{"line":809,"column":4},"end":{"line":809,"column":28}},"396":{"start":{"line":810,"column":4},"end":{"line":810,"column":21}},"397":{"start":{"line":812,"column":4},"end":{"line":814,"column":5}},"398":{"start":{"line":813,"column":8},"end":{"line":813,"column":74}},"399":{"start":{"line":816,"column":4},"end":{"line":823,"column":5}},"400":{"start":{"line":817,"column":8},"end":{"line":817,"column":32}},"401":{"start":{"line":818,"column":11},"end":{"line":823,"column":5}},"402":{"start":{"line":819,"column":8},"end":{"line":819,"column":32}},"403":{"start":{"line":822,"column":8},"end":{"line":822,"column":15}},"404":{"start":{"line":825,"column":4},"end":{"line":830,"column":5}},"405":{"start":{"line":826,"column":8},"end":{"line":826,"column":50}},"406":{"start":{"line":828,"column":8},"end":{"line":828,"column":64}},"407":{"start":{"line":829,"column":8},"end":{"line":829,"column":47}},"408":{"start":{"line":832,"column":4},"end":{"line":834,"column":5}},"409":{"start":{"line":833,"column":8},"end":{"line":833,"column":15}},"410":{"start":{"line":837,"column":4},"end":{"line":837,"column":36}},"411":{"start":{"line":839,"column":4},"end":{"line":841,"column":7}},"412":{"start":{"line":840,"column":8},"end":{"line":840,"column":24}},"413":{"start":{"line":843,"column":4},"end":{"line":856,"column":5}},"414":{"start":{"line":844,"column":8},"end":{"line":851,"column":11}},"415":{"start":{"line":845,"column":12},"end":{"line":845,"column":39}},"416":{"start":{"line":846,"column":12},"end":{"line":850,"column":13}},"417":{"start":{"line":847,"column":16},"end":{"line":847,"column":32}},"418":{"start":{"line":848,"column":19},"end":{"line":850,"column":13}},"419":{"start":{"line":849,"column":16},"end":{"line":849,"column":37}},"420":{"start":{"line":852,"column":11},"end":{"line":856,"column":5}},"421":{"start":{"line":854,"column":8},"end":{"line":854,"column":61}},"422":{"start":{"line":855,"column":8},"end":{"line":855,"column":49}},"423":{"start":{"line":859,"column":4},"end":{"line":859,"column":40}},"424":{"start":{"line":861,"column":4},"end":{"line":861,"column":36}},"425":{"start":{"line":863,"column":4},"end":{"line":863,"column":37}},"426":{"start":{"line":864,"column":4},"end":{"line":864,"column":53}},"427":{"start":{"line":875,"column":0},"end":{"line":931,"column":2}},"428":{"start":{"line":876,"column":4},"end":{"line":876,"column":32}},"429":{"start":{"line":878,"column":4},"end":{"line":880,"column":5}},"430":{"start":{"line":879,"column":8},"end":{"line":879,"column":15}},"431":{"start":{"line":882,"column":4},"end":{"line":882,"column":31}},"432":{"start":{"line":883,"column":4},"end":{"line":883,"column":64}},"433":{"start":{"line":884,"column":4},"end":{"line":884,"column":47}},"434":{"start":{"line":885,"column":4},"end":{"line":885,"column":63}},"435":{"start":{"line":887,"column":4},"end":{"line":889,"column":5}},"436":{"start":{"line":888,"column":8},"end":{"line":888,"column":68}},"437":{"start":{"line":891,"column":4},"end":{"line":894,"column":5}},"438":{"start":{"line":893,"column":8},"end":{"line":893,"column":15}},"439":{"start":{"line":897,"column":4},"end":{"line":899,"column":5}},"440":{"start":{"line":898,"column":8},"end":{"line":898,"column":15}},"441":{"start":{"line":904,"column":4},"end":{"line":927,"column":5}},"442":{"start":{"line":905,"column":8},"end":{"line":909,"column":9}},"443":{"start":{"line":906,"column":12},"end":{"line":908,"column":13}},"444":{"start":{"line":907,"column":16},"end":{"line":907,"column":59}},"445":{"start":{"line":911,"column":8},"end":{"line":918,"column":9}},"446":{"start":{"line":912,"column":12},"end":{"line":917,"column":13}},"447":{"start":{"line":913,"column":16},"end":{"line":916,"column":17}},"448":{"start":{"line":915,"column":20},"end":{"line":915,"column":51}},"449":{"start":{"line":919,"column":8},"end":{"line":926,"column":9}},"450":{"start":{"line":920,"column":12},"end":{"line":925,"column":13}},"451":{"start":{"line":921,"column":16},"end":{"line":924,"column":17}},"452":{"start":{"line":923,"column":20},"end":{"line":923,"column":67}},"453":{"start":{"line":929,"column":4},"end":{"line":929,"column":36}},"454":{"start":{"line":930,"column":4},"end":{"line":930,"column":53}},"455":{"start":{"line":933,"column":0},"end":{"line":933,"column":40}},"456":{"start":{"line":934,"column":0},"end":{"line":934,"column":36}},"457":{"start":{"line":935,"column":0},"end":{"line":935,"column":42}},"458":{"start":{"line":936,"column":0},"end":{"line":936,"column":34}},"459":{"start":{"line":937,"column":0},"end":{"line":937,"column":36}},"460":{"start":{"line":938,"column":0},"end":{"line":938,"column":38}},"461":{"start":{"line":939,"column":0},"end":{"line":939,"column":36}},"462":{"start":{"line":940,"column":0},"end":{"line":940,"column":38}},"463":{"start":{"line":941,"column":0},"end":{"line":941,"column":34}},"464":{"start":{"line":942,"column":0},"end":{"line":942,"column":34}},"465":{"start":{"line":943,"column":0},"end":{"line":943,"column":32}},"466":{"start":{"line":944,"column":0},"end":{"line":944,"column":34}},"467":{"start":{"line":949,"column":0},"end":{"line":951,"column":3}},"468":{"start":{"line":952,"column":0},"end":{"line":966,"column":2}},"469":{"start":{"line":967,"column":0},"end":{"line":967,"column":48}},"470":{"start":{"line":968,"column":0},"end":{"line":968,"column":33}},"471":{"start":{"line":971,"column":0},"end":{"line":975,"column":2}},"472":{"start":{"line":977,"column":0},"end":{"line":977,"column":36}},"473":{"start":{"line":978,"column":0},"end":{"line":978,"column":38}},"474":{"start":{"line":979,"column":0},"end":{"line":979,"column":44}},"475":{"start":{"line":980,"column":0},"end":{"line":980,"column":48}},"476":{"start":{"line":985,"column":0},"end":{"line":987,"column":3}},"477":{"start":{"line":989,"column":0},"end":{"line":989,"column":30}},"478":{"start":{"line":991,"column":0},"end":{"line":991,"column":42}},"479":{"start":{"line":993,"column":0},"end":{"line":993,"column":272}},"480":{"start":{"line":993,"column":40},"end":{"line":993,"column":270}},"481":{"start":{"line":993,"column":69},"end":{"line":993,"column":80}},"482":{"start":{"line":993,"column":90},"end":{"line":993,"column":106}},"483":{"start":{"line":993,"column":107},"end":{"line":993,"column":228}},"484":{"start":{"line":993,"column":126},"end":{"line":993,"column":226}},"485":{"start":{"line":993,"column":149},"end":{"line":993,"column":224}},"486":{"start":{"line":993,"column":201},"end":{"line":993,"column":224}},"487":{"start":{"line":993,"column":229},"end":{"line":993,"column":253}},"488":{"start":{"line":993,"column":254},"end":{"line":993,"column":268}},"489":{"start":{"line":995,"column":0},"end":{"line":995,"column":29}},"490":{"start":{"line":1004,"column":0},"end":{"line":1014,"column":2}},"491":{"start":{"line":1005,"column":4},"end":{"line":1005,"column":30}},"492":{"start":{"line":1006,"column":4},"end":{"line":1006,"column":34}},"493":{"start":{"line":1007,"column":4},"end":{"line":1013,"column":5}},"494":{"start":{"line":1008,"column":8},"end":{"line":1008,"column":36}},"495":{"start":{"line":1009,"column":8},"end":{"line":1011,"column":9}},"496":{"start":{"line":1010,"column":12},"end":{"line":1010,"column":32}},"497":{"start":{"line":1012,"column":8},"end":{"line":1012,"column":39}},"498":{"start":{"line":1016,"column":0},"end":{"line":1022,"column":2}},"499":{"start":{"line":1017,"column":4},"end":{"line":1017,"column":17}},"500":{"start":{"line":1018,"column":4},"end":{"line":1020,"column":7}},"501":{"start":{"line":1019,"column":8},"end":{"line":1019,"column":36}},"502":{"start":{"line":1021,"column":4},"end":{"line":1021,"column":15}},"503":{"start":{"line":1024,"column":0},"end":{"line":1089,"column":2}},"504":{"start":{"line":1025,"column":4},"end":{"line":1025,"column":92}},"505":{"start":{"line":1026,"column":4},"end":{"line":1026,"column":94}},"506":{"start":{"line":1027,"column":4},"end":{"line":1027,"column":33}},"507":{"start":{"line":1029,"column":4},"end":{"line":1029,"column":26}},"508":{"start":{"line":1031,"column":4},"end":{"line":1033,"column":5}},"509":{"start":{"line":1032,"column":8},"end":{"line":1032,"column":60}},"510":{"start":{"line":1035,"column":4},"end":{"line":1035,"column":70}},"511":{"start":{"line":1037,"column":4},"end":{"line":1039,"column":6}},"512":{"start":{"line":1038,"column":8},"end":{"line":1038,"column":38}},"513":{"start":{"line":1041,"column":4},"end":{"line":1043,"column":6}},"514":{"start":{"line":1042,"column":8},"end":{"line":1042,"column":78}},"515":{"start":{"line":1045,"column":4},"end":{"line":1083,"column":6}},"516":{"start":{"line":1046,"column":8},"end":{"line":1046,"column":111}},"517":{"start":{"line":1048,"column":8},"end":{"line":1048,"column":29}},"518":{"start":{"line":1049,"column":8},"end":{"line":1049,"column":31}},"519":{"start":{"line":1050,"column":8},"end":{"line":1050,"column":31}},"520":{"start":{"line":1052,"column":8},"end":{"line":1081,"column":9}},"521":{"start":{"line":1053,"column":12},"end":{"line":1055,"column":13}},"522":{"start":{"line":1054,"column":16},"end":{"line":1054,"column":29}},"523":{"start":{"line":1057,"column":12},"end":{"line":1057,"column":48}},"524":{"start":{"line":1059,"column":12},"end":{"line":1080,"column":15}},"525":{"start":{"line":1060,"column":16},"end":{"line":1079,"column":17}},"526":{"start":{"line":1061,"column":20},"end":{"line":1061,"column":64}},"527":{"start":{"line":1062,"column":20},"end":{"line":1062,"column":52}},"528":{"start":{"line":1063,"column":20},"end":{"line":1066,"column":22}},"529":{"start":{"line":1078,"column":20},"end":{"line":1078,"column":54}},"530":{"start":{"line":1082,"column":8},"end":{"line":1082,"column":20}},"531":{"start":{"line":1085,"column":4},"end":{"line":1087,"column":5}},"532":{"start":{"line":1086,"column":8},"end":{"line":1086,"column":37}},"533":{"start":{"line":1088,"column":4},"end":{"line":1088,"column":24}},"534":{"start":{"line":1091,"column":0},"end":{"line":1091,"column":40}},"535":{"start":{"line":1096,"column":0},"end":{"line":1096,"column":34}},"536":{"start":{"line":1098,"column":0},"end":{"line":1098,"column":46}},"537":{"start":{"line":1100,"column":0},"end":{"line":1100,"column":34}},"538":{"start":{"line":1102,"column":0},"end":{"line":1102,"column":47}},"539":{"start":{"line":1104,"column":0},"end":{"line":1104,"column":97}},"540":{"start":{"line":1104,"column":39},"end":{"line":1104,"column":95}},"541":{"start":{"line":1106,"column":0},"end":{"line":1106,"column":272}},"542":{"start":{"line":1106,"column":40},"end":{"line":1106,"column":270}},"543":{"start":{"line":1106,"column":69},"end":{"line":1106,"column":80}},"544":{"start":{"line":1106,"column":90},"end":{"line":1106,"column":106}},"545":{"start":{"line":1106,"column":107},"end":{"line":1106,"column":228}},"546":{"start":{"line":1106,"column":126},"end":{"line":1106,"column":226}},"547":{"start":{"line":1106,"column":149},"end":{"line":1106,"column":224}},"548":{"start":{"line":1106,"column":201},"end":{"line":1106,"column":224}},"549":{"start":{"line":1106,"column":229},"end":{"line":1106,"column":253}},"550":{"start":{"line":1106,"column":254},"end":{"line":1106,"column":268}},"551":{"start":{"line":1108,"column":0},"end":{"line":1108,"column":39}},"552":{"start":{"line":1109,"column":0},"end":{"line":1109,"column":47}},"553":{"start":{"line":1111,"column":0},"end":{"line":1120,"column":2}},"554":{"start":{"line":1112,"column":4},"end":{"line":1112,"column":90}},"555":{"start":{"line":1114,"column":4},"end":{"line":1116,"column":5}},"556":{"start":{"line":1115,"column":8},"end":{"line":1115,"column":59}},"557":{"start":{"line":1117,"column":4},"end":{"line":1119,"column":5}},"558":{"start":{"line":1118,"column":8},"end":{"line":1118,"column":67}},"559":{"start":{"line":1122,"column":0},"end":{"line":1127,"column":2}},"560":{"start":{"line":1123,"column":4},"end":{"line":1123,"column":93}},"561":{"start":{"line":1125,"column":4},"end":{"line":1125,"column":42}},"562":{"start":{"line":1126,"column":4},"end":{"line":1126,"column":74}},"563":{"start":{"line":1130,"column":0},"end":{"line":1133,"column":2}},"564":{"start":{"line":1138,"column":0},"end":{"line":1140,"column":3}},"565":{"start":{"line":1141,"column":0},"end":{"line":1141,"column":144}},"566":{"start":{"line":1143,"column":0},"end":{"line":1143,"column":30}},"567":{"start":{"line":1145,"column":0},"end":{"line":1145,"column":42}},"568":{"start":{"line":1147,"column":0},"end":{"line":1147,"column":272}},"569":{"start":{"line":1147,"column":40},"end":{"line":1147,"column":270}},"570":{"start":{"line":1147,"column":69},"end":{"line":1147,"column":80}},"571":{"start":{"line":1147,"column":90},"end":{"line":1147,"column":106}},"572":{"start":{"line":1147,"column":107},"end":{"line":1147,"column":228}},"573":{"start":{"line":1147,"column":126},"end":{"line":1147,"column":226}},"574":{"start":{"line":1147,"column":149},"end":{"line":1147,"column":224}},"575":{"start":{"line":1147,"column":201},"end":{"line":1147,"column":224}},"576":{"start":{"line":1147,"column":229},"end":{"line":1147,"column":253}},"577":{"start":{"line":1147,"column":254},"end":{"line":1147,"column":268}},"578":{"start":{"line":1159,"column":0},"end":{"line":1159,"column":16}},"579":{"start":{"line":1161,"column":0},"end":{"line":1191,"column":2}},"580":{"start":{"line":1162,"column":4},"end":{"line":1162,"column":92}},"581":{"start":{"line":1163,"column":4},"end":{"line":1163,"column":91}},"582":{"start":{"line":1164,"column":4},"end":{"line":1164,"column":26}},"583":{"start":{"line":1165,"column":4},"end":{"line":1165,"column":91}},"584":{"start":{"line":1167,"column":4},"end":{"line":1169,"column":5}},"585":{"start":{"line":1168,"column":8},"end":{"line":1168,"column":15}},"586":{"start":{"line":1171,"column":4},"end":{"line":1171,"column":28}},"587":{"start":{"line":1172,"column":4},"end":{"line":1172,"column":29}},"588":{"start":{"line":1174,"column":4},"end":{"line":1174,"column":62}},"589":{"start":{"line":1175,"column":4},"end":{"line":1175,"column":48}},"590":{"start":{"line":1177,"column":4},"end":{"line":1183,"column":7}},"591":{"start":{"line":1178,"column":8},"end":{"line":1182,"column":9}},"592":{"start":{"line":1179,"column":12},"end":{"line":1179,"column":70}},"593":{"start":{"line":1180,"column":12},"end":{"line":1180,"column":39}},"594":{"start":{"line":1181,"column":12},"end":{"line":1181,"column":24}},"595":{"start":{"line":1185,"column":4},"end":{"line":1190,"column":5}},"596":{"start":{"line":1186,"column":8},"end":{"line":1186,"column":24}},"597":{"start":{"line":1187,"column":8},"end":{"line":1187,"column":66}},"598":{"start":{"line":1188,"column":8},"end":{"line":1188,"column":35}},"599":{"start":{"line":1189,"column":8},"end":{"line":1189,"column":43}},"600":{"start":{"line":1193,"column":0},"end":{"line":1199,"column":2}},"601":{"start":{"line":1194,"column":4},"end":{"line":1194,"column":92}},"602":{"start":{"line":1195,"column":4},"end":{"line":1195,"column":91}},"603":{"start":{"line":1196,"column":4},"end":{"line":1196,"column":26}},"604":{"start":{"line":1198,"column":4},"end":{"line":1198,"column":50}},"605":{"start":{"line":1201,"column":0},"end":{"line":1229,"column":2}},"606":{"start":{"line":1202,"column":4},"end":{"line":1202,"column":88}},"607":{"start":{"line":1203,"column":4},"end":{"line":1203,"column":91}},"608":{"start":{"line":1205,"column":4},"end":{"line":1207,"column":5}},"609":{"start":{"line":1206,"column":8},"end":{"line":1206,"column":15}},"610":{"start":{"line":1209,"column":4},"end":{"line":1209,"column":14}},"611":{"start":{"line":1210,"column":4},"end":{"line":1210,"column":30}},"612":{"start":{"line":1211,"column":4},"end":{"line":1211,"column":28}},"613":{"start":{"line":1213,"column":4},"end":{"line":1213,"column":62}},"614":{"start":{"line":1215,"column":4},"end":{"line":1224,"column":5}},"615":{"start":{"line":1216,"column":8},"end":{"line":1216,"column":53}},"616":{"start":{"line":1217,"column":8},"end":{"line":1223,"column":9}},"617":{"start":{"line":1218,"column":12},"end":{"line":1218,"column":46}},"618":{"start":{"line":1219,"column":12},"end":{"line":1222,"column":13}},"619":{"start":{"line":1220,"column":16},"end":{"line":1220,"column":47}},"620":{"start":{"line":1221,"column":16},"end":{"line":1221,"column":22}},"621":{"start":{"line":1226,"column":4},"end":{"line":1228,"column":5}},"622":{"start":{"line":1227,"column":8},"end":{"line":1227,"column":33}},"623":{"start":{"line":1236,"column":0},"end":{"line":1245,"column":2}},"624":{"start":{"line":1237,"column":4},"end":{"line":1237,"column":88}},"625":{"start":{"line":1239,"column":4},"end":{"line":1241,"column":5}},"626":{"start":{"line":1240,"column":8},"end":{"line":1240,"column":15}},"627":{"start":{"line":1242,"column":4},"end":{"line":1244,"column":7}},"628":{"start":{"line":1243,"column":8},"end":{"line":1243,"column":44}},"629":{"start":{"line":1247,"column":0},"end":{"line":1271,"column":2}},"630":{"start":{"line":1248,"column":4},"end":{"line":1250,"column":5}},"631":{"start":{"line":1249,"column":8},"end":{"line":1249,"column":41}},"632":{"start":{"line":1252,"column":4},"end":{"line":1252,"column":91}},"633":{"start":{"line":1254,"column":4},"end":{"line":1256,"column":5}},"634":{"start":{"line":1255,"column":8},"end":{"line":1255,"column":15}},"635":{"start":{"line":1258,"column":4},"end":{"line":1258,"column":62}},"636":{"start":{"line":1260,"column":4},"end":{"line":1270,"column":7}},"637":{"start":{"line":1261,"column":8},"end":{"line":1269,"column":11}},"638":{"start":{"line":1262,"column":12},"end":{"line":1268,"column":13}},"639":{"start":{"line":1263,"column":16},"end":{"line":1263,"column":69}},"640":{"start":{"line":1264,"column":16},"end":{"line":1266,"column":17}},"641":{"start":{"line":1265,"column":20},"end":{"line":1265,"column":56}},"642":{"start":{"line":1267,"column":16},"end":{"line":1267,"column":27}},"643":{"start":{"line":1273,"column":0},"end":{"line":1273,"column":40}},"644":{"start":{"line":1274,"column":0},"end":{"line":1274,"column":48}},"645":{"start":{"line":1275,"column":0},"end":{"line":1275,"column":44}},"646":{"start":{"line":1276,"column":0},"end":{"line":1276,"column":50}},"647":{"start":{"line":1277,"column":0},"end":{"line":1277,"column":36}},"648":{"start":{"line":1282,"column":0},"end":{"line":1284,"column":3}},"649":{"start":{"line":1286,"column":0},"end":{"line":1286,"column":269}},"650":{"start":{"line":1286,"column":101},"end":{"line":1286,"column":119}},"651":{"start":{"line":1286,"column":141},"end":{"line":1286,"column":266}},"652":{"start":{"line":1289,"column":0},"end":{"line":1289,"column":19}},"653":{"start":{"line":1291,"column":0},"end":{"line":1291,"column":31}},"654":{"start":{"line":1293,"column":0},"end":{"line":1296,"column":2}},"655":{"start":{"line":1298,"column":0},"end":{"line":1304,"column":2}},"656":{"start":{"line":1299,"column":4},"end":{"line":1299,"column":26}},"657":{"start":{"line":1300,"column":4},"end":{"line":1302,"column":7}},"658":{"start":{"line":1301,"column":8},"end":{"line":1301,"column":29}},"659":{"start":{"line":1303,"column":4},"end":{"line":1303,"column":24}},"660":{"start":{"line":1306,"column":0},"end":{"line":1308,"column":2}},"661":{"start":{"line":1307,"column":4},"end":{"line":1307,"column":102}},"662":{"start":{"line":1310,"column":0},"end":{"line":1312,"column":2}},"663":{"start":{"line":1311,"column":4},"end":{"line":1311,"column":159}},"664":{"start":{"line":1314,"column":0},"end":{"line":1337,"column":2}},"665":{"start":{"line":1315,"column":4},"end":{"line":1315,"column":22}},"666":{"start":{"line":1316,"column":4},"end":{"line":1316,"column":22}},"667":{"start":{"line":1318,"column":4},"end":{"line":1320,"column":5}},"668":{"start":{"line":1319,"column":8},"end":{"line":1319,"column":21}},"669":{"start":{"line":1323,"column":4},"end":{"line":1323,"column":27}},"670":{"start":{"line":1324,"column":4},"end":{"line":1324,"column":49}},"671":{"start":{"line":1324,"column":36},"end":{"line":1324,"column":49}},"672":{"start":{"line":1327,"column":4},"end":{"line":1327,"column":26}},"673":{"start":{"line":1328,"column":4},"end":{"line":1328,"column":49}},"674":{"start":{"line":1328,"column":36},"end":{"line":1328,"column":49}},"675":{"start":{"line":1331,"column":4},"end":{"line":1333,"column":5}},"676":{"start":{"line":1332,"column":8},"end":{"line":1332,"column":21}},"677":{"start":{"line":1336,"column":4},"end":{"line":1336,"column":16}},"678":{"start":{"line":1339,"column":0},"end":{"line":1344,"column":2}},"679":{"start":{"line":1340,"column":4},"end":{"line":1342,"column":5}},"680":{"start":{"line":1341,"column":8},"end":{"line":1341,"column":60}},"681":{"start":{"line":1343,"column":4},"end":{"line":1343,"column":17}},"682":{"start":{"line":1353,"column":0},"end":{"line":1355,"column":2}},"683":{"start":{"line":1354,"column":4},"end":{"line":1354,"column":28}},"684":{"start":{"line":1365,"column":0},"end":{"line":1367,"column":2}},"685":{"start":{"line":1366,"column":4},"end":{"line":1366,"column":35}},"686":{"start":{"line":1369,"column":0},"end":{"line":1373,"column":2}},"687":{"start":{"line":1371,"column":4},"end":{"line":1371,"column":111}},"688":{"start":{"line":1372,"column":4},"end":{"line":1372,"column":27}},"689":{"start":{"line":1382,"column":0},"end":{"line":1386,"column":2}},"690":{"start":{"line":1383,"column":4},"end":{"line":1385,"column":7}},"691":{"start":{"line":1384,"column":8},"end":{"line":1384,"column":45}},"692":{"start":{"line":1388,"column":0},"end":{"line":1397,"column":2}},"693":{"start":{"line":1389,"column":4},"end":{"line":1389,"column":40}},"694":{"start":{"line":1390,"column":4},"end":{"line":1390,"column":18}},"695":{"start":{"line":1392,"column":4},"end":{"line":1394,"column":7}},"696":{"start":{"line":1393,"column":8},"end":{"line":1393,"column":37}},"697":{"start":{"line":1396,"column":4},"end":{"line":1396,"column":16}},"698":{"start":{"line":1406,"column":0},"end":{"line":1416,"column":2}},"699":{"start":{"line":1407,"column":4},"end":{"line":1407,"column":51}},"700":{"start":{"line":1409,"column":4},"end":{"line":1414,"column":5}},"701":{"start":{"line":1410,"column":8},"end":{"line":1410,"column":44}},"702":{"start":{"line":1411,"column":8},"end":{"line":1413,"column":11}},"703":{"start":{"line":1412,"column":12},"end":{"line":1412,"column":36}},"704":{"start":{"line":1415,"column":4},"end":{"line":1415,"column":21}},"705":{"start":{"line":1418,"column":0},"end":{"line":1423,"column":2}},"706":{"start":{"line":1419,"column":4},"end":{"line":1422,"column":11}},"707":{"start":{"line":1420,"column":8},"end":{"line":1420,"column":34}},"708":{"start":{"line":1421,"column":8},"end":{"line":1421,"column":19}},"709":{"start":{"line":1432,"column":0},"end":{"line":1456,"column":2}},"710":{"start":{"line":1433,"column":4},"end":{"line":1433,"column":87}},"711":{"start":{"line":1435,"column":4},"end":{"line":1455,"column":15}},"712":{"start":{"line":1436,"column":8},"end":{"line":1436,"column":33}},"713":{"start":{"line":1437,"column":8},"end":{"line":1437,"column":22}},"714":{"start":{"line":1440,"column":8},"end":{"line":1454,"column":10}},"715":{"start":{"line":1441,"column":12},"end":{"line":1441,"column":39}},"716":{"start":{"line":1443,"column":12},"end":{"line":1443,"column":30}},"717":{"start":{"line":1445,"column":12},"end":{"line":1445,"column":94}},"718":{"start":{"line":1447,"column":12},"end":{"line":1447,"column":47}},"719":{"start":{"line":1448,"column":12},"end":{"line":1451,"column":15}},"720":{"start":{"line":1449,"column":16},"end":{"line":1449,"column":161}},"721":{"start":{"line":1450,"column":16},"end":{"line":1450,"column":37}},"722":{"start":{"line":1453,"column":12},"end":{"line":1453,"column":35}},"723":{"start":{"line":1465,"column":0},"end":{"line":1495,"column":2}},"724":{"start":{"line":1466,"column":4},"end":{"line":1466,"column":25}},"725":{"start":{"line":1467,"column":4},"end":{"line":1467,"column":29}},"726":{"start":{"line":1468,"column":4},"end":{"line":1468,"column":27}},"727":{"start":{"line":1470,"column":4},"end":{"line":1472,"column":5}},"728":{"start":{"line":1471,"column":8},"end":{"line":1471,"column":23}},"729":{"start":{"line":1473,"column":4},"end":{"line":1476,"column":5}},"730":{"start":{"line":1474,"column":8},"end":{"line":1474,"column":23}},"731":{"start":{"line":1475,"column":8},"end":{"line":1475,"column":87}},"732":{"start":{"line":1477,"column":4},"end":{"line":1477,"column":17}},"733":{"start":{"line":1478,"column":4},"end":{"line":1478,"column":46}},"734":{"start":{"line":1480,"column":4},"end":{"line":1485,"column":5}},"735":{"start":{"line":1481,"column":8},"end":{"line":1484,"column":9}},"736":{"start":{"line":1482,"column":12},"end":{"line":1482,"column":52}},"737":{"start":{"line":1483,"column":12},"end":{"line":1483,"column":62}},"738":{"start":{"line":1487,"column":4},"end":{"line":1493,"column":5}},"739":{"start":{"line":1488,"column":8},"end":{"line":1492,"column":11}},"740":{"start":{"line":1489,"column":12},"end":{"line":1491,"column":13}},"741":{"start":{"line":1490,"column":16},"end":{"line":1490,"column":37}},"742":{"start":{"line":1494,"column":4},"end":{"line":1494,"column":19}},"743":{"start":{"line":1504,"column":0},"end":{"line":1538,"column":2}},"744":{"start":{"line":1505,"column":4},"end":{"line":1507,"column":5}},"745":{"start":{"line":1506,"column":8},"end":{"line":1506,"column":44}},"746":{"start":{"line":1509,"column":4},"end":{"line":1509,"column":96}},"747":{"start":{"line":1510,"column":4},"end":{"line":1510,"column":30}},"748":{"start":{"line":1512,"column":4},"end":{"line":1514,"column":5}},"749":{"start":{"line":1513,"column":8},"end":{"line":1513,"column":22}},"750":{"start":{"line":1515,"column":4},"end":{"line":1515,"column":33}},"751":{"start":{"line":1516,"column":4},"end":{"line":1518,"column":5}},"752":{"start":{"line":1517,"column":8},"end":{"line":1517,"column":22}},"753":{"start":{"line":1520,"column":4},"end":{"line":1522,"column":5}},"754":{"start":{"line":1521,"column":8},"end":{"line":1521,"column":69}},"755":{"start":{"line":1524,"column":4},"end":{"line":1535,"column":5}},"756":{"start":{"line":1525,"column":8},"end":{"line":1534,"column":11}},"757":{"start":{"line":1526,"column":12},"end":{"line":1533,"column":13}},"758":{"start":{"line":1527,"column":16},"end":{"line":1529,"column":17}},"759":{"start":{"line":1528,"column":20},"end":{"line":1528,"column":37}},"760":{"start":{"line":1530,"column":16},"end":{"line":1530,"column":49}},"761":{"start":{"line":1532,"column":16},"end":{"line":1532,"column":42}},"762":{"start":{"line":1537,"column":4},"end":{"line":1537,"column":67}},"763":{"start":{"line":1540,"column":0},"end":{"line":1542,"column":2}},"764":{"start":{"line":1541,"column":4},"end":{"line":1541,"column":101}},"765":{"start":{"line":1544,"column":0},"end":{"line":1546,"column":2}},"766":{"start":{"line":1545,"column":4},"end":{"line":1545,"column":44}},"767":{"start":{"line":1548,"column":0},"end":{"line":1548,"column":22}},"768":{"start":{"line":1549,"column":0},"end":{"line":1549,"column":26}},"769":{"start":{"line":1550,"column":0},"end":{"line":1550,"column":38}},"770":{"start":{"line":1551,"column":0},"end":{"line":1551,"column":38}},"771":{"start":{"line":1552,"column":0},"end":{"line":1552,"column":24}},"772":{"start":{"line":1553,"column":0},"end":{"line":1553,"column":52}},"773":{"start":{"line":1554,"column":0},"end":{"line":1554,"column":46}},"774":{"start":{"line":1555,"column":0},"end":{"line":1555,"column":46}},"775":{"start":{"line"
[...]
ne":993,"column":107},"end":{"line":993,"column":107}}]},"162":{"line":993,"type":"if","locations":[{"start":{"line":993,"column":149},"end":{"line":993,"column":149}},{"start":{"line":993,"column":149},"end":{"line":993,"column":149}}]},"163":{"line":1009,"type":"if","locations":[{"start":{"line":1009,"column":8},"end":{"line":1009,"column":8}},{"start":{"line":1009,"column":8},"end":{"line":1009,"column":8}}]},"164":{"line":1025,"type":"cond-expr","locations":[{"start":{"line":1025,"column":72},"end":{"line":1025,"column":84}},{"start":{"line":1025,"column":87},"end":{"line":1025,"column":91}}]},"165":{"line":1025,"type":"binary-expr","locations":[{"start":{"line":1025,"column":19},"end":{"line":1025,"column":39}},{"start":{"line":1025,"column":43},"end":{"line":1025,"column":69}}]},"166":{"line":1026,"type":"cond-expr","locations":[{"start":{"line":1026,"column":76},"end":{"line":1026,"column":88}},{"start":{"line":1026,"column":91},"end":{"line":1026,"column":93}}]},"167":{"line":1026,"type":"binary-expr","locations":[{"start":{"line":1026,"column":23},"end":{"line":1026,"column":43}},{"start":{"line":1026,"column":47},"end":{"line":1026,"column":73}}]},"168":{"line":1031,"type":"if","locations":[{"start":{"line":1031,"column":4},"end":{"line":1031,"column":4}},{"start":{"line":1031,"column":4},"end":{"line":1031,"column":4}}]},"169":{"line":1035,"type":"binary-expr","locations":[{"start":{"line":1035,"column":22},"end":{"line":1035,"column":37}},{"start":{"line":1035,"column":41},"end":{"line":1035,"column":69}}]},"170":{"line":1041,"type":"cond-expr","locations":[{"start":{"line":1041,"column":61},"end":{"line":1041,"column":70}},{"start":{"line":1041,"column":73},"end":{"line":1043,"column":5}}]},"171":{"line":1042,"type":"binary-expr","locations":[{"start":{"line":1042,"column":15},"end":{"line":1042,"column":37}},{"start":{"line":1042,"column":41},"end":{"line":1042,"column":77}}]},"172":{"line":1046,"type":"cond-expr","locations":[{"start":{"line":1046,"column":79},"end":{"line":1046,"column":91}},{"start":{"line":1046,"column":94},"end":{"line":1046,"column":110}}]},"173":{"line":1046,"type":"binary-expr","locations":[{"start":{"line":1046,"column":26},"end":{"line":1046,"column":46}},{"start":{"line":1046,"column":50},"end":{"line":1046,"column":76}}]},"174":{"line":1052,"type":"if","locations":[{"start":{"line":1052,"column":8},"end":{"line":1052,"column":8}},{"start":{"line":1052,"column":8},"end":{"line":1052,"column":8}}]},"175":{"line":1052,"type":"binary-expr","locations":[{"start":{"line":1052,"column":12},"end":{"line":1052,"column":31}},{"start":{"line":1052,"column":35},"end":{"line":1052,"column":55}}]},"176":{"line":1053,"type":"if","locations":[{"start":{"line":1053,"column":12},"end":{"line":1053,"column":12}},{"start":{"line":1053,"column":12},"end":{"line":1053,"column":12}}]},"177":{"line":1060,"type":"if","locations":[{"start":{"line":1060,"column":16},"end":{"line":1060,"column":16}},{"start":{"line":1060,"column":16},"end":{"line":1060,"column":16}}]},"178":{"line":1060,"type":"binary-expr","locations":[{"start":{"line":1060,"column":20},"end":{"line":1060,"column":40}},{"start":{"line":1060,"column":44},"end":{"line":1060,"column":56}}]},"179":{"line":1061,"type":"binary-expr","locations":[{"start":{"line":1061,"column":40},"end":{"line":1061,"column":57}},{"start":{"line":1061,"column":61},"end":{"line":1061,"column":63}}]},"180":{"line":1085,"type":"if","locations":[{"start":{"line":1085,"column":4},"end":{"line":1085,"column":4}},{"start":{"line":1085,"column":4},"end":{"line":1085,"column":4}}]},"181":{"line":1104,"type":"cond-expr","locations":[{"start":{"line":1104,"column":70},"end":{"line":1104,"column":73}},{"start":{"line":1104,"column":76},"end":{"line":1104,"column":94}}]},"182":{"line":1104,"type":"binary-expr","locations":[{"start":{"line":1104,"column":46},"end":{"line":1104,"column":49}},{"start":{"line":1104,"column":53},"end":{"line":1104,"column":67}}]},"183":{"line":1106,"type":"if","locations":[{"start":{"line":1106,"column":40},"end":{"line":1106,"column":40}},{"start":{"line":1106,"column":40},"end":{"line":1106,"column":40}}]},"184":{"line":1106,"type":"binary-expr","locations":[{"start":{"line":1106,"column":44},"end":{"line":1106,"column":47}},{"start":{"line":1106,"column":51},"end":{"line":1106,"column":65}}]},"185":{"line":1106,"type":"if","locations":[{"start":{"line":1106,"column":107},"end":{"line":1106,"column":107}},{"start":{"line":1106,"column":107},"end":{"line":1106,"column":107}}]},"186":{"line":1106,"type":"if","locations":[{"start":{"line":1106,"column":149},"end":{"line":1106,"column":149}},{"start":{"line":1106,"column":149},"end":{"line":1106,"column":149}}]},"187":{"line":1112,"type":"cond-expr","locations":[{"start":{"line":1112,"column":72},"end":{"line":1112,"column":84}},{"start":{"line":1112,"column":87},"end":{"line":1112,"column":89}}]},"188":{"line":1112,"type":"binary-expr","locations":[{"start":{"line":1112,"column":19},"end":{"line":1112,"column":39}},{"start":{"line":1112,"column":43},"end":{"line":1112,"column":69}}]},"189":{"line":1114,"type":"if","locations":[{"start":{"line":1114,"column":4},"end":{"line":1114,"column":4}},{"start":{"line":1114,"column":4},"end":{"line":1114,"column":4}}]},"190":{"line":1117,"type":"if","locations":[{"start":{"line":1117,"column":4},"end":{"line":1117,"column":4}},{"start":{"line":1117,"column":4},"end":{"line":1117,"column":4}}]},"191":{"line":1123,"type":"cond-expr","locations":[{"start":{"line":1123,"column":73},"end":{"line":1123,"column":85}},{"start":{"line":1123,"column":88},"end":{"line":1123,"column":92}}]},"192":{"line":1123,"type":"binary-expr","locations":[{"start":{"line":1123,"column":20},"end":{"line":1123,"column":40}},{"start":{"line":1123,"column":44},"end":{"line":1123,"column":70}}]},"193":{"line":1147,"type":"if","locations":[{"start":{"line":1147,"column":40},"end":{"line":1147,"column":40}},{"start":{"line":1147,"column":40},"end":{"line":1147,"column":40}}]},"194":{"line":1147,"type":"binary-expr","locations":[{"start":{"line":1147,"column":44},"end":{"line":1147,"column":47}},{"start":{"line":1147,"column":51},"end":{"line":1147,"column":65}}]},"195":{"line":1147,"type":"if","locations":[{"start":{"line":1147,"column":107},"end":{"line":1147,"column":107}},{"start":{"line":1147,"column":107},"end":{"line":1147,"column":107}}]},"196":{"line":1147,"type":"if","locations":[{"start":{"line":1147,"column":149},"end":{"line":1147,"column":149}},{"start":{"line":1147,"column":149},"end":{"line":1147,"column":149}}]},"197":{"line":1162,"type":"cond-expr","locations":[{"start":{"line":1162,"column":72},"end":{"line":1162,"column":84}},{"start":{"line":1162,"column":87},"end":{"line":1162,"column":91}}]},"198":{"line":1162,"type":"binary-expr","locations":[{"start":{"line":1162,"column":19},"end":{"line":1162,"column":39}},{"start":{"line":1162,"column":43},"end":{"line":1162,"column":69}}]},"199":{"line":1163,"type":"cond-expr","locations":[{"start":{"line":1163,"column":73},"end":{"line":1163,"column":85}},{"start":{"line":1163,"column":88},"end":{"line":1163,"column":90}}]},"200":{"line":1163,"type":"binary-expr","locations":[{"start":{"line":1163,"column":20},"end":{"line":1163,"column":40}},{"start":{"line":1163,"column":44},"end":{"line":1163,"column":70}}]},"201":{"line":1165,"type":"cond-expr","locations":[{"start":{"line":1165,"column":70},"end":{"line":1165,"column":82}},{"start":{"line":1165,"column":85},"end":{"line":1165,"column":90}}]},"202":{"line":1165,"type":"binary-expr","locations":[{"start":{"line":1165,"column":17},"end":{"line":1165,"column":37}},{"start":{"line":1165,"column":41},"end":{"line":1165,"column":67}}]},"203":{"line":1167,"type":"if","locations":[{"start":{"line":1167,"column":4},"end":{"line":1167,"column":4}},{"start":{"line":1167,"column":4},"end":{"line":1167,"column":4}}]},"204":{"line":1167,"type":"binary-expr","locations":[{"start":{"line":1167,"column":8},"end":{"line":1167,"column":17}},{"start":{"line":1167,"column":21},"end":{"line":1167,"column":37}},{"start":{"line":1167,"column":41},"end":{"line":1167,"column":51}},{"start":{"line":1167,"column":55},"end":{"line":1167,"column":79}}]},"205":{"line":1175,"type":"binary-expr","locations":[{"start":{"line":1175,"column":24},"end":{"line":1175,"column":41}},{"start":{"line":1175,"column":45},"end":{"line":1175,"column":47}}]},"206":{"line":1178,"type":"if","locations":[{"start":{"line":1178,"column":8},"end":{"line":1178,"column":8}},{"start":{"line":1178,"column":8},"end":{"line":1178,"column":8}}]},"207":{"line":1185,"type":"if","locations":[{"start":{"line":1185,"column":4},"end":{"line":1185,"column":4}},{"start":{"line":1185,"column":4},"end":{"line":1185,"column":4}}]},"208":{"line":1194,"type":"cond-expr","locations":[{"start":{"line":1194,"column":72},"end":{"line":1194,"column":84}},{"start":{"line":1194,"column":87},"end":{"line":1194,"column":91}}]},"209":{"line":1194,"type":"binary-expr","locations":[{"start":{"line":1194,"column":19},"end":{"line":1194,"column":39}},{"start":{"line":1194,"column":43},"end":{"line":1194,"column":69}}]},"210":{"line":1195,"type":"cond-expr","locations":[{"start":{"line":1195,"column":73},"end":{"line":1195,"column":85}},{"start":{"line":1195,"column":88},"end":{"line":1195,"column":90}}]},"211":{"line":1195,"type":"binary-expr","locations":[{"start":{"line":1195,"column":20},"end":{"line":1195,"column":40}},{"start":{"line":1195,"column":44},"end":{"line":1195,"column":70}}]},"212":{"line":1202,"type":"cond-expr","locations":[{"start":{"line":1202,"column":70},"end":{"line":1202,"column":82}},{"start":{"line":1202,"column":85},"end":{"line":1202,"column":87}}]},"213":{"line":1202,"type":"binary-expr","locations":[{"start":{"line":1202,"column":17},"end":{"line":1202,"column":37}},{"start":{"line":1202,"column":41},"end":{"line":1202,"column":67}}]},"214":{"line":1203,"type":"cond-expr","locations":[{"start":{"line":1203,"column":73},"end":{"line":1203,"column":85}},{"start":{"line":1203,"column":88},"end":{"line":1203,"column":90}}]},"215":{"line":1203,"type":"binary-expr","locations":[{"start":{"line":1203,"column":20},"end":{"line":1203,"column":40}},{"start":{"line":1203,"column":44},"end":{"line":1203,"column":70}}]},"216":{"line":1205,"type":"if","locations":[{"start":{"line":1205,"column":4},"end":{"line":1205,"column":4}},{"start":{"line":1205,"column":4},"end":{"line":1205,"column":4}}]},"217":{"line":1205,"type":"binary-expr","locations":[{"start":{"line":1205,"column":8},"end":{"line":1205,"column":15}},{"start":{"line":1205,"column":19},"end":{"line":1205,"column":29}}]},"218":{"line":1215,"type":"if","locations":[{"start":{"line":1215,"column":4},"end":{"line":1215,"column":4}},{"start":{"line":1215,"column":4},"end":{"line":1215,"column":4}}]},"219":{"line":1219,"type":"if","locations":[{"start":{"line":1219,"column":12},"end":{"line":1219,"column":12}},{"start":{"line":1219,"column":12},"end":{"line":1219,"column":12}}]},"220":{"line":1226,"type":"if","locations":[{"start":{"line":1226,"column":4},"end":{"line":1226,"column":4}},{"start":{"line":1226,"column":4},"end":{"line":1226,"column":4}}]},"221":{"line":1237,"type":"cond-expr","locations":[{"start":{"line":1237,"column":70},"end":{"line":1237,"column":82}},{"start":{"line":1237,"column":85},"end":{"line":1237,"column":87}}]},"222":{"line":1237,"type":"binary-expr","locations":[{"start":{"line":1237,"column":17},"end":{"line":1237,"column":37}},{"start":{"line":1237,"column":41},"end":{"line":1237,"column":67}}]},"223":{"line":1239,"type":"if","locations":[{"start":{"line":1239,"column":4},"end":{"line":1239,"column":4}},{"start":{"line":1239,"column":4},"end":{"line":1239,"column":4}}]},"224":{"line":1252,"type":"cond-expr","locations":[{"start":{"line":1252,"column":73},"end":{"line":1252,"column":85}},{"start":{"line":1252,"column":88},"end":{"line":1252,"column":90}}]},"225":{"line":1252,"type":"binary-expr","locations":[{"start":{"line":1252,"column":20},"end":{"line":1252,"column":40}},{"start":{"line":1252,"column":44},"end":{"line":1252,"column":70}}]},"226":{"line":1254,"type":"if","locations":[{"start":{"line":1254,"column":4},"end":{"line":1254,"column":4}},{"start":{"line":1254,"column":4},"end":{"line":1254,"column":4}}]},"227":{"line":1254,"type":"binary-expr","locations":[{"start":{"line":1254,"column":8},"end":{"line":1254,"column":18}},{"start":{"line":1254,"column":22},"end":{"line":1254,"column":40}}]},"228":{"line":1262,"type":"if","locations":[{"start":{"line":1262,"column":12},"end":{"line":1262,"column":12}},{"start":{"line":1262,"column":12},"end":{"line":1262,"column":12}}]},"229":{"line":1264,"type":"if","locations":[{"start":{"line":1264,"column":16},"end":{"line":1264,"column":16}},{"start":{"line":1264,"column":16},"end":{"line":1264,"column":16}}]},"230":{"line":1286,"type":"cond-expr","locations":[{"start":{"line":1286,"column":84},"end":{"line":1286,"column":121}},{"start":{"line":1286,"column":124},"end":{"line":1286,"column":268}}]},"231":{"line":1286,"type":"binary-expr","locations":[{"start":{"line":1286,"column":14},"end":{"line":1286,"column":42}},{"start":{"line":1286,"column":46},"end":{"line":1286,"column":81}}]},"232":{"line":1286,"type":"cond-expr","locations":[{"start":{"line":1286,"column":244},"end":{"line":1286,"column":252}},{"start":{"line":1286,"column":255},"end":{"line":1286,"column":265}}]},"233":{"line":1286,"type":"binary-expr","locations":[{"start":{"line":1286,"column":148},"end":{"line":1286,"column":151}},{"start":{"line":1286,"column":155},"end":{"line":1286,"column":183}},{"start":{"line":1286,"column":187},"end":{"line":1286,"column":213}},{"start":{"line":1286,"column":217},"end":{"line":1286,"column":241}}]},"234":{"line":1289,"type":"binary-expr","locations":[{"start":{"line":1289,"column":4},"end":{"line":1289,"column":12}},{"start":{"line":1289,"column":16},"end":{"line":1289,"column":18}}]},"235":{"line":1307,"type":"cond-expr","locations":[{"start":{"line":1307,"column":24},"end":{"line":1307,"column":42}},{"start":{"line":1307,"column":45},"end":{"line":1307,"column":101}}]},"236":{"line":1311,"type":"binary-expr","locations":[{"start":{"line":1311,"column":11},"end":{"line":1311,"column":23}},{"start":{"line":1311,"column":27},"end":{"line":1311,"column":97}},{"start":{"line":1311,"column":101},"end":{"line":1311,"column":158}}]},"237":{"line":1311,"type":"cond-expr","locations":[{"start":{"line":1311,"column":57},"end":{"line":1311,"column":68}},{"start":{"line":1311,"column":71},"end":{"line":1311,"column":83}}]},"238":{"line":1318,"type":"if","locations":[{"start":{"line":1318,"column":4},"end":{"line":1318,"column":4}},{"start":{"line":1318,"column":4},"end":{"line":1318,"column":4}}]},"239":{"line":1324,"type":"if","locations":[{"start":{"line":1324,"column":4},"end":{"line":1324,"column":4}},{"start":{"line":1324,"column":4},"end":{"line":1324,"column":4}}]},"240":{"line":1328,"type":"if","locations":[{"start":{"line":1328,"column":4},"end":{"line":1328,"column":4}},{"start":{"line":1328,"column":4},"end":{"line":1328,"column":4}}]},"241":{"line":1331,"type":"if","locations":[{"start":{"line":1331,"column":4},"end":{"line":1331,"column":4}},{"start":{"line":1331,"column":4},"end":{"line":1331,"column":4}}]},"242":{"line":1340,"type":"if","locations":[{"start":{"line":1340,"column":4},"end":{"line":1340,"column":4}},{"start":{"line":1340,"column":4},"end":{"line":1340,"column":4}}]},"243":{"line":1409,"type":"if","locations":[{"start":{"line":1409,"column":4},"end":{"line":1409,"column":4}},{"start":{"line":1409,"column":4},"end":{"line":1409,"column":4}}]},"244":{"line":1409,"type":"binary-expr","locations":[{"start":{"line":1409,"column":8},"end":{"line":1409,"column":17}},{"start":{"line":1409,"column":21},"end":{"line":1409,"column":33}}]},"245":{"line":1433,"type":"cond-expr","locations":[{"start":{"line":1433,"column":67},"end":{"line":1433,"column":79}},{"start":{"line":1433,"column":82},"end":{"line":1433,"column":86}}]},"246":{"line":1433,"type":"binary-expr","locations":[{"start":{"line":1433,"column":14},"end":{"line":1433,"column":34}},{"start":{"line":1433,"column":38},"end":{"line":1433,"column":64}}]},"247":{"line":1445,"type":"cond-expr","locations":[{"start":{"line":1445,"column":32},"end":{"line":1445,"column":53}},{"start":{"line":1445,"column":56},"end":{"line":1445,"column":93}}]},"248":{"line":1470,"type":"if","locations":[{"start":{"line":1470,"column":4},"end":{"line":1470,"column":4}},{"start":{"line":1470,"column":4},"end":{"line":1470,"column":4}}]},"249":{"line":1470,"type":"binary-expr","locations":[{"start":{"line":1470,"column":8},"end":{"line":1470,"column":13}},{"start":{"line":1470,"column":17},"end":{"line":1470,"column":36}},{"start":{"line":1470,"column":40},"end":{"line":1470,"column":61}}]},"250":{"line":1473,"type":"if","locations":[{"start":{"line":1473,"column":4},"end":{"line":1473,"column":4}},{"start":{"line":1473,"column":4},"end":{"line":1473,"column":4}}]},"251":{"line":1475,"type":"cond-expr","locations":[{"start":{"line":1475,"column":51},"end":{"line":1475,"column":75}},{"start":{"line":1475,"column":78},"end":{"line":1475,"column":86}}]},"252":{"line":1480,"type":"if","locations":[{"start":{"line":1480,"column":4},"end":{"line":1480,"column":4}},{"start":{"line":1480,"column":4},"end":{"line":1480,"column":4}}]},"253":{"line":1487,"type":"if","locations":[{"start":{"line":1487,"column":4},"end":{"line":1487,"column":4}},{"start":{"line":1487,"column":4},"end":{"line":1487,"column":4}}]},"254":{"line":1489,"type":"if","locations":[{"start":{"line":1489,"column":12},"end":{"line":1489,"column":12}},{"start":{"line":1489,"column":12},"end":{"line":1489,"column":12}}]},"255":{"line":1509,"type":"cond-expr","locations":[{"start":{"line":1509,"column":75},"end":{"line":1509,"column":87}},{"start":{"line":1509,"column":90},"end":{"line":1509,"column":95}}]},"256":{"line":1509,"type":"binary-expr","locations":[{"start":{"line":1509,"column":22},"end":{"line":1509,"column":42}},{"start":{"line":1509,"column":46},"end":{"line":1509,"column":72}}]},"257":{"line":1512,"type":"if","locations":[{"start":{"line":1512,"column":4},"end":{"line":1512,"column":4}},{"start":{"line":1512,"column":4},"end":{"line":1512,"column":4}}]},"258":{"line":1516,"type":"if","locations":[{"start":{"line":1516,"column":4},"end":{"line":1516,"column":4}},{"start":{"line":1516,"column":4},"end":{"line":1516,"column":4}}]},"259":{"line":1520,"type":"if","locations":[{"start":{"line":1520,"column":4},"end":{"line":1520,"column":4}},{"start":{"line":1520,"column":4},"end":{"line":1520,"column":4}}]},"260":{"line":1524,"type":"if","locations":[{"start":{"line":1524,"column":4},"end":{"line":1524,"column":4}},{"start":{"line":1524,"column":4},"end":{"line":1524,"column":4}}]},"261":{"line":1524,"type":"binary-expr","locations":[{"start":{"line":1524,"column":8},"end":{"line":1524,"column":32}},{"start":{"line":1524,"column":36},"end":{"line":1524,"column":60}}]},"262":{"line":1526,"type":"if","locations":[{"start":{"line":1526,"column":12},"end":{"line":1526,"column":12}},{"start":{"line":1526,"column":12},"end":{"line":1526,"column":12}}]},"263":{"line":1527,"type":"if","locations":[{"start":{"line":1527,"column":16},"end":{"line":1527,"column":16}},{"start":{"line":1527,"column":16},"end":{"line":1527,"column":16}}]},"264":{"line":1541,"type":"binary-expr","locations":[{"start":{"line":1541,"column":11},"end":{"line":1541,"column":24}},{"start":{"line":1541,"column":28},"end":{"line":1541,"column":100}}]},"265":{"line":1541,"type":"cond-expr","locations":[{"start":{"line":1541,"column":59},"end":{"line":1541,"column":70}},{"start":{"line":1541,"column":73},"end":{"line":1541,"column":86}}]},"266":{"line":1545,"type":"binary-expr","locations":[{"start":{"line":1545,"column":11},"end":{"line":1545,"column":25}},{"start":{"line":1545,"column":29},"end":{"line":1545,"column":43}}]}}}}