{"dist\\js\\dataBind.js":{"path":"dist\\js\\dataBind.js","s":{"1":1,"2":1,"3":1,"4":18,"5":8,"6":0,"7":0,"8":0,"9":0,"10":0,"11":0,"12":0,"13":8,"14":8,"15":17,"16":17,"17":18,"18":1,"19":1,"20":1,"21":1,"22":1,"23":1,"24":1,"25":1,"26":0,"27":31,"28":1,"29":1,"30":2,"31":9,"32":9,"33":9,"34":9,"35":9,"36":9,"37":1,"38":1,"39":1,"40":1,"41":1,"42":1,"43":1,"44":1,"45":1,"46":1,"47":1,"48":1,"49":1,"50":1,"51":1,"52":1,"53":1,"54":1,"55":1,"56":4,"57":4,"58":0,"59":0,"60":0,"61":0,"62":0,"63":0,"64":0,"65":1,"66":33,"67":0,"68":1,"69":1,"70":1,"71":1,"72":33,"73":33,"74":2,"75":31,"76":31,"77":31,"78":31,"79":31,"80":31,"81":31,"82":31,"83":31,"84":31,"85":1,"86":31,"87":31,"88":31,"89":0,"90":31,"91":16,"92":16,"93":16,"94":16,"95":16,"96":0,"97":16,"98":16,"99":16,"100":48,"101":0,"102":0,"103":48,"104":35,"105":35,"106":35,"107":31,"108":0,"109":0,"110":31,"111":4,"112":35,"113":35,"114":35,"115":0,"116":0,"117":0,"118":0,"119":0,"120":0,"121":0,"122":0,"123":0,"124":0,"125":0,"126":0,"127":0,"128":0,"129":0,"130":0,"131":0,"132":0,"133":131,"134":131,"135":0,"136":131,"137":16,"138":16,"139":131,"140":63,"141":63,"142":131,"143":31,"144":46,"145":131,"146":71,"147":117,"148":131,"149":36,"150":36,"151":131,"152":27,"153":147,"154":131,"155":23,"156":111,"157":131,"158":11,"159":11,"160":131,"161":24,"162":24,"163":131,"164":11,"165":11,"166":131,"167":11,"168":11,"169":131,"170":0,"171":0,"172":1,"173":1,"174":83,"175":83,"176":0,"177":83,"178":16,"179":16,"180":16,"181":28,"182":16,"183":16,"184":48,"185":83,"186":1,"187":99,"188":99,"189":99,"190":99,"191":99,"192":99,"193":99,"194":0,"195":0,"196":95,"197":95,"198":95,"199":4,"200":99,"201":1,"202":1,"203":1,"204":1,"205":1,"206":1,"207":0,"208":117,"209":1,"210":1,"211":1,"212":1,"213":1,"214":1,"215":1,"216":1,"217":1,"218":2,"219":2,"220":0,"221":0,"222":0,"223":0,"224":0,"225":0,"226":0,"227":1,"228":1,"229":1,"230":1,"231":1,"232":1,"233":40,"234":40,"235":40,"236":40,"237":4,"238":4,"239":4,"240":40,"241":1,"242":48,"243":48,"244":48,"245":48,"246":48,"247":48,"248":48,"249":48,"250":48,"251":48,"252":8,"253":40,"254":40,"255":40,"256":36,"257":40,"258":40,"259":40,"260":40,"261":28,"262":28,"263":12,"264":12,"265":40,"266":40,"267":16,"268":16,"269":20,"270":20,"271":20,"272":20,"273":40,"274":28,"275":28,"276":28,"277":0,"278":28,"279":28,"280":28,"281":0,"282":1,"283":24,"284":24,"285":24,"286":24,"287":24,"288":24,"289":0,"290":24,"291":24,"292":24,"293":24,"294":24,"295":24,"296":0,"297":0,"298":1,"299":11,"300":11,"301":11,"302":11,"303":11,"304":11,"305":0,"306":11,"307":11,"308":11,"309":11,"310":11,"311":11,"312":0,"313":0,"314":1,"315":11,"316":11,"317":11,"318":11,"319":11,"320":11,"321":0,"322":11,"323":11,"324":11,"325":11,"326":11,"327":11,"328":1,"329":1,"330":1,"331":0,"332":0,"333":0,"334":0,"335":0,"336":0,"337":0,"338":0,"339":0,"340":0,"341":0,"342":0,"343":0,"344":0,"345":0,"346":1,"347":111,"348":111,"349":111,"350":111,"351":111,"352":111,"353":111,"354":111,"355":111,"356":111,"357":0,"358":111,"359":111,"360":111,"361":111,"362":111,"363":111,"364":111,"365":7,"366":7,"367":6,"368":6,"369":7,"370":7,"371":7,"372":1,"373":147,"374":147,"375":147,"376":0,"377":147,"378":147,"379":139,"380":139,"381":139,"382":139,"383":139,"384":139,"385":139,"386":93,"387":12,"388":81,"389":30,"390":51,"391":1,"392":11,"393":11,"394":11,"395":11,"396":11,"397":11,"398":0,"399":11,"400":11,"401":11,"402":11,"403":11,"404":11,"405":0,"406":0,"407":1,"408":117,"409":117,"410":117,"411":117,"412":0,"413":117,"414":117,"415":0,"416":0,"417":0,"418":0,"419":117,"420":117,"421":117,"422":106,"423":1,"424":46,"425":46,"426":46,"427":0,"428":46,"429":46,"430":46,"431":46,"432":46,"433":46,"434":46,"435":46,"436":46,"437":30,"438":0,"439":0,"440":0,"441":0,"442":30,"443":30,"444":8,"445":22,"446":22,"447":22,"448":0,"449":22,"450":22,"451":0,"452":1,"453":36,"454":36,"455":36,"456":0,"457":36,"458":36,"459":36,"460":36,"461":36,"462":36,"463":36,"464":36,"465":36,"466":36,"467":36,"468":36,"469":0,"470":0,"471":0,"472":0,"473":36,"474":4,"475":32,"476":0,"477":32,"478":4,"479":0,"480":4,"481":4,"482":4,"483":0,"484":4,"485":4,"486":4,"487":8,"488":4,"489":0,"490":0,"491":0,"492":0,"493":0,"494":0,"495":4,"496":4,"497":4,"498":4,"499":4,"500":4,"501":4,"502":1,"503":63,"504":63,"505":63,"506":0,"507":63,"508":63,"509":63,"510":63,"511":63,"512":63,"513":48,"514":48,"515":48,"516":48,"517":63,"518":4,"519":59,"520":4,"521":55,"522":55,"523":84,"524":84,"525":0,"526":0,"527":0,"528":0,"529":0,"530":0,"531":0,"532":0,"533":55,"534":55,"535":1,"536":16,"537":16,"538":0,"539":16,"540":16,"541":16,"542":0,"543":16,"544":16,"545":16,"546":16,"547":16,"548":16,"549":16,"550":16,"551":1,"552":1,"553":1,"554":1,"555":1,"556":1,"557":1,"558":1,"559":1,"560":1,"561":1,"562":1,"563":1,"564":1,"565":1,"566":1,"567":1,"568":1,"569":1,"570":1,"571":1,"572":1,"573":1,"574":1,"575":1,"576":1,"577":1,"578":1,"579":1,"580":1,"581":1,"582":1,"583":1,"584":1,"585":1,"586":1,"587":0,"588":0,"589":0,"590":0,"591":0,"592":0,"593":0,"594":1,"595":1,"596":807,"597":807,"598":807,"599":708,"600":708,"601":680,"602":708,"603":1,"604":688,"605":688,"606":1709,"607":688,"608":1,"609":127,"610":127,"611":127,"612":0,"613":127,"614":127,"615":127,"616":127,"617":573,"618":127,"619":1677,"620":1677,"621":1677,"622":663,"623":663,"624":663,"625":663,"626":663,"627":84,"628":84,"629":663,"630":127,"631":835,"632":835,"633":835,"634":835,"635":700,"636":12,"637":688,"638":0,"639":688,"640":688,"641":16,"642":16,"643":672,"644":1661,"645":688,"646":16,"647":807,"648":127,"649":127,"650":127,"651":1,"652":1,"653":1,"654":1,"655":1,"656":1,"657":1,"658":1,"659":1,"660":1,"661":1,"662":1,"663":2,"664":2,"665":0,"666":0,"667":0,"668":0,"669":0,"670":0,"671":0,"672":1,"673":1,"674":16,"675":16,"676":0,"677":16,"678":16,"679":16,"680":16,"681":16,"682":16,"683":0,"684":0,"685":0,"686":0,"687":16,"688":16,"689":16,"690":16,"691":16,"692":16,"693":0,"694":0,"695":16,"696":0,"697":0,"698":0,"699":0,"700":16,"701":16,"702":1,"703":48,"704":48,"705":48,"706":48,"707":48,"708":48,"709":48,"710":1,"711":48,"712":48,"713":48,"714":48,"715":0,"716":48,"717":48,"718":1,"719":16,"720":16,"721":16,"722":16,"723":16,"724":16,"725":16,"726":0,"727":16,"728":16,"729":48,"730":48,"731":48,"732":48,"733":48,"734":48,"735":16,"736":1,"737":16,"738":16,"739":16,"740":16,"741":16,"742":16,"743":16,"744":16,"745":1,"746":0,"747":0,"748":0,"749":0,"750":0,"751":0,"752":0,"753":0,"754":1,"755":16,"756":16,"757":0,"758":1,"759":0,"760":0,"761":0,"762":0,"763":0,"764":0,"765":0,"766":0,"767":1,"768":16,"769":16,"770":16,"771":16,"772":0,"773":0,"774":0,"775":0,"776":1,"777":1,"778":1,"779":1,"780":1,"781":1,"782":1,"783":0,"784":0,"785":0,"786":0,"787":0,"788":0,"789":0,"790":1,"791":1,"792":1,"793":0,"794":0,"795":0,"796":0,"797":0,"798":1,"799":33,"800":33,"801":33,"802":1,"803":1,"804":1,"805":1,"806":1,"807":1,"808":1,"809":1,"810":0,"811":0,"812":0,"813":0,"814":0,"815":0,"816":0,"817":1,"818":1,"819":0,"820":0,"821":0,"822":0,"823":0,"824":0,"825":0,"826":0,"827":0,"828":0,"829":0,"830":0,"831":0,"832":0,"833":0,"834":0,"835":0,"836":0,"837":0,"838":0,"839":1,"840":0,"841":0,"842":0,"843":0,"844":1,"845":0,"846":0,"847":0,"848":0,"849":0,"850":0,"851":0,"852":0,"853":0,"854":0,"855":0,"856":0,"857":0,"858":0,"859":0,"860":0,"861":0,"862":1,"863":0,"864":0,"865":0,"866":0,"867":0,"868":1,"869":0,"870":0,"871":0,"872":0,"873":0,"874":0,"875":0,"876":0,"877":0,"878":0,"879":0,"880":0,"881":0,"882":1,"883":1,"884":1,"885":1,"886":1,"887":1,"888":1,"889":1,"890":0,"891":1285,"892":1,"893":1,"894":1,"895":1,"896":1,"897":0,"898":0,"899":0,"900":0,"901":0,"902":0,"903":0,"904":1,"905":1,"906":1,"907":1,"908":0,"909":0,"910":0,"911":0,"912":1,"913":504,"914":1,"915":268,"916":1,"917":95,"918":95,"919":95,"920":36,"921":59,"922":59,"923":0,"924":59,"925":59,"926":0,"927":59,"928":0,"929":59,"930":1,"931":114,"932":114,"933":0,"934":1,"935":647,"936":1,"937":6,"938":1,"939":48,"940":48,"941":1,"942":4,"943":8,"944":1,"945":0,"946":0,"947":0,"948":0,"949":0,"950":1,"951":663,"952":0,"953":663,"954":663,"955":84,"956":84,"957":84,"958":663,"959":1,"960":1,"961":14,"962":14,"963":1,"964":31,"965":31,"966":31,"967":31,"968":31,"969":36,"970":36,"971":36,"972":36,"973":36,"974":35,"975":35,"976":36,"977":1,"978":0,"979":0,"980":0,"981":0,"982":0,"983":0,"984":0,"985":0,"986":0,"987":0,"988":0,"989":0,"990":0,"991":0,"992":0,"993":0,"994":0,"995":0,"996":0,"997":1,"998":293,"999":289,"1000":293,"1001":293,"1002":293,"1003":99,"1004":194,"1005":194,"1006":0,"1007":194,"1008":0,"1009":194,"1010":194,"1011":665,"1012":0,"1013":0,"1014":0,"1015":665,"1016":194,"1017":1,"1018":1053,"1019":1,"1020":1053,"1021":1,"1022":48,"1023":1,"1024":16,"1025":16,"1026":1,"1027":216,"1028":216,"1029":216,"1030":0,"1031":216,"1032":216,"1033":84,"1034":84,"1035":0,"1036":0,"1037":216,"1038":1,"1039":84,"1040":0,"1041":84,"1042":84,"1043":84,"1044":48,"1045":36,"1046":36,"1047":0,"1048":0,"1049":84,"1050":1,"1051":0,"1052":0,"1053":0,"1054":0,"1055":0,"1056":0,"1057":1,"1058":1,"1059":1,"1060":1,"1061":1,"1062":1,"1063":1,"1064":1,"1065":1,"1066":1,"1067":1,"1068":1,"1069":1,"1070":1,"1071":1,"1072":1,"1073":1,"1074":1,"1075":1,"1076":1},"b":{"1":[8,10],"2":[0,8],"3":[0,0],"4":[0,0],"5":[0,0],"6":[0,0],"7":[17,0],"8":[1,0],"9":[0,1],"10":[1,0],"11":[0,31],"12":[31,31,0,0],"13":[9,9],"14":[9,0],"15":[1,0],"16":[1,0],"17":[1,0],"18":[1,1],"19":[4,0],"20":[4,4],"21":[0,0],"22":[0,0],"23":[0,33],"24":[2,31],"25":[33,33,31,31],"26":[0,31],"27":[0,31],"28":[31,0],"29":[16,0],"30":[16,16],"31":[16,0],"32":[0,16],"33":[16,0],"34":[16,16],"35":[16,0],"36":[16,16],"37":[0,48],"38":[0,35],"39":[35,0],"40":[31,4],"41":[0,31],"42":[0,0],"43":[0,0],"44":[0,0],"45":[0,0],"46":[0,0],"47":[0,0],"48":[0,0],"49":[0,0],"50":[0,131],"51":[131,131],"52":[16,115],"53":[131,131,16],"54":[63,68],"55":[131,131,63],"56":[31,100],"57":[131,131,31],"58":[71,60],"59":[131,131,71],"60":[36,95],"61":[131,131,36],"62":[27,104],"63":[131,131,27],"64":[23,108],"65":[131,127,23],"66":[11,120],"67":[131,127,11],"68":[24,107],"69":[131,127,24],"70":[11,120],"71":[131,127,11],"72":[11,120],"73":[131,127,11],"74":[0,131],"75":[131,0,0],"76":[0,83],"77":[83,83],"78":[16,67],"79":[83,16],"80":[16,0],"81":[99,0],"82":[99,99],"83":[35,64],"84":[99,35],"85":[0,95,4],"86":[0,1],"87":[1,0],"88":[0,117],"89":[117,117,0,0],"90":[1,0],"91":[1,1],"92":[2,0],"93":[2,2],"94":[0,0],"95":[0,0],"96":[40,0],"97":[40,40],"98":[4,36],"99":[4,0],"100":[0,48],"101":[8,40],"102":[36,4],"103":[36,4],"104":[12,28],"105":[12,28],"106":[28,12],"107":[16,24],"108":[28,12],"109":[28,0],"110":[28,28],"111":[0,28],"112":[0,28],"113":[0,24],"114":[24,0],"115":[24,0],"116":[0,11],"117":[11,0],"118":[0,11],"119":[0,11],"120":[11,0],"121":[0,11],"122":[0,0],"123":[0,0],"124":[0,0],"125":[0,111],"126":[111,0],"127":[12,99],"128":[1,6],"129":[6,1],"130":[0,147],"131":[139,8],"132":[147,139],"133":[45,94],"134":[19,120],"135":[93,46],"136":[12,81],"137":[30,51],"138":[0,11],"139":[11,0],"140":[0,11],"141":[0,117],"142":[0,117],"143":[0,0],"144":[117,0],"145":[117,117,117],"146":[0,117],"147":[106,11],"148":[0,46],"149":[46,38],"150":[0,46],"151":[30,16],"152":[46,30],"153":[0,30],"154":[0,0],"155":[8,22],"156":[0,22],"157":[22,0],"158":[0,36],"159":[36,36],"160":[36,36],"161":[0,36],"162":[0,0],"163":[4,32],"164":[0,32],"165":[0,4],"166":[0,4],"167":[0,4],"168":[0,0],"169":[0,0],"170":[4,0],"171":[0,63],"172":[63,59],"173":[63,59],"174":[48,15],"175":[48,0],"176":[4,59],"177":[63,59],"178":[4,55],"179":[55,0],"180":[84,0],"181":[0,0],"182":[0,0],"183":[0,0],"184":[0,0],"185":[0,16],"186":[16,16],"187":[16,0],"188":[0,16],"189":[16,0],"190":[1,0],"191":[1,1],"192":[0,0],"193":[0,0],"194":[680,28],"195":[0,127],"196":[0,127],"197":[0,127],"198":[127,1],"199":[573,573],"200":[663,1014],"201":[1677,663],"202":[663,414],"203":[84,579],"204":[127,708],"205":[835,127],"206":[700,135],"207":[835,835],"208":[12,688],"209":[0,688],"210":[688,0],"211":[16,672],"212":[16,672],"213":[127,0],"214":[1,0],"215":[1,1],"216":[2,0],"217":[2,2],"218":[0,0],"219":[0,0],"220":[0,16],"221":[16,16,16],"222":[16,0],"223":[0,0],"224":[16,0],"225":[0,16],"226":[0,48],"227":[48,12],"228":[48,0],"229":[0,16],"230":[0,0],"231":[0,0],"232":[16,0],"233":[0,0],"234":[0,0],"235":[0,0],"236":[16,0],"237":[0,0],"238":[0,0],"239":[1,0],"240":[1,1],"241":[0,0],"242":[0,0],"243":[0,0],"244":[0,0],"245":[0,0],"246":[0,0],"247":[32,1],"248":[33,32],"249":[1,0],"250":[1,1],"251":[0,0],"252":[0,0],"253":[0,0],"254":[0,0],"255":[0,0],"256":[0,0],"257":[0,0],"258":[0,0],"259":[0,0],"260":[0,0,0,0],"261":[0,0],"262":[0,0],"263":[0,0],"264":[0,0],"265":[0,0],"266":[0,0],"267":[0,0],"268":[0,0],"269":[0,0],"270":[0,0],"271":[0,0],"272":[0,0],"273":[0,0],"274":[0,0],"275":[0,0],"276":[0,0],"277":[0,0],"278":[0,0],"279":[0,0],"280":[0,0],"281":[0,0],"282":[0,0],"283":[0,0],"284":[0,0],"285":[0,0],"286":[0,1],"287":[1,0],"288":[0,1285],"289":[1285,1285,0,0],"290":[1,0],"291":[1,1],"292":[0,0],"293":[0,0],"294":[1,0],"295":[504,0],"296":[268,268,232],"297":[36,232],"298":[36,59],"299":[0,59],"300":[0,59],"301":[0,59],"302":[114,0],"303":[0,663],"304":[663,663],"305":[84,579],"306":[663,84],"307":[31,0],"308":[31,31],"309":[0,36],"310":[0,0],"311":[0,0,0],"312":[0,0],"313":[0,0],"314":[0,0],"315":[0,0],"316":[0,0],"317":[293,0],"318":[293,293],"319":[99,194],"320":[0,194],"321":[0,194],"322":[194,0],"323":[194,194],"324":[0,665],"325":[0,0],"326":[1053,1053],"327":[0,1053],"328":[1053,388],"329":[16,0],"330":[16,16],"331":[0,216],"332":[84,132],"333":[84,0],"334":[84,0],"335":[0,0],"336":[0,0],"337":[0,84],"338":[84,84],"339":[48,36],"340":[36,0],"341":[0,0],"342":[0,0],"343":[0,0],"344":[0,0],"345":[0,0],"346":[0,0],"347":[0,0],"348":[0,0],"349":[0,0]},"f":{"1":1,"2":1,"3":18,"4":17,"5":1,"6":0,"7":31,"8":1,"9":2,"10":1,"11":1,"12":4,"13":33,"14":1,"15":33,"16":31,"17":16,"18":48,"19":0,"20":35,"21":0,"22":0,"23":0,"24":0,"25":0,"26":131,"27":16,"28":63,"29":46,"30":117,"31":36,"32":147,"33":111,"34":11,"35":24,"36":11,"37":11,"38":0,"39":83,"40":28,"41":48,"42":99,"43":1,"44":0,"45":117,"46":1,"47":2,"48":40,"49":48,"50":20,"51":24,"52":0,"53":11,"54":0,"55":11,"56":1,"57":0,"58":0,"59":111,"60":7,"61":147,"62":11,"63":0,"64":117,"65":46,"66":36,"67":0,"68":63,"69":16,"70":1,"71":1,"72":1,"73":807,"74":688,"75":1709,"76":127,"77":127,"78":573,"79":1677,"80":835,"81":1661,"82":1,"83":1,"84":2,"85":16,"86":0,"87":48,"88":48,"89":16,"90":16,"91":0,"92":16,"93":0,"94":16,"95":1,"96":1,"97":0,"98":33,"99":1,"100":1,"101":0,"102":0,"103":0,"104":0,"105":0,"106":0,"107":0,"108":0,"109":0,"110":1,"111":0,"112":1285,"113":1,"114":0,"115":0,"116":504,"117":268,"118":95,"119":114,"120":647,"121":6,"122":48,"123":4,"124":8,"125":0,"126":0,"127":663,"128":84,"129":1,"130":14,"131":31,"132":31,"133":36,"134":35,"135":0,"136":0,"137":293,"138":665,"139":1053,"140":1053,"141":48,"142":16,"143":216,"144":84,"145":84,"146":0},"fnMap":{"1":{"name":"(anonymous_1)","line":7,"loc":{"start":{"line":7,"column":1},"end":{"line":7,"column":11}}},"2":{"name":"e","line":7,"loc":{"start":{"line":7,"column":12},"end":{"line":7,"column":29}}},"3":{"name":"s","line":7,"loc":{"start":{"line":7,"column":30},"end":{"line":7,"column":45}}},"4":{"name":"(anonymous_4)","line":7,"loc":{"start":{"line":7,"column":279},"end":{"line":7,"column":290}}},"5":{"name":"(anonymous_5)","line":7,"loc":{"start":{"line":7,"column":469},"end":{"line":7,"column":501}}},"6":{"name":"(anonymous_6)","line":15,"loc":{"start":{"line":15,"column":84},"end":{"line":15,"column":99}}},"7":{"name":"(anonymous_7)","line":15,"loc":{"start":{"line":15,"column":124},"end":{"line":15,"column":139}}},"8":{"name":"(anonymous_8)","line":17,"loc":{"start":{"line":17,"column":19},"end":{"line":17,"column":31}}},"9":{"name":"defineProperties","line":17,"loc":{"start":{"line":17,"column":33},"end":{"line":17,"column":74}}},"10":{"name":"(anonymous_10)","line":17,"loc":{"start":{"line":17,"column":357},"end":{"line":17,"column":405}}},"11":{"name":"_interopRequireDefault","line":39,"loc":{"start":{"line":39,"column":0},"end":{"line":39,"column":37}}},"12":{"name":"_interopRequireWildcard","line":41,"loc":{"start":{"line":41,"column":0},"end":{"line":41,"column":38}}},"13":{"name":"_classCallCheck","line":43,"loc":{"start":{"line":43,"column":0},"end":{"line":43,"column":48}}},"14":{"name":"(anonymous_14)","line":48,"loc":{"start":{"line":48,"column":13},"end":{"line":48,"column":25}}},"15":{"name":"Binder","line":49,"loc":{"start":{"line":49,"column":4},"end":{"line":49,"column":59}}},"16":{"name":"parseView","line":89,"loc":{"start":{"line":89,"column":15},"end":{"line":89,"column":36}}},"17":{"name":"updateElementCache","line":115,"loc":{"start":{"line":115,"column":15},"end":{"line":115,"column":45}}},"18":{"name":"(anonymous_18)","line":133,"loc":{"start":{"line":133,"column":64},"end":{"line":133,"column":81}}},"19":{"name":"skipForOfParseFn","line":138,"loc":{"start":{"line":138,"column":47},"end":{"line":138,"column":79}}},"20":{"name":"render","line":153,"loc":{"start":{"line":153,"column":15},"end":{"line":153,"column":33}}},"21":{"name":"subscribe","line":192,"loc":{"start":{"line":192,"column":15},"end":{"line":192,"column":36}}},"22":{"name":"subscribeOnce","line":201,"loc":{"start":{"line":201,"column":15},"end":{"line":201,"column":40}}},"23":{"name":"unsubscribe","line":210,"loc":{"start":{"line":210,"column":15},"end":{"line":210,"column":38}}},"24":{"name":"unsubscribeAll","line":218,"loc":{"start":{"line":218,"column":15},"end":{"line":218,"column":41}}},"25":{"name":"publish","line":224,"loc":{"start":{"line":224,"column":15},"end":{"line":224,"column":34}}},"26":{"name":"applyBinding","line":236,"loc":{"start":{"line":236,"column":15},"end":{"line":236,"column":43}}},"27":{"name":"(anonymous_27)","line":250,"loc":{"start":{"line":250,"column":57},"end":{"line":250,"column":74}}},"28":{"name":"(anonymous_28)","line":257,"loc":{"start":{"line":257,"column":56},"end":{"line":257,"column":73}}},"29":{"name":"(anonymous_29)","line":264,"loc":{"start":{"line":264,"column":56},"end":{"line":264,"column":73}}},"30":{"name":"(anonymous_30)","line":270,"loc":{"start":{"line":270,"column":56},"end":{"line":270,"column":73}}},"31":{"name":"(anonymous_31)","line":277,"loc":{"start":{"line":277,"column":55},"end":{"line":277,"column":72}}},"32":{"name":"(anonymous_32)","line":284,"loc":{"start":{"line":284,"column":57},"end":{"line":284,"column":74}}},"33":{"name":"(anonymous_33)","line":291,"loc":{"start":{"line":291,"column":58},"end":{"line":291,"column":75}}},"34":{"name":"(anonymous_34)","line":298,"loc":{"start":{"line":298,"column":58},"end":{"line":298,"column":75}}},"35":{"name":"(anonymous_35)","line":305,"loc":{"start":{"line":305,"column":57},"end":{"line":305,"column":74}}},"36":{"name":"(anonymous_36)","line":312,"loc":{"start":{"line":312,"column":60},"end":{"line":312,"column":77}}},"37":{"name":"(anonymous_37)","line":319,"loc":{"start":{"line":319,"column":56},"end":{"line":319,"column":73}}},"38":{"name":"(anonymous_38)","line":326,"loc":{"start":{"line":326,"column":57},"end":{"line":326,"column":74}}},"39":{"name":"renderTemplatesBinding","line":336,"loc":{"start":{"line":336,"column":29},"end":{"line":336,"column":68}}},"40":{"name":"(anonymous_40)","line":354,"loc":{"start":{"line":354,"column":51},"end":{"line":354,"column":71}}},"41":{"name":"(anonymous_41)","line":364,"loc":{"start":{"line":364,"column":47},"end":{"line":364,"column":64}}},"42":{"name":"createBindingOption","line":384,"loc":{"start":{"line":384,"column":26},"end":{"line":384,"column":57}}},"43":{"name":"(anonymous_43)","line":439,"loc":{"start":{"line":439,"column":76},"end":{"line":439,"column":108}}},"44":{"name":"(anonymous_44)","line":447,"loc":{"start":{"line":447,"column":84},"end":{"line":447,"column":99}}},"45":{"name":"(anonymous_45)","line":447,"loc":{"start":{"line":447,"column":124},"end":{"line":447,"column":139}}},"46":{"name":"_interopRequireDefault","line":462,"loc":{"start":{"line":462,"column":0},"end":{"line":462,"column":37}}},"47":{"name":"_interopRequireWildcard","line":464,"loc":{"start":{"line":464,"column":0},"end":{"line":464,"column":38}}},"48":{"name":"compileTemplate","line":479,"loc":{"start":{"line":479,"column":22},"end":{"line":479,"column":51}}},"49":{"name":"renderTemplate","line":506,"loc":{"start":{"line":506,"column":21},"end":{"line":506,"column":91}}},"50":{"name":"(anonymous_50)","line":545,"loc":{"start":{"line":545,"column":30},"end":{"line":545,"column":56}}},"51":{"name":"clickBinding","line":586,"loc":{"start":{"line":586,"column":19},"end":{"line":586,"column":73}}},"52":{"name":"(anonymous_52)","line":603,"loc":{"start":{"line":603,"column":60},"end":{"line":603,"column":73}}},"53":{"name":"dblclickBinding","line":618,"loc":{"start":{"line":618,"column":22},"end":{"line":618,"column":79}}},"54":{"name":"(anonymous_54)","line":635,"loc":{"start":{"line":635,"column":66},"end":{"line":635,"column":79}}},"55":{"name":"blurBinding","line":650,"loc":{"start":{"line":650,"column":18},"end":{"line":650,"column":71}}},"56":{"name":"(anonymous_56)","line":667,"loc":{"start":{"line":667,"column":58},"end":{"line":667,"column":71}}},"57":{"name":"focusBinding","line":682,"loc":{"start":{"line":682,"column":19},"end":{"line":682,"column":73}}},"58":{"name":"(anonymous_58)","line":699,"loc":{"start":{"line":699,"column":60},"end":{"line":699,"column":73}}},"59":{"name":"changeBinding","line":713,"loc":{"start":{"line":713,"column":20},"end":{"line":713,"column":75}}},"60":{"name":"(anonymous_60)","line":738,"loc":{"start":{"line":738,"column":62},"end":{"line":738,"column":75}}},"61":{"name":"modelBinding","line":759,"loc":{"start":{"line":759,"column":19},"end":{"line":759,"column":73}}},"62":{"name":"submitBinding","line":797,"loc":{"start":{"line":797,"column":20},"end":{"line":797,"column":75}}},"63":{"name":"(anonymous_63)","line":815,"loc":{"start":{"line":815,"column":62},"end":{"line":815,"column":75}}},"64":{"name":"textBinding","line":830,"loc":{"start":{"line":830,"column":18},"end":{"line":830,"column":71}}},"65":{"name":"showBinding","line":864,"loc":{"start":{"line":864,"column":18},"end":{"line":864,"column":71}}},"66":{"name":"cssBinding","line":924,"loc":{"start":{"line":924,"column":17},"end":{"line":924,"column":69}}},"67":{"name":"(anonymous_67)","line":981,"loc":{"start":{"line":981,"column":29},"end":{"line":981,"column":45}}},"68":{"name":"attrBinding","line":1016,"loc":{"start":{"line":1016,"column":18},"end":{"line":1016,"column":71}}},"69":{"name":"forOfBinding","line":1087,"loc":{"start":{"line":1087,"column":19},"end":{"line":1087,"column":73}}},"70":{"name":"(anonymous_70)","line":1133,"loc":{"start":{"line":1133,"column":51},"end":{"line":1133,"column":83}}},"71":{"name":"(anonymous_71)","line":1189,"loc":{"start":{"line":1189,"column":9},"end":{"line":1189,"column":41}}},"72":{"name":"_interopRequireWildcard","line":1200,"loc":{"start":{"line":1200,"column":0},"end":{"line":1200,"column":38}}},"73":{"name":"walkDOM","line":1211,"loc":{"start":{"line":1211,"column":14},"end":{"line":1211,"column":43}}},"74":{"name":"getAttributesObject","line":1223,"loc":{"start":{"line":1223,"column":26},"end":{"line":1223,"column":61}}},"75":{"name":"(anonymous_75)","line":1225,"loc":{"start":{"line":1225,"column":56},"end":{"line":1225,"column":72}}},"76":{"name":"createBindingCache","line":1231,"loc":{"start":{"line":1231,"column":25},"end":{"line":1231,"column":59}}},"77":{"name":"rootSkipCheck","line":1246,"loc":{"start":{"line":1246,"column":24},"end":{"line":1246,"column":53}}},"78":{"name":"defaultSkipCheck","line":1250,"loc":{"start":{"line":1250,"column":27},"end":{"line":1250,"column":59}}},"79":{"name":"populateBindingCache","line":1254,"loc":{"start":{"line":1254,"column":31},"end":{"line":1254,"column":81}}},"80":{"name":"parseNode","line":1278,"loc":{"start":{"line":1278,"column":20},"end":{"line":1278,"column":45}}},"81":{"name":"(anonymous_81)","line":1301,"loc":{"start":{"line":1301,"column":45},"end":{"line":1301,"column":60}}},"82":{"name":"(anonymous_82)","line":1322,"loc":{"start":{"line":1322,"column":19},"end":{"line":1322,"column":51}}},"83":{"name":"_interopRequireDefault","line":1343,"loc":{"start":{"line":1343,"column":0},"end":{"line":1343,"column":37}}},"84":{"name":"_interopRequireWildcard","line":1345,"loc":{"start":{"line":1345,"column":0},"end":{"line":1345,"column":38}}},"85":{"name":"renderForOfBinding","line":1350,"loc":{"start":{"line":1350,"column":25},"end":{"line":1350,"column":59}}},"86":{"name":"(anonymous_86)","line":1391,"loc":{"start":{"line":1391,"column":55},"end":{"line":1391,"column":82}}},"87":{"name":"createIterationViewModel","line":1416,"loc":{"start":{"line":1416,"column":31},"end":{"line":1416,"column":72}}},"88":{"name":"applyBindings","line":1432,"loc":{"start":{"line":1432,"column":20},"end":{"line":1432,"column":50}}},"89":{"name":"generateForOfElements","line":1464,"loc":{"start":{"line":1464,"column":28},"end":{"line":1464,"column":123}}},"90":{"name":"wrapCommentAround","line":1519,"loc":{"start":{"line":1519,"column":24},"end":{"line":1519,"column":65}}},"91":{"name":"removeElemnetsByCommentWrap","line":1536,"loc":{"start":{"line":1536,"column":34},"end":{"line":1536,"column":89}}},"92":{"name":"removeDomTemplateElement","line":1561,"loc":{"start":{"line":1561,"column":31},"end":{"line":1561,"column":83}}},"93":{"name":"setDocRangeEndAfter","line":1579,"loc":{"start":{"line":1579,"column":26},"end":{"line":1579,"column":79}}},"94":{"name":"insertRenderedElements","line":1595,"loc":{"start":{"line":1595,"column":29},"end":{"line":1595,"column":89}}},"95":{"name":"(anonymous_95)","line":1618,"loc":{"start":{"line":1618,"column":61},"end":{"line":1618,"column":93}}},"96":{"name":"_interopRequireWildcard","line":1627,"loc":{"start":{"line":1627,"column":0},"end":{"line":1627,"column":38}}},"97":{"name":"use","line":1632,"loc":{"start":{"line":1632,"column":10},"end":{"line":1632,"column":25}}},"98":{"name":"init","line":1643,"loc":{"start":{"line":1643,"column":11},"end":{"line":1643,"column":39}}},"99":{"name":"(anonymous_99)","line":1657,"loc":{"start":{"line":1657,"column":34},"end":{"line":1657,"column":66}}},"100":{"name":"_interopRequireWildcard","line":1669,"loc":{"start":{"line":1669,"column":0},"end":{"line":1669,"column":38}}},"101":{"name":"subscribeEvent","line":1683,"loc":{"start":{"line":1683,"column":21},"end":{"line":1683,"column":47}}},"102":{"name":"(anonymous_102)","line":1699,"loc":{"start":{"line":1699,"column":42},"end":{"line":1699,"column":64}}},"103":{"name":"subscribeEventOnce","line":1715,"loc":{"start":{"line":1715,"column":25},"end":{"line":1715,"column":55}}},"104":{"name":"unsubscribeEvent","line":1723,"loc":{"start":{"line":1723,"column":23},"end":{"line":1723,"column":51}}},"105":{"name":"unsubscribeAllEvent","line":1758,"loc":{"start":{"line":1758,"column":26},"end":{"line":1758,"column":57}}},"106":{"name":"(anonymous_106)","line":1764,"loc":{"start":{"line":1764,"column":32},"end":{"line":1764,"column":53}}},"107":{"name":"publishEvent","line":1769,"loc":{"start":{"line":1769,"column":19},"end":{"line":1769,"column":43}}},"108":{"name":"(anonymous_108)","line":1782,"loc":{"start":{"line":1782,"column":30},"end":{"line":1782,"column":52}}},"109":{"name":"(anonymous_109)","line":1783,"loc":{"start":{"line":1783,"column":40},"end":{"line":1783,"column":58}}},"110":{"name":"(anonymous_110)","line":1801,"loc":{"start":{"line":1801,"column":19},"end":{"line":1801,"column":51}}},"111":{"name":"(anonymous_111)","line":1809,"loc":{"start":{"line":1809,"column":84},"end":{"line":1809,"column":99}}},"112":{"name":"(anonymous_112)","line":1809,"loc":{"start":{"line":1809,"column":124},"end":{"line":1809,"column":139}}},"113":{"name":"_interopRequireWildcard","line":1815,"loc":{"start":{"line":1815,"column":0},"end":{"line":1815,"column":38}}},"114":{"name":"generateElementCache","line":1828,"loc":{"start":{"line":1828,"column":27},"end":{"line":1828,"column":71}}},"115":{"name":"(anonymous_115)","line":1830,"loc":{"start":{"line":1830,"column":25},"end":{"line":1830,"column":41}}},"116":{"name":"isArray","line":1836,"loc":{"start":{"line":1836,"column":14},"end":{"line":1836,"column":36}}},"117":{"name":"isJsObject","line":1840,"loc":{"start":{"line":1840,"column":17},"end":{"line":1840,"column":42}}},"118":{"name":"isPlainObject","line":1844,"loc":{"start":{"line":1844,"column":20},"end":{"line":1844,"column":48}}},"119":{"name":"isEmptyObject","line":1869,"loc":{"start":{"line":1869,"column":20},"end":{"line":1869,"column":48}}},"120":{"name":"getViewModelValue","line":1883,"loc":{"start":{"line":1883,"column":24},"end":{"line":1883,"column":62}}},"121":{"name":"setViewModelValue","line":1895,"loc":{"start":{"line":1895,"column":24},"end":{"line":1895,"column":69}}},"122":{"name":"parseStringToJson","line":1899,"loc":{"start":{"line":1899,"column":24},"end":{"line":1899,"column":56}}},"123":{"name":"arrayRemoveMatch","line":1912,"loc":{"start":{"line":1912,"column":23},"end":{"line":1912,"column":70}}},"124":{"name":"(anonymous_124)","line":1913,"loc":{"start":{"line":1913,"column":26},"end":{"line":1913,"column":50}}},"125":{"name":"getFormData","line":1918,"loc":{"start":{"line":1918,"column":18},"end":{"line":1918,"column":46}}},"126":{"name":"(anonymous_126)","line":1922,"loc":{"start":{"line":1922,"column":15},"end":{"line":1922,"column":28}}},"127":{"name":"getFunctionParameterList","line":1936,"loc":{"start":{"line":1936,"column":31},"end":{"line":1936,"column":70}}},"128":{"name":"(anonymous_128)","line":1944,"loc":{"start":{"line":1944,"column":26},"end":{"line":1944,"column":42}}},"129":{"name":"invertObj","line":1951,"loc":{"start":{"line":1951,"column":16},"end":{"line":1951,"column":46}}},"130":{"name":"(anonymous_130)","line":1952,"loc":{"start":{"line":1952,"column":41},"end":{"line":1952,"column":61}}},"131":{"name":"debounceRaf","line":1965,"loc":{"start":{"line":1965,"column":18},"end":{"line":1965,"column":43}}},"132":{"name":"(anonymous_132)","line":1968,"loc":{"start":{"line":1968,"column":11},"end":{"line":1968,"column":30}}},"133":{"name":"(anonymous_133)","line":1973,"loc":{"start":{"line":1973,"column":15},"end":{"line":1973,"column":27}}},"134":{"name":"(anonymous_134)","line":1981,"loc":{"start":{"line":1981,"column":49},"end":{"line":1981,"column":61}}},"135":{"name":"getNodeAttrObj","line":1998,"loc":{"start":{"line":1998,"column":21},"end":{"line":1998,"column":61}}},"136":{"name":"(anonymous_136)","line":2021,"loc":{"start":{"line":2021,"column":26},"end":{"line":2021,"column":42}}},"137":{"name":"extend","line":2037,"loc":{"start":{"line":2037,"column":13},"end":{"line":2037,"column":31}}},"138":{"name":"(anonymous_138)","line":2058,"loc":{"start":{"line":2058,"column":36},"end":{"line":2058,"column":51}}},"139":{"name":"isObject","line":2073,"loc":{"start":{"line":2073,"column":15},"end":{"line":2073,"column":39}}},"140":{"name":"isMergebleObject","line":2077,"loc":{"start":{"line":2077,"column":23},"end":{"line":2077,"column":55}}},"141":{"name":"cloneDomNode","line":2087,"loc":{"start":{"line":2087,"column":19},"end":{"line":2087,"column":50}}},"142":{"name":"insertAfter","line":2099,"loc":{"start":{"line":2099,"column":18},"end":{"line":2099,"column":75}}},"143":{"name":"resolveViewModelContext","line":2104,"loc":{"start":{"line":2104,"column":30},"end":{"line":2104,"column":83}}},"144":{"name":"resolveParamList","line":2121,"loc":{"start":{"line":2121,"column":23},"end":{"line":2121,"column":71}}},"145":{"name":"(anonymous_145)","line":2125,"loc":{"start":{"line":2125,"column":25},"end":{"line":2125,"column":42}}},"146":{"name":"throwErrorMessage","line":2142,"loc":{"start":{"line":2142,"column":24},"end":{"line":2142,"column":53}}}},"statementMap":{"1":{"start":{"line":7,"column":0},"end":{"line":2174,"column":26}},"2":{"start":{"line":7,"column":12},"end":{"line":7,"column":452}},"3":{"start":{"line":7,"column":30},"end":{"line":7,"column":366}},"4":{"start":{"line":7,"column":46},"end":{"line":7,"column":346}},"5":{"start":{"line":7,"column":56},"end":{"line":7,"column":232}},"6":{"start":{"line":7,"column":66},"end":{"line":7,"column":108}},"7":{"start":{"line":7,"column":108},"end":{"line":7,"column":132}},"8":{"start":{"line":7,"column":117},"end":{"line":7,"column":132}},"9":{"start":{"line":7,"column":132},"end":{"line":7,"column":152}},"10":{"start":{"line":7,"column":137},"end":{"line":7,"column":152}},"11":{"start":{"line":7,"column":152},"end":{"line":7,"column":198}},"12":{"start":{"line":7,"column":198},"end":{"line":7,"column":231}},"13":{"start":{"line":7,"column":232},"end":{"line":7,"column":256}},"14":{"start":{"line":7,"column":256},"end":{"line":7,"column":345}},"15":{"start":{"line":7,"column":291},"end":{"line":7,"column":308}},"16":{"start":{"line":7,"column":308},"end":{"line":7,"column":323}},"17":{"start":{"line":7,"column":346},"end":{"line":7,"column":365}},"18":{"start":{"line":7,"column":366},"end":{"line":7,"column":408}},"19":{"start":{"line":7,"column":408},"end":{"line":7,"column":443}},"20":{"start":{"line":7,"column":435},"end":{"line":7,"column":443}},"21":{"start":{"line":7,"column":443},"end":{"line":7,"column":451}},"22":{"start":{"line":7,"column":452},"end":{"line":7,"column":460}},"23":{"start":{"line":10,"column":0},"end":{"line":12,"column":3}},"24":{"start":{"line":13,"column":0},"end":{"line":13,"column":90}},"25":{"start":{"line":15,"column":0},"end":{"line":15,"column":269}},"26":{"start":{"line":15,"column":101},"end":{"line":15,"column":119}},"27":{"start":{"line":15,"column":141},"end":{"line":15,"column":266}},"28":{"start":{"line":17,"column":0},"end":{"line":17,"column":564}},"29":{"start":{"line":17,"column":33},"end":{"line":17,"column":349}},"30":{"start":{"line":17,"column":76},"end":{"line":17,"column":347}},"31":{"start":{"line":17,"column":117},"end":{"line":17,"column":143}},"32":{"start":{"line":17,"column":144},"end":{"line":17,"column":199}},"33":{"start":{"line":17,"column":200},"end":{"line":17,"column":231}},"34":{"start":{"line":17,"column":232},"end":{"line":17,"column":286}},"35":{"start":{"line":17,"column":259},"end":{"line":17,"column":286}},"36":{"start":{"line":17,"column":287},"end":{"line":17,"column":345}},"37":{"start":{"line":17,"column":350},"end":{"line":17,"column":559}},"38":{"start":{"line":17,"column":407},"end":{"line":17,"column":475}},"39":{"start":{"line":17,"column":423},"end":{"line":17,"column":475}},"40":{"start":{"line":17,"column":476},"end":{"line":17,"column":536}},"41":{"start":{"line":17,"column":493},"end":{"line":17,"column":536}},"42":{"start":{"line":17,"column":537},"end":{"line":17,"column":556}},"43":{"start":{"line":19,"column":0},"end":{"line":19,"column":34}},"44":{"start":{"line":21,"column":0},"end":{"line":21,"column":46}},"45":{"start":{"line":23,"column":0},"end":{"line":23,"column":30}},"46":{"start":{"line":25,"column":0},"end":{"line":25,"column":42}},"47":{"start":{"line":27,"column":0},"end":{"line":27,"column":38}},"48":{"start":{"line":29,"column":0},"end":{"line":29,"column":47}},"49":{"start":{"line":31,"column":0},"end":{"line":31,"column":40}},"50":{"start":{"line":33,"column":0},"end":{"line":33,"column":53}},"51":{"start":{"line":35,"column":0},"end":{"line":35,"column":34}},"52":{"start":{"line":37,"column":0},"end":{"line":37,"column":46}},"53":{"start":{"line":39,"column":0},"end":{"line":39,"column":97}},"54":{"start":{"line":39,"column":39},"end":{"line":39,"column":95}},"55":{"start":{"line":41,"column":0},"end":{"line":41,"column":272}},"56":{"start":{"line":41,"column":40},"end":{"line":41,"column":270}},"57":{"start":{"line":41,"column":69},"end":{"line":41,"column":80}},"58":{"start":{"line":41,"column":90},"end":{"line":41,"column":106}},"59":{"start":{"line":41,"column":107},"end":{"line":41,"column":228}},"60":{"start":{"line":41,"column":126},"end":{"line":41,"column":226}},"61":{"start":{"line":41,"column":149},"end":{"line":41,"column":224}},"62":{"start":{"line":41,"column":201},"end":{"line":41,"column":224}},"63":{"start":{"line":41,"column":229},"end":{"line":41,"column":253}},"64":{"start":{"line":41,"column":254},"end":{"line":41,"column":268}},"65":{"start":{"line":43,"column":0},"end":{"line":43,"column":153}},"66":{"start":{"line":43,"column":50},"end":{"line":43,"column":151}},"67":{"start":{"line":43,"column":92},"end":{"line":43,"column":149}},"68":{"start":{"line":45,"column":0},"end":{"line":45,"column":20}},"69":{"start":{"line":46,"column":0},"end":{"line":46,"column":58}},"70":{"start":{"line":48,"column":0},"end":{"line":334,"column":4}},"71":{"start":{"line":49,"column":4},"end":{"line":76,"column":5}},"72":{"start":{"line":50,"column":8},"end":{"line":50,"column":38}},"73":{"start":{"line":52,"column":8},"end":{"line":54,"column":9}},"74":{"start":{"line":53,"column":12},"end":{"line":53,"column":72}},"75":{"start":{"line":56,"column":8},"end":{"line":56,"column":34}},"76":{"start":{"line":58,"column":8},"end":{"line":58,"column":39}},"77":{"start":{"line":60,"column":8},"end":{"line":60,"column":47}},"78":{"start":{"line":62,"column":8},"end":{"line":62,"column":35}},"79":{"start":{"line":64,"column":8},"end":{"line":64,"column":41}},"80":{"start":{"line":66,"column":8},"end":{"line":66,"column":58}},"81":{"start":{"line":68,"column":8},"end":{"line":68,"column":105}},"82":{"start":{"line":71,"column":8},"end":{"line":71,"column":34}},"83":{"start":{"line":73,"column":8},"end":{"line":73,"column":25}},"84":{"start":{"line":75,"column":8},"end":{"line":75,"column":20}},"85":{"start":{"line":87,"column":4},"end":{"line":331,"column":8}},"86":{"start":{"line":91,"column":12},"end":{"line":91,"column":64}},"87":{"start":{"line":93,"column":12},"end":{"line":96,"column":15}},"88":{"start":{"line":99,"column":12},"end":{"line":103,"column":13}},"89":{"start":{"line":100,"column":16},"end":{"line":102,"column":19}},"90":{"start":{"line":104,"column":12},"end":{"line":104,"column":24}},"91":{"start":{"line":116,"column":12},"end":{"line":116,"column":29}},"92":{"start":{"line":118,"column":12},"end":{"line":118,"column":93}},"93":{"start":{"line":120,"column":12},"end":{"line":120,"column":42}},"94":{"start":{"line":121,"column":12},"end":{"line":121,"column":69}},"95":{"start":{"line":123,"column":12},"end":{"line":129,"column":13}},"96":{"start":{"line":125,"column":16},"end":{"line":128,"column":19}},"97":{"start":{"line":131,"column":12},"end":{"line":149,"column":13}},"98":{"start":{"line":132,"column":16},"end":{"line":148,"column":17}},"99":{"start":{"line":133,"column":20},"end":{"line":147,"column":23}},"100":{"start":{"line":137,"column":24},"end":{"line":141,"column":25}},"101":{"start":{"line":138,"column":28},"end":{"line":140,"column":30}},"102":{"start":{"line":139,"column":32},"end":{"line":139,"column":44}},"103":{"start":{"line":142,"column":24},"end":{"line":146,"column":27}},"104":{"start":{"line":154,"column":12},"end":{"line":154,"column":93}},"105":{"start":{"line":156,"column":12},"end":{"line":156,"column":34}},"106":{"start":{"line":157,"column":12},"end":{"line":168,"column":13}},"107":{"start":{"line":159,"column":16},"end":{"line":164,"column":17}},"108":{"start":{"line":160,"column":20},"end":{"line":160,"column":76}},"109":{"start":{"line":161,"column":20},"end":{"line":161,"column":107}},"110":{"start":{"line":163,"column":20},"end":{"line":163,"column":97}},"111":{"start":{"line":167,"column":16},"end":{"line":167,"column":60}},"112":{"start":{"line":172,"column":12},"end":{"line":178,"column":15}},"113":{"start":{"line":181,"column":12},"end":{"line":186,"column":15}},"114":{"start":{"line":188,"column":12},"end":{"line":188,"column":37}},"115":{"start":{"line":193,"column":12},"end":{"line":193,"column":99}},"116":{"start":{"line":194,"column":12},"end":{"line":194,"column":34}},"117":{"start":{"line":196,"column":12},"end":{"line":196,"column":55}},"118":{"start":{"line":197,"column":12},"end":{"line":197,"column":24}},"119":{"start":{"line":202,"column":12},"end":{"line":202,"column":99}},"120":{"start":{"line":203,"column":12},"end":{"line":203,"column":34}},"121":{"start":{"line":205,"column":12},"end":{"line":205,"column":59}},"122":{"start":{"line":206,"column":12},"end":{"line":206,"column":24}},"123":{"start":{"line":211,"column":12},"end":{"line":211,"column":99}},"124":{"start":{"line":213,"column":12},"end":{"line":213,"column":60}},"125":{"start":{"line":214,"column":12},"end":{"line":214,"column":24}},"126":{"start":{"line":219,"column":12},"end":{"line":219,"column":52}},"127":{"start":{"line":220,"column":12},"end":{"line":220,"column":24}},"128":{"start":{"line":225,"column":12},"end":{"line":225,"column":99}},"129":{"start":{"line":227,"column":12},"end":{"line":229,"column":13}},"130":{"start":{"line":228,"column":16},"end":{"line":228,"column":49}},"131":{"start":{"line":231,"column":12},"end":{"line":231,"column":72}},"132":{"start":{"line":232,"column":12},"end":{"line":232,"column":24}},"133":{"start":{"line":237,"column":12},"end":{"line":240,"column":43}},"134":{"start":{"line":242,"column":12},"end":{"line":244,"column":13}},"135":{"start":{"line":243,"column":16},"end":{"line":243,"column":23}},"136":{"start":{"line":249,"column":12},"end":{"line":253,"column":13}},"137":{"start":{"line":250,"column":16},"end":{"line":252,"column":19}},"138":{"start":{"line":251,"column":20},"end":{"line":251,"column":71}},"139":{"start":{"line":256,"column":12},"end":{"line":260,"column":13}},"140":{"start":{"line":257,"column":16},"end":{"line":259,"column":19}},"141":{"start":{"line":258,"column":20},"end":{"line":258,"column":70}},"142":{"start":{"line":263,"column":12},"end":{"line":267,"column":13}},"143":{"start":{"line":264,"column":16},"end":{"line":266,"column":19}},"144":{"start":{"line":265,"column":20},"end":{"line":265,"column":70}},"145":{"start":{"line":269,"column":12},"end":{"line":273,"column":13}},"146":{"start":{"line":270,"column":16},"end":{"line":272,"column":19}},"147":{"start":{"line":271,"column":20},"end":{"line":271,"column":70}},"148":{"start":{"line":276,"column":12},"end":{"line":280,"column":13}},"149":{"start":{"line":277,"column":16},"end":{"line":279,"column":19}},"150":{"start":{"line":278,"column":20},"end":{"line":278,"column":69}},"151":{"start":{"line":283,"column":12},"end":{"line":287,"column":13}},"152":{"start":{"line":284,"column":16},"end":{"line":286,"column":19}},"153":{"start":{"line":285,"column":20},"end":{"line":285,"column":71}},"154":{"start":{"line":290,"column":12},"end":{"line":294,"column":13}},"155":{"start":{"line":291,"column":16},"end":{"line":293,"column":19}},"156":{"start":{"line":292,"column":20},"end":{"line":292,"column":72}},"157":{"start":{"line":297,"column":12},"end":{"line":301,"column":13}},"158":{"start":{"line":298,"column":16},"end":{"line":300,"column":19}},"159":{"start":{"line":299,"column":20},"end":{"line":299,"column":72}},"160":{"start":{"line":304,"column":12},"end":{"line":308,"column":13}},"161":{"start":{"line":305,"column":16},"end":{"line":307,"column":19}},"162":{"start":{"line":306,"column":20},"end":{"line":306,"column":71}},"163":{"start":{"line":311,"column":12},"end":{"line":315,"column":13}},"164":{"start":{"line":312,"column":16},"end":{"line":314,"column":19}},"165":{"start":{"line":313,"column":20},"end":{"line":313,"column":74}},"166":{"start":{"line":318,"column":12},"end":{"line":322,"column":13}},"167":{"start":{"line":319,"column":16},"end":{"line":321,"column":19}},"168":{"start":{"line":320,"column":20},"end":{"line":320,"column":70}},"169":{"start":{"line":325,"column":12},"end":{"line":329,"column":13}},"170":{"start":{"line":326,"column":16},"end":{"line":328,"column":19}},"171":{"start":{"line":327,"column":20},"end":{"line":327,"column":71}},"172":{"start":{"line":333,"column":4},"end":{"line":333,"column":18}},"173":{"start":{"line":336,"column":0},"end":{"line":374,"column":2}},"174":{"start":{"line":337,"column":4},"end":{"line":341,"column":36}},"175":{"start":{"line":343,"column":4},"end":{"line":345,"column":5}},"176":{"start":{"line":344,"column":8},"end":{"line":344,"column":21}},"177":{"start":{"line":347,"column":4},"end":{"line":372,"column":5}},"178":{"start":{"line":350,"column":8},"end":{"line":362,"column":9}},"179":{"start":{"line":352,"column":12},"end":{"line":352,"column":84}},"180":{"start":{"line":354,"column":12},"end":{"line":356,"column":15}},"181":{"start":{"line":355,"column":16},"end":{"line":355,"column":86}},"182":{"start":{"line":358,"column":12},"end":{"line":361,"column":15}},"183":{"start":{"line":364,"column":8},"end":{"line":371,"column":11}},"184":{"start":{"line":365,"column":12},"end":{"line":370,"column":15}},"185":{"start":{"line":373,"column":4},"end":{"line":373,"column":16}},"186":{"start":{"line":384,"column":0},"end":{"line":433,"column":2}},"187":{"start":{"line":385,"column":4},"end":{"line":385,"column":91}},"188":{"start":{"line":386,"column":4},"end":{"line":386,"column":85}},"189":{"start":{"line":388,"column":4},"end":{"line":396,"column":6}},"190":{"start":{"line":397,"column":4},"end":{"line":404,"column":6}},"191":{"start":{"line":407,"column":4},"end":{"line":415,"column":6}},"192":{"start":{"line":416,"column":4},"end":{"line":416,"column":26}},"193":{"start":{"line":418,"column":4},"end":{"line":430,"column":5}},"194":{"start":{"line":420,"column":12},"end":{"line":420,"column":93}},"195":{"start":{"line":421,"column":12},"end":{"line":421,"column":18}},"196":{"start":{"line":424,"column":12},"end":{"line":424,"column":39}},"197":{"start":{"line":425,"column":12},"end":{"line":425,"column":92}},"198":{"start":{"line":426,"column":12},"end":{"line":426,"column":18}},"199":{"start":{"line":429,"column":12},"end":{"line":429,"column":70}},"200":{"start":{"line":432,"column":4},"end":{"line":432,"column":24}},"201":{"start":{"line":435,"column":0},"end":{"line":435,"column":24}},"202":{"start":{"line":436,"column":0},"end":{"line":436,"column":50}},"203":{"start":{"line":437,"column":0},"end":{"line":437,"column":56}},"204":{"start":{"line":442,"column":0},"end":{"line":444,"column":3}},"205":{"start":{"line":445,"column":0},"end":{"line":445,"column":310}},"206":{"start":{"line":447,"column":0},"end":{"line":447,"column":269}},"207":{"start":{"line":447,"column":101},"end":{"line":447,"column":119}},"208":{"start":{"line":447,"column":141},"end":{"line":447,"column":266}},"209":{"start":{"line":450,"column":0},"end":{"line":450,"column":34}},"210":{"start":{"line":452,"column":0},"end":{"line":452,"column":46}},"211":{"start":{"line":454,"column":0},"end":{"line":454,"column":30}},"212":{"start":{"line":456,"column":0},"end":{"line":456,"column":42}},"213":{"start":{"line":458,"column":0},"end":{"line":458,"column":46}},"214":{"start":{"line":460,"column":0},"end":{"line":460,"column":59}},"215":{"start":{"line":462,"column":0},"end":{"line":462,"column":97}},"216":{"start":{"line":462,"column":39},"end":{"line":462,"column":95}},"217":{"start":{"line":464,"column":0},"end":{"line":464,"column":272}},"218":{"start":{"line":464,"column":40},"end":{"line":464,"column":270}},"219":{"start":{"line":464,"column":69},"end":{"line":464,"column":80}},"220":{"start":{"line":464,"column":90},"end":{"line":464,"column":106}},"221":{"start":{"line":464,"column":107},"end":{"line":464,"column":228}},"222":{"start":{"line":464,"column":126},"end":{"line":464,"column":226}},"223":{"start":{"line":464,"column":149},"end":{"line":464,"column":224}},"224":{"start":{"line":464,"column":201},"end":{"line":464,"column":224}},"225":{"start":{"line":464,"column":229},"end":{"line":464,"column":253}},"226":{"start":{"line":464,"column":254},"end":{"line":464,"column":268}},"227":{"start":{"line":466,"column":0},"end":{"line":466,"column":24}},"228":{"start":{"line":467,"column":0},"end":{"line":467,"column":25}},"229":{"start":{"line":468,"column":0},"end":{"line":468,"column":27}},"230":{"start":{"line":469,"column":0},"end":{"line":469,"column":23}},"231":{"start":{"line":470,"column":0},"end":{"line":470,"column":38}},"232":{"start":{"line":479,"column":0},"end":{"line":494,"column":2}},"233":{"start":{"line":480,"column":4},"end":{"line":480,"column":96}},"234":{"start":{"line":482,"column":4},"end":{"line":482,"column":32}},"235":{"start":{"line":483,"column":4},"end":{"line":483,"column":33}},"236":{"start":{"line":485,"column":4},"end":{"line":491,"column":5}},"237":{"start":{"line":486,"column":8},"end":{"line":486,"column":54}},"238":{"start":{"line":487,"column":8},"end":{"line":487,"column":74}},"239":{"start":{"line":488,"column":8},"end":{"line":490,"column":11}},"240":{"start":{"line":493,"column":4},"end":{"line":493,"column":43}},"241":{"start":{"line":506,"column":0},"end":{"line":575,"column":2}},"242":{"start":{"line":507,"column":4},"end":{"line":507,"column":57}},"243":{"start":{"line":508,"column":4},"end":{"line":508,"column":108}},"244":{"start":{"line":509,"column":4},"end":{"line":509,"column":35}},"245":{"start":{"line":510,"column":4},"end":{"line":510,"column":37}},"246":{"start":{"line":511,"column":4},"end":{"line":511,"column":22}},"247":{"start":{"line":512,"column":4},"end":{"line":512,"column":26}},"248":{"start":{"line":513,"column":4},"end":{"line":513,"column":24}},"249":{"start":{"line":514,"column":4},"end":{"line":514,"column":33}},"250":{"start":{"line":515,"column":4},"end":{"line":515,"column":34}},"251":{"start":{"line":517,"column":4},"end":{"line":519,"column":5}},"252":{"start":{"line":518,"column":8},"end":{"line":518,"column":15}},"253":{"start":{"line":521,"column":4},"end":{"line":521,"column":27}},"254":{"start":{"line":522,"column":4},"end":{"line":522,"column":110}},"255":{"start":{"line":523,"column":4},"end":{"line":525,"column":5}},"256":{"start":{"line":524,"column":8},"end":{"line":524,"column":33}},"257":{"start":{"line":526,"column":4},"end":{"line":526,"column":61}},"258":{"start":{"line":527,"column":4},"end":{"line":527,"column":61}},"259":{"start":{"line":528,"column":4},"end":{"line":528,"column":50}},"260":{"start":{"line":532,"column":4},"end":{"line":538,"column":5}},"261":{"start":{"line":533,"column":8},"end":{"line":533,"column":39}},"262":{"start":{"line":534,"column":8},"end":{"line":534,"column":34}},"263":{"start":{"line":536,"column":8},"end":{"line":536,"column":35}},"264":{"start":{"line":537,"column":8},"end":{"line":537,"column":37}},"265":{"start":{"line":541,"column":4},"end":{"line":541,"column":74}},"266":{"start":{"line":543,"column":4},"end":{"line":555,"column":5}},"267":{"start":{"line":544,"column":8},"end":{"line":544,"column":54}},"268":{"start":{"line":545,"column":8},"end":{"line":554,"column":11}},"269":{"start":{"line":546,"column":12},"end":{"line":549,"column":14}},"270":{"start":{"line":550,"column":12},"end":{"line":550,"column":67}},"271":{"start":{"line":552,"column":12},"end":{"line":552,"column":85}},"272":{"start":{"line":553,"column":12},"end":{"line":553,"column":36}},"273":{"start":{"line":558,"column":4},"end":{"line":574,"column":5}},"274":{"start":{"line":560,"column":8},"end":{"line":562,"column":9}},"275":{"start":{"line":561,"column":12},"end":{"line":561,"column":34}},"276":{"start":{"line":563,"column":8},"end":{"line":567,"column":9}},"277":{"start":{"line":564,"column":12},"end":{"line":564,"column":55}},"278":{"start":{"line":566,"column":12},"end":{"line":566,"column":54}},"279":{"start":{"line":569,"column":8},"end":{"line":569,"column":44}},"280":{"start":{"line":571,"column":8},"end":{"line":573,"column":9}},"281":{"start":{"line":572,"column":12},"end":{"line":572,"column":52}},"282":{"start":{"line":586,"column":0},"end":{"line":608,"column":2}},"283":{"start":{"line":587,"column":4},"end":{"line":587,"column":36}},"284":{"start":{"line":588,"column":4},"end":{"line":588,"column":37}},"285":{"start":{"line":589,"column":4},"end":{"line":589,"column":27}},"286":{"start":{"line":590,"column":4},"end":{"line":590,"column":26}},"287":{"start":{"line":591,"column":4},"end":{"line":591,"column":34}},"288":{"start":{"line":593,"column":4},"end":{"line":595,"column":5}},"289":{"start":{"line":594,"column":8},"end":{"line":594,"column":15}},"290":{"start":{"line":597,"column":4},"end":{"line":597,"column":63}},"291":{"start":{"line":599,"column":4},"end":{"line":607,"column":5}},"292":{"start":{"line":600,"column":8},"end":{"line":600,"column":80}},"293":{"start":{"line":601,"column":8},"end":{"line":601,"column":81}},"294":{"start":{"line":602,"column":8},"end":{"line":602,"column":31}},"295":{"start":{"line":603,"column":8},"end":{"line":606,"column":11}},"296":{"start":{"line":604,"column":12},"end":{"line":604,"column":55}},"297":{"start":{"line":605,"column":12},"end":{"line":605,"column":52}},"298":{"start":{"line":618,"column":0},"end":{"line":640,"column":2}},"299":{"start":{"line":619,"column":4},"end":{"line":619,"column":36}},"300":{"start":{"line":620,"column":4},"end":{"line":620,"column":37}},"301":{"start":{"line":621,"column":4},"end":{"line":621,"column":27}},"302":{"start":{"line":622,"column":4},"end":{"line":622,"column":26}},"303":{"start":{"line":623,"column":4},"end":{"line":623,"column":34}},"304":{"start":{"line":625,"column":4},"end":{"line":627,"column":5}},"305":{"start":{"line":626,"column":8},"end":{"line":626,"column":15}},"306":{"start":{"line":629,"column":4},"end":{"line":629,"column":63}},"307":{"start":{"line":631,"column":4},"end":{"line":639,"column":5}},"308":{"start":{"line":632,"column":8},"end":{"line":632,"column":80}},"309":{"start":{"line":633,"column":8},"end":{"line":633,"column":81}},"310":{"start":{"line":634,"column":8},"end":{"line":634,"column":31}},"311":{"start":{"line":635,"column":8},"end":{"line":638,"column":11}},"312":{"start":{"line":636,"column":12},"end":{"line":636,"column":55}},"313":{"start":{"line":637,"column":12},"end":{"line":637,"column":52}},"314":{"start":{"line":650,"column":0},"end":{"line":672,"column":2}},"315":{"start":{"line":651,"column":4},"end":{"line":651,"column":36}},"316":{"start":{"line":652,"column":4},"end":{"line":652,"column":37}},"317":{"start":{"line":653,"column":4},"end":{"line":653,"column":27}},"318":{"start":{"line":654,"column":4},"end":{"line":654,"column":26}},"319":{"start":{"line":655,"column":4},"end":{"line":655,"column":34}},"320":{"start":{"line":657,"column":4},"end":{"line":659,"column":5}},"321":{"start":{"line":658,"column":8},"end":{"line":658,"column":15}},"322":{"start":{"line":661,"column":4},"end":{"line":661,"column":63}},"323":{"start":{"line":663,"column":4},"end":{"line":671,"column":5}},"324":{"start":{"line":664,"column":8},"end":{"line":664,"column":80}},"325":{"start":{"line":665,"column":8},"end":{"line":665,"column":81}},"326":{"start":{"line":666,"column":8},"end":{"line":666,"column":31}},"327":{"start":{"line":667,"column":8},"end":{"line":670,"column":11}},"328":{"start":{"line":668,"column":12},"end":{"line":668,"column":55}},"329":{"start":{"line":669,"column":12},"end":{"line":669,"column":52}},"330":{"start":{"line":682,"column":0},"end":{"line":704,"column":2}},"331":{"start":{"line":683,"column":4},"end":{"line":683,"column":36}},"332":{"start":{"line":684,"column":4},"end":{"line":684,"column":37}},"333":{"start":{"line":685,"column":4},"end":{"line":685,"column":27}},"334":{"start":{"line":686,"column":4},"end":{"line":686,"column":26}},"335":{"start":{"line":687,"column":4},"end":{"line":687,"column":34}},"336":{"start":{"line":689,"column":4},"end":{"line":691,"column":5}},"337":{"start":{"line":690,"column":8},"end":{"line":690,"column":15}},"338":{"start":{"line":693,"column":4},"end":{"line":693,"column":63}},"339":{"start":{"line":695,"column":4},"end":{"line":703,"column":5}},"340":{"start":{"line":696,"column":8},"end":{"line":696,"column":80}},"341":{"start":{"line":697,"column":8},"end":{"line":697,"column":81}},"342":{"start":{"line":698,"column":8},"end":{"line":698,"column":31}},"343":{"start":{"line":699,"column":8},"end":{"line":702,"column":11}},"344":{"start":{"line":700,"column":12},"end":{"line":700,"column":55}},"345":{"start":{"line":701,"column":12},"end":{"line":701,"column":52}},"346":{"start":{"line":713,"column":0},"end":{"line":750,"column":2}},"347":{"start":{"line":714,"column":4},"end":{"line":714,"column":36}},"348":{"start":{"line":715,"column":4},"end":{"line":715,"column":37}},"349":{"start":{"line":716,"column":4},"end":{"line":716,"column":65}},"350":{"start":{"line":717,"column":4},"end":{"line":717,"column":27}},"351":{"start":{"line":718,"column":4},"end":{"line":718,"column":28}},"352":{"start":{"line":719,"column":4},"end":{"line":719,"column":26}},"353":{"start":{"line":720,"column":4},"end":{"line":720,"column":26}},"354":{"start":{"line":721,"column":4},"end":{"line":721,"column":26}},"355":{"start":{"line":722,"column":4},"end":{"line":722,"column":34}},"356":{"start":{"line":724,"column":4},"end":{"line":726,"column":5}},"357":{"start":{"line":725,"column":8},"end":{"line":725,"column":15}},"358":{"start":{"line":728,"column":4},"end":{"line":728,"column":63}},"359":{"start":{"line":730,"column":4},"end":{"line":730,"column":27}},"360":{"start":{"line":732,"column":4},"end":{"line":749,"column":5}},"361":{"start":{"line":733,"column":8},"end":{"line":733,"column":80}},"362":{"start":{"line":734,"column":8},"end":{"line":734,"column":81}},"363":{"start":{"line":736,"column":8},"end":{"line":736,"column":46}},"364":{"start":{"line":738,"column":8},"end":{"line":748,"column":11}},"365":{"start":{"line":739,"column":12},"end":{"line":739,"column":88}},"366":{"start":{"line":741,"column":12},"end":{"line":744,"column":13}},"367":{"start":{"line":742,"column":16},"end":{"line":742,"column":75}},"368":{"start":{"line":743,"column":16},"end":{"line":743,"column":74}},"369":{"start":{"line":745,"column":12},"end":{"line":745,"column":75}},"370":{"start":{"line":746,"column":12},"end":{"line":746,"column":52}},"371":{"start":{"line":747,"column":12},"end":{"line":747,"column":32}},"372":{"start":{"line":759,"column":0},"end":{"line":788,"column":2}},"373":{"start":{"line":760,"column":4},"end":{"line":760,"column":32}},"374":{"start":{"line":761,"column":4},"end":{"line":761,"column":26}},"375":{"start":{"line":763,"column":4},"end":{"line":765,"column":5}},"376":{"start":{"line":764,"column":8},"end":{"line":764,"column":15}},"377":{"start":{"line":767,"column":4},"end":{"line":767,"column":58}},"378":{"start":{"line":769,"column":4},"end":{"line":787,"column":5}},"379":{"start":{"line":770,"column":8},"end":{"line":770,"column":35}},"380":{"start":{"line":771,"column":8},"end":{"line":771,"column":50}},"381":{"start":{"line":772,"column":8},"end":{"line":772,"column":44}},"382":{"start":{"line":773,"column":8},"end":{"line":773,"column":41}},"383":{"start":{"line":774,"column":8},"end":{"line":774,"column":80}},"384":{"start":{"line":775,"column":8},"end":{"line":775,"column":78}},"385":{"start":{"line":778,"column":8},"end":{"line":786,"column":9}},"386":{"start":{"line":779,"column":12},"end":{"line":785,"column":13}},"387":{"start":{"line":780,"column":16},"end":{"line":780,"column":60}},"388":{"start":{"line":781,"column":19},"end":{"line":785,"column":13}},"389":{"start":{"line":782,"column":16},"end":{"line":782,"column":44}},"390":{"start":{"line":784,"column":16},"end":{"line":784,"column":39}},"391":{"start":{"line":797,"column":0},"end":{"line":820,"column":2}},"392":{"start":{"line":798,"column":4},"end":{"line":798,"column":36}},"393":{"start":{"line":799,"column":4},"end":{"line":799,"column":37}},"394":{"start":{"line":800,"column":4},"end":{"line":800,"column":27}},"395":{"start":{"line":801,"column":4},"end":{"line":801,"column":26}},"396":{"start":{"line":802,"column":4},"end":{"line":802,"column":34}},"397":{"start":{"line":804,"column":4},"end":{"line":806,"column":5}},"398":{"start":{"line":805,"column":8},"end":{"line":805,"column":15}},"399":{"start":{"line":808,"column":4},"end":{"line":808,"column":63}},"400":{"start":{"line":809,"column":4},"end":{"line":809,"column":27}},"401":{"start":{"line":811,"column":4},"end":{"line":819,"column":5}},"402":{"start":{"line":812,"column":8},"end":{"line":812,"column":80}},"403":{"start":{"line":813,"column":8},"end":{"line":813,"column":81}},"404":{"start":{"line":815,"column":8},"end":{"line":818,"column":11}},"405":{"start":{"line":816,"column":12},"end":{"line":816,"column":83}},"406":{"start":{"line":817,"column":12},"end":{"line":817,"column":52}},"407":{"start":{"line":830,"column":0},"end":{"line":853,"column":2}},"408":{"start":{"line":831,"column":4},"end":{"line":831,"column":32}},"409":{"start":{"line":832,"column":4},"end":{"line":832,"column":37}},"410":{"start":{"line":833,"column":4},"end":{"line":833,"column":34}},"411":{"start":{"line":835,"column":4},"end":{"line":837,"column":5}},"412":{"start":{"line":836,"column":8},"end":{"line":836,"column":15}},"413":{"start":{"line":839,"column":4},"end":{"line":839,"column":62}},"414":{"start":{"line":840,"column":4},"end":{"line":845,"column":5}},"415":{"start":{"line":841,"column":8},"end":{"line":841,"column":77}},"416":{"start":{"line":842,"column":8},"end":{"line":842,"column":81}},"417":{"start":{"line":843,"column":8},"end":{"line":843,"column":38}},"418":{"start":{"line":844,"column":8},"end":{"line":844,"column":58}},"419":{"start":{"line":846,"column":4},"end":{"line":846,"column":40}},"420":{"start":{"line":848,"column":4},"end":{"line":852,"column":5}},"421":{"start":{"line":849,"column":8},"end":{"line":851,"column":9}},"422":{"start":{"line":850,"column":12},"end":{"line":850,"column":44}},"423":{"start":{"line":864,"column":0},"end":{"line":912,"column":2}},"424":{"start":{"line":865,"column":4},"end":{"line":865,"column":32}},"425":{"start":{"line":866,"column":4},"end":{"line":866,"column":37}},"426":{"start":{"line":868,"column":4},"end":{"line":870,"column":5}},"427":{"start":{"line":869,"column":8},"end":{"line":869,"column":15}},"428":{"start":{"line":872,"column":4},"end":{"line":872,"column":31}},"429":{"start":{"line":873,"column":4},"end":{"line":873,"column":64}},"430":{"start":{"line":874,"column":4},"end":{"line":874,"column":47}},"431":{"start":{"line":875,"column":4},"end":{"line":875,"column":52}},"432":{"start":{"line":876,"column":4},"end":{"line":876,"column":28}},"433":{"start":{"line":877,"column":4},"end":{"line":877,"column":34}},"434":{"start":{"line":879,"column":4},"end":{"line":879,"column":63}},"435":{"start":{"line":880,"column":4},"end":{"line":880,"column":60}},"436":{"start":{"line":883,"column":4},"end":{"line":911,"column":5}},"437":{"start":{"line":884,"column":8},"end":{"line":889,"column":9}},"438":{"start":{"line":885,"column":12},"end":{"line":885,"column":80}},"439":{"start":{"line":886,"column":12},"end":{"line":886,"column":85}},"440":{"start":{"line":887,"column":12},"end":{"line":887,"column":67}},"441":{"start":{"line":888,"column":12},"end":{"line":888,"column":66}},"442":{"start":{"line":891,"column":8},"end":{"line":891,"column":41}},"443":{"start":{"line":894,"column":8},"end":{"line":896,"column":9}},"444":{"start":{"line":895,"column":12},"end":{"line":895,"column":19}},"445":{"start":{"line":899,"column":8},"end":{"line":899,"column":44}},"446":{"start":{"line":900,"column":8},"end":{"line":900,"column":57}},"447":{"start":{"line":903,"column":8},"end":{"line":905,"column":9}},"448":{"start":{"line":904,"column":12},"end":{"line":904,"column":37}},"449":{"start":{"line":906,"column":8},"end":{"line":910,"column":9}},"450":{"start":{"line":907,"column":12},"end":{"line":907,"column":28}},"451":{"start":{"line":909,"column":12},"end":{"line":909,"column":28}},"452":{"start":{"line":924,"column":0},"end":{"line":1006,"column":2}},"453":{"start":{"line":925,"column":4},"end":{"line":925,"column":32}},"454":{"start":{"line":926,"column":4},"end":{"line":926,"column":37}},"455":{"start":{"line":928,"column":4},"end":{"line":930,"column":5}},"456":{"start":{"line":929,"column":8},"end":{"line":929,"column":15}},"457":{"start":{"line":932,"column":4},"end":{"line":932,"column":31}},"458":{"start":{"line":933,"column":4},"end":{"line":933,"column":64}},"459":{"start":{"line":934,"column":4},"end":{"line":934,"column":47}},"460":{"start":{"line":935,"column":4},"end":{"line":935,"column":24}},"461":{"start":{"line":936,"column":4},"end":{"line":936,"column":66}},"462":{"start":{"line":937,"column":4},"end":{"line":937,"column":32}},"463":{"start":{"line":938,"column":4},"end":{"line":938,"column":33}},"464":{"start":{"line":939,"column":4},"end":{"line":939,"column":33}},"465":{"start":{"line":940,"column":4},"end":{"line":940,"column":28}},"466":{"start":{"line":941,"column":4},"end":{"line":941,"column":21}},"467":{"start":{"line":942,"column":4},"end":{"line":942,"column":34}},"468":{"start":{"line":944,"column":4},"end":{"line":949,"column":5}},"469":{"start":{"line":945,"column":8},"end":{"line":945,"column":76}},"470":{"start":{"line":946,"column":8},"end":{"line":946,"column":81}},"471":{"start":{"line":947,"column":8},"end":{"line":947,"column":60}},"472":{"start":{"line":948,"column":8},"end":{"line":948,"column":66}},"473":{"start":{"line":951,"column":4},"end":{"line":958,"column":5}},"474":{"start":{"line":952,"column":8},"end":{"line":952,"column":32}},"475":{"start":{"line":953,"column":11},"end":{"line":958,"column":5}},"476":{"start":{"line":954,"column":8},"end":{"line":954,"column":32}},"477":{"start":{"line":957,"column":8},"end":{"line":957,"column":15}},"478":{"start":{"line":960,"column":4},"end":{"line":965,"column":5}},"479":{"start":{"line":961,"column":8},"end":{"line":961,"column":50}},"480":{"start":{"line":963,"column":8},"end":{"line":963,"column":64}},"481":{"start":{"line":964,"column":8},"end":{"line":964,"column":47}},"482":{"start":{"line":967,"column":4},"end":{"line":969,"column":5}},"483":{"start":{"line":968,"column":8},"end":{"line":968,"column":15}},"484":{"start":{"line":972,"column":4},"end":{"line":972,"column":36}},"485":{"start":{"line":974,"column":4},"end":{"line":974,"column":45}},"486":{"start":{"line":975,"column":4},"end":{"line":977,"column":5}},"487":{"start":{"line":976,"column":8},"end":{"line":976,"column":33}},"488":{"start":{"line":979,"column":4},"end":{"line":993,"column":5}},"489":{"start":{"line":981,"column":8},"end":{"line":988,"column":11}},"490":{"start":{"line":982,"column":12},"end":{"line":982,"column":39}},"491":{"start":{"line":983,"column":12},"end":{"line":987,"column":13}},"492":{"start":{"line":984,"column":16},"end":{"line":984,"column":32}},"493":{"start":{"line":985,"column":19},"end":{"line":987,"column":13}},"494":{"start":{"line":986,"column":16},"end":{"line":986,"column":37}},"495":{"start":{"line":989,"column":11},"end":{"line":993,"column":5}},"496":{"start":{"line":991,"column":8},"end":{"line":991,"column":61}},"497":{"start":{"line":992,"column":8},"end":{"line":992,"column":49}},"498":{"start":{"line":996,"column":4},"end":{"line":996,"column":40}},"499":{"start":{"line":1000,"column":4},"end":{"line":1000,"column":44}},"500":{"start":{"line":1002,"column":4},"end":{"line":1002,"column":37}},"501":{"start":{"line":1005,"column":4},"end":{"line":1005,"column":53}},"502":{"start":{"line":1016,"column":0},"end":{"line":1077,"column":2}},"503":{"start":{"line":1017,"column":4},"end":{"line":1017,"column":32}},"504":{"start":{"line":1018,"column":4},"end":{"line":1018,"column":37}},"505":{"start":{"line":1020,"column":4},"end":{"line":1022,"column":5}},"506":{"start":{"line":1021,"column":8},"end":{"line":1021,"column":15}},"507":{"start":{"line":1024,"column":4},"end":{"line":1024,"column":31}},"508":{"start":{"line":1025,"column":4},"end":{"line":1025,"column":64}},"509":{"start":{"line":1026,"column":4},"end":{"line":1026,"column":47}},"510":{"start":{"line":1027,"column":4},"end":{"line":1027,"column":63}},"511":{"start":{"line":1028,"column":4},"end":{"line":1028,"column":34}},"512":{"start":{"line":1030,"column":4},"end":{"line":1035,"column":5}},"513":{"start":{"line":1031,"column":8},"end":{"line":1031,"column":76}},"514":{"start":{"line":1032,"column":8},"end":{"line":1032,"column":81}},"515":{"start":{"line":1033,"column":8},"end":{"line":1033,"column":60}},"516":{"start":{"line":1034,"column":8},"end":{"line":1034,"column":60}},"517":{"start":{"line":1037,"column":4},"end":{"line":1040,"column":5}},"518":{"start":{"line":1039,"column":8},"end":{"line":1039,"column":15}},"519":{"start":{"line":1043,"column":4},"end":{"line":1045,"column":5}},"520":{"start":{"line":1044,"column":8},"end":{"line":1044,"column":15}},"521":{"start":{"line":1050,"column":4},"end":{"line":1073,"column":5}},"522":{"start":{"line":1051,"column":8},"end":{"line":1055,"column":9}},"523":{"start":{"line":1052,"column":12},"end":{"line":1054,"column":13}},"524":{"start":{"line":1053,"column":16},"end":{"line":1053,"column":59}},"525":{"start":{"line":1057,"column":8},"end":{"line":1064,"column":9}},"526":{"start":{"line":1058,"column":12},"end":{"line":1063,"column":13}},"527":{"start":{"line":1059,"column":16},"end":{"line":1062,"column":17}},"528":{"start":{"line":1061,"column":20},"end":{"line":1061,"column":51}},"529":{"start":{"line":1065,"column":8},"end":{"line":1072,"column":9}},"530":{"start":{"line":1066,"column":12},"end":{"line":1071,"column":13}},"531":{"start":{"line":1067,"column":16},"end":{"line":1070,"column":17}},"532":{"start":{"line":1069,"column":20},"end":{"line":1069,"column":67}},"533":{"start":{"line":1075,"column":4},"end":{"line":1075,"column":36}},"534":{"start":{"line":1076,"column":4},"end":{"line":1076,"column":53}},"535":{"start":{"line":1087,"column":0},"end":{"line":1117,"column":2}},"536":{"start":{"line":1088,"column":4},"end":{"line":1088,"column":32}},"537":{"start":{"line":1090,"column":4},"end":{"line":1092,"column":5}},"538":{"start":{"line":1091,"column":8},"end":{"line":1091,"column":15}},"539":{"start":{"line":1094,"column":4},"end":{"line":1110,"column":5}},"540":{"start":{"line":1095,"column":8},"end":{"line":1095,"column":58}},"541":{"start":{"line":1097,"column":8},"end":{"line":1099,"column":9}},"542":{"start":{"line":1098,"column":12},"end":{"line":1098,"column":19}},"543":{"start":{"line":1101,"column":8},"end":{"line":1101,"column":28}},"544":{"start":{"line":1102,"column":8},"end":{"line":1102,"column":53}},"545":{"start":{"line":1104,"column":8},"end":{"line":1109,"column":9}},"546":{"start":{"line":1105,"column":12},"end":{"line":1105,"column":59}},"547":{"start":{"line":1106,"column":12},"end":{"line":1106,"column":57}},"548":{"start":{"line":1107,"column":12},"end":{"line":1107,"column":72}},"549":{"start":{"line":1108,"column":12},"end":{"line":1108,"column":64}},"550":{"start":{"line":1112,"column":4},"end":{"line":1116,"column":7}},"551":{"start":{"line":1119,"column":0},"end":{"line":1119,"column":40}},"552":{"start":{"line":1120,"column":0},"end":{"line":1120,"column":36}},"553":{"start":{"line":1121,"column":0},"end":{"line":1121,"column":42}},"554":{"start":{"line":1122,"column":0},"end":{"line":1122,"column":34}},"555":{"start":{"line":1123,"column":0},"end":{"line":1123,"column":36}},"556":{"start":{"line":1124,"column":0},"end":{"line":1124,"column":38}},"557":{"start":{"line":1125,"column":0},"end":{"line":1125,"column":36}},"558":{"start":{"line":1126,"column":0},"end":{"line":1126,"column":38}},"559":{"start":{"line":1127,"column":0},"end":{"line":1127,"column":34}},"560":{"start":{"line":1128,"column":0},"end":{"line":1128,"column":34}},"561":{"start":{"line":1129,"column":0},"end":{"line":1129,"column":32}},"562":{"start":{"line":1130,"column":0},"end":{"line":1130,"column":34}},"563":{"start":{"line":1131,"column":0},"end":{"line":1131,"column":36}},"564":{"start":{"line":1136,"column":0},"end":{"line":1138,"column":3}},"565":{"start":{"line":1139,"column":0},"end":{"line":1154,"column":2}},"566":{"start":{"line":1155,"column":0},"end":{"line":1155,"column":48}},"567":{"start":{"line":1156,"column":0},"end":{"line":1156,"column":33}},"568":{"start":{"line":1157,"column":0},"end":{"line":1157,"column":34}},"569":{"start":{"line":1160,"column":0},"end":{"line":1164,"column":2}},"570":{"start":{"line":1166,"column":0},"end":{"line":1170,"column":2}},"571":{"start":{"line":1172,"column":0},"end":{"line":1175,"column":2}},"572":{"start":{"line":1178,"column":0},"end":{"line":1178,"column":26}},"573":{"start":{"line":1180,"column":0},"end":{"line":1180,"column":36}},"574":{"start":{"line":1181,"column":0},"end":{"line":1181,"column":38}},"575":{"start":{"line":1182,"column":0},"end":{"line":1182,"column":44}},"576":{"start":{"line":1183,"column":0},"end":{"line":1183,"column":48}},"577":{"start":{"line":1184,"column":0},"end":{"line":1184,"column":38}},"578":{"start":{"line":1185,"column":0},"end":{"line":1185,"column":58}},"579":{"start":{"line":1186,"column":0},"end":{"line":1186,"column":52}},"580":{"start":{"line":1187,"column":0},"end":{"line":1187,"column":44}},"581":{"start":{"line":1192,"column":0},"end":{"line":1194,"column":3}},"582":{"start":{"line":1196,"column":0},"end":{"line":1196,"column":30}},"583":{"start":{"line":1198,"column":0},"end":{"line":1198,"column":42}},"584":{"start":{"line":1200,"column":0},"end":{"line":1200,"column":272}},"585":{"start":{"line":1200,"column":40},"end":{"line":1200,"column":270}},"586":{"start":{"line":1200,"column":69},"end":{"line":1200,"column":80}},"587":{"start":{"line":1200,"column":90},"end":{"line":1200,"column":106}},"588":{"start":{"line":1200,"column":107},"end":{"line":1200,"column":228}},"589":{"start":{"line":1200,"column":126},"end":{"line":1200,"column":226}},"590":{"start":{"line":1200,"column":149},"end":{"line":1200,"column":224}},"591":{"start":{"line":1200,"column":201},"end":{"line":1200,"column":224}},"592":{"start":{"line":1200,"column":229},"end":{"line":1200,"column":253}},"593":{"start":{"line":1200,"column":254},"end":{"line":1200,"column":268}},"594":{"start":{"line":1202,"column":0},"end":{"line":1202,"column":29}},"595":{"start":{"line":1211,"column":0},"end":{"line":1221,"column":2}},"596":{"start":{"line":1212,"column":4},"end":{"line":1212,"column":30}},"597":{"start":{"line":1213,"column":4},"end":{"line":1213,"column":34}},"598":{"start":{"line":1214,"column":4},"end":{"line":1220,"column":5}},"599":{"start":{"line":1215,"column":8},"end":{"line":1215,"column":36}},"600":{"start":{"line":1216,"column":8},"end":{"line":1218,"column":9}},"601":{"start":{"line":1217,"column":12},"end":{"line":1217,"column":32}},"602":{"start":{"line":1219,"column":8},"end":{"line":1219,"column":39}},"603":{"start":{"line":1223,"column":0},"end":{"line":1229,"column":2}},"604":{"start":{"line":1224,"column":4},"end":{"line":1224,"column":17}},"605":{"start":{"line":1225,"column":4},"end":{"line":1227,"column":7}},"606":{"start":{"line":1226,"column":8},"end":{"line":1226,"column":36}},"607":{"start":{"line":1228,"column":4},"end":{"line":1228,"column":15}},"608":{"start":{"line":1231,"column":0},"end":{"line":1318,"column":2}},"609":{"start":{"line":1232,"column":4},"end":{"line":1236,"column":35}},"610":{"start":{"line":1238,"column":4},"end":{"line":1238,"column":26}},"611":{"start":{"line":1240,"column":4},"end":{"line":1242,"column":5}},"612":{"start":{"line":1241,"column":8},"end":{"line":1241,"column":60}},"613":{"start":{"line":1244,"column":4},"end":{"line":1244,"column":70}},"614":{"start":{"line":1246,"column":4},"end":{"line":1248,"column":6}},"615":{"start":{"line":1247,"column":8},"end":{"line":1247,"column":38}},"616":{"start":{"line":1250,"column":4},"end":{"line":1252,"column":6}},"617":{"start":{"line":1251,"column":8},"end":{"line":1251,"column":78}},"618":{"start":{"line":1254,"column":4},"end":{"line":1276,"column":6}},"619":{"start":{"line":1255,"column":8},"end":{"line":1255,"column":31}},"620":{"start":{"line":1256,"column":8},"end":{"line":1256,"column":31}},"621":{"start":{"line":1258,"column":8},"end":{"line":1275,"column":9}},"622":{"start":{"line":1259,"column":12},"end":{"line":1259,"column":56}},"623":{"start":{"line":1260,"column":12},"end":{"line":1260,"column":44}},"624":{"start":{"line":1261,"column":12},"end":{"line":1264,"column":14}},"625":{"start":{"line":1268,"column":12},"end":{"line":1268,"column":69}},"626":{"start":{"line":1269,"column":12},"end":{"line":1272,"column":13}},"627":{"start":{"line":1270,"column":16},"end":{"line":1270,"column":49}},"628":{"start":{"line":1271,"column":16},"end":{"line":1271,"column":99}},"629":{"start":{"line":1274,"column":12},"end":{"line":1274,"column":46}},"630":{"start":{"line":1278,"column":4},"end":{"line":1312,"column":6}},"631":{"start":{"line":1279,"column":8},"end":{"line":1279,"column":111}},"632":{"start":{"line":1281,"column":8},"end":{"line":1281,"column":29}},"633":{"start":{"line":1282,"column":8},"end":{"line":1282,"column":37}},"634":{"start":{"line":1284,"column":8},"end":{"line":1310,"column":9}},"635":{"start":{"line":1285,"column":12},"end":{"line":1287,"column":13}},"636":{"start":{"line":1286,"column":16},"end":{"line":1286,"column":29}},"637":{"start":{"line":1289,"column":12},"end":{"line":1291,"column":13}},"638":{"start":{"line":1290,"column":16},"end":{"line":1290,"column":29}},"639":{"start":{"line":1295,"column":12},"end":{"line":1295,"column":48}},"640":{"start":{"line":1297,"column":12},"end":{"line":1304,"column":13}},"641":{"start":{"line":1298,"column":16},"end":{"line":1298,"column":40}},"642":{"start":{"line":1299,"column":16},"end":{"line":1299,"column":72}},"643":{"start":{"line":1301,"column":16},"end":{"line":1303,"column":19}},"644":{"start":{"line":1302,"column":20},"end":{"line":1302,"column":61}},"645":{"start":{"line":1307,"column":12},"end":{"line":1309,"column":13}},"646":{"start":{"line":1308,"column":16},"end":{"line":1308,"column":29}},"647":{"start":{"line":1311,"column":8},"end":{"line":1311,"column":20}},"648":{"start":{"line":1314,"column":4},"end":{"line":1316,"column":5}},"649":{"start":{"line":1315,"column":8},"end":{"line":1315,"column":37}},"650":{"start":{"line":1317,"column":4},"end":{"line":1317,"column":24}},"651":{"start":{"line":1320,"column":0},"end":{"line":1320,"column":40}},"652":{"start":{"line":1325,"column":0},"end":{"line":1327,"column":3}},"653":{"start":{"line":1329,"column":0},"end":{"line":1329,"column":34}},"654":{"start":{"line":1331,"column":0},"end":{"line":1331,"column":46}},"655":{"start":{"line":1333,"column":0},"end":{"line":1333,"column":30}},"656":{"start":{"line":1335,"column":0},"end":{"line":1335,"column":42}},"657":{"start":{"line":1337,"column":0},"end":{"line":1337,"column":40}},"658":{"start":{"line":1339,"column":0},"end":{"line":1339,"column":53}},"659":{"start":{"line":1341,"column":0},"end":{"line":1341,"column":34}},"660":{"start":{"line":1343,"column":0},"end":{"line":1343,"column":97}},"661":{"start":{"line":1343,"column":39},"end":{"line":1343,"column":95}},"662":{"start":{"line":1345,"column":0},"end":{"line":1345,"column":272}},"663":{"start":{"line":1345,"column":40},"end":{"line":1345,"column":270}},"664":{"start":{"line":1345,"column":69},"end":{"line":1345,"column":80}},"665":{"start":{"line":1345,"column":90},"end":{"line":1345,"column":106}},"666":{"start":{"line":1345,"column":107},"end":{"line":1345,"column":228}},"667":{"start":{"line":1345,"column":126},"end":{"line":1345,"column":226}},"668":{"start":{"line":1345,"column":149},"end":{"line":1345,"column":224}},"669":{"start":{"line":1345,"column":201},"end":{"line":1345,"column":224}},"670":{"start":{"line":1345,"column":229},"end":{"line":1345,"column":253}},"671":{"start":{"line":1345,"column":254},"end":{"line":1345,"column":268}},"672":{"start":{"line":1348,"column":0},"
[...]
e":1633,"column":39}},{"start":{"line":1633,"column":43},"end":{"line":1633,"column":69}}]},"245":{"line":1635,"type":"if","locations":[{"start":{"line":1635,"column":4},"end":{"line":1635,"column":4}},{"start":{"line":1635,"column":4},"end":{"line":1635,"column":4}}]},"246":{"line":1638,"type":"if","locations":[{"start":{"line":1638,"column":4},"end":{"line":1638,"column":4}},{"start":{"line":1638,"column":4},"end":{"line":1638,"column":4}}]},"247":{"line":1644,"type":"cond-expr","locations":[{"start":{"line":1644,"column":73},"end":{"line":1644,"column":85}},{"start":{"line":1644,"column":88},"end":{"line":1644,"column":92}}]},"248":{"line":1644,"type":"binary-expr","locations":[{"start":{"line":1644,"column":20},"end":{"line":1644,"column":40}},{"start":{"line":1644,"column":44},"end":{"line":1644,"column":70}}]},"249":{"line":1669,"type":"if","locations":[{"start":{"line":1669,"column":40},"end":{"line":1669,"column":40}},{"start":{"line":1669,"column":40},"end":{"line":1669,"column":40}}]},"250":{"line":1669,"type":"binary-expr","locations":[{"start":{"line":1669,"column":44},"end":{"line":1669,"column":47}},{"start":{"line":1669,"column":51},"end":{"line":1669,"column":65}}]},"251":{"line":1669,"type":"if","locations":[{"start":{"line":1669,"column":107},"end":{"line":1669,"column":107}},{"start":{"line":1669,"column":107},"end":{"line":1669,"column":107}}]},"252":{"line":1669,"type":"if","locations":[{"start":{"line":1669,"column":149},"end":{"line":1669,"column":149}},{"start":{"line":1669,"column":149},"end":{"line":1669,"column":149}}]},"253":{"line":1684,"type":"cond-expr","locations":[{"start":{"line":1684,"column":72},"end":{"line":1684,"column":84}},{"start":{"line":1684,"column":87},"end":{"line":1684,"column":91}}]},"254":{"line":1684,"type":"binary-expr","locations":[{"start":{"line":1684,"column":19},"end":{"line":1684,"column":39}},{"start":{"line":1684,"column":43},"end":{"line":1684,"column":69}}]},"255":{"line":1685,"type":"cond-expr","locations":[{"start":{"line":1685,"column":73},"end":{"line":1685,"column":85}},{"start":{"line":1685,"column":88},"end":{"line":1685,"column":90}}]},"256":{"line":1685,"type":"binary-expr","locations":[{"start":{"line":1685,"column":20},"end":{"line":1685,"column":40}},{"start":{"line":1685,"column":44},"end":{"line":1685,"column":70}}]},"257":{"line":1687,"type":"cond-expr","locations":[{"start":{"line":1687,"column":70},"end":{"line":1687,"column":82}},{"start":{"line":1687,"column":85},"end":{"line":1687,"column":90}}]},"258":{"line":1687,"type":"binary-expr","locations":[{"start":{"line":1687,"column":17},"end":{"line":1687,"column":37}},{"start":{"line":1687,"column":41},"end":{"line":1687,"column":67}}]},"259":{"line":1689,"type":"if","locations":[{"start":{"line":1689,"column":4},"end":{"line":1689,"column":4}},{"start":{"line":1689,"column":4},"end":{"line":1689,"column":4}}]},"260":{"line":1689,"type":"binary-expr","locations":[{"start":{"line":1689,"column":8},"end":{"line":1689,"column":17}},{"start":{"line":1689,"column":21},"end":{"line":1689,"column":37}},{"start":{"line":1689,"column":41},"end":{"line":1689,"column":51}},{"start":{"line":1689,"column":55},"end":{"line":1689,"column":79}}]},"261":{"line":1697,"type":"binary-expr","locations":[{"start":{"line":1697,"column":24},"end":{"line":1697,"column":41}},{"start":{"line":1697,"column":45},"end":{"line":1697,"column":47}}]},"262":{"line":1700,"type":"if","locations":[{"start":{"line":1700,"column":8},"end":{"line":1700,"column":8}},{"start":{"line":1700,"column":8},"end":{"line":1700,"column":8}}]},"263":{"line":1707,"type":"if","locations":[{"start":{"line":1707,"column":4},"end":{"line":1707,"column":4}},{"start":{"line":1707,"column":4},"end":{"line":1707,"column":4}}]},"264":{"line":1716,"type":"cond-expr","locations":[{"start":{"line":1716,"column":72},"end":{"line":1716,"column":84}},{"start":{"line":1716,"column":87},"end":{"line":1716,"column":91}}]},"265":{"line":1716,"type":"binary-expr","locations":[{"start":{"line":1716,"column":19},"end":{"line":1716,"column":39}},{"start":{"line":1716,"column":43},"end":{"line":1716,"column":69}}]},"266":{"line":1717,"type":"cond-expr","locations":[{"start":{"line":1717,"column":73},"end":{"line":1717,"column":85}},{"start":{"line":1717,"column":88},"end":{"line":1717,"column":90}}]},"267":{"line":1717,"type":"binary-expr","locations":[{"start":{"line":1717,"column":20},"end":{"line":1717,"column":40}},{"start":{"line":1717,"column":44},"end":{"line":1717,"column":70}}]},"268":{"line":1724,"type":"cond-expr","locations":[{"start":{"line":1724,"column":70},"end":{"line":1724,"column":82}},{"start":{"line":1724,"column":85},"end":{"line":1724,"column":87}}]},"269":{"line":1724,"type":"binary-expr","locations":[{"start":{"line":1724,"column":17},"end":{"line":1724,"column":37}},{"start":{"line":1724,"column":41},"end":{"line":1724,"column":67}}]},"270":{"line":1725,"type":"cond-expr","locations":[{"start":{"line":1725,"column":73},"end":{"line":1725,"column":85}},{"start":{"line":1725,"column":88},"end":{"line":1725,"column":90}}]},"271":{"line":1725,"type":"binary-expr","locations":[{"start":{"line":1725,"column":20},"end":{"line":1725,"column":40}},{"start":{"line":1725,"column":44},"end":{"line":1725,"column":70}}]},"272":{"line":1727,"type":"if","locations":[{"start":{"line":1727,"column":4},"end":{"line":1727,"column":4}},{"start":{"line":1727,"column":4},"end":{"line":1727,"column":4}}]},"273":{"line":1727,"type":"binary-expr","locations":[{"start":{"line":1727,"column":8},"end":{"line":1727,"column":15}},{"start":{"line":1727,"column":19},"end":{"line":1727,"column":29}}]},"274":{"line":1737,"type":"if","locations":[{"start":{"line":1737,"column":4},"end":{"line":1737,"column":4}},{"start":{"line":1737,"column":4},"end":{"line":1737,"column":4}}]},"275":{"line":1741,"type":"if","locations":[{"start":{"line":1741,"column":12},"end":{"line":1741,"column":12}},{"start":{"line":1741,"column":12},"end":{"line":1741,"column":12}}]},"276":{"line":1748,"type":"if","locations":[{"start":{"line":1748,"column":4},"end":{"line":1748,"column":4}},{"start":{"line":1748,"column":4},"end":{"line":1748,"column":4}}]},"277":{"line":1759,"type":"cond-expr","locations":[{"start":{"line":1759,"column":70},"end":{"line":1759,"column":82}},{"start":{"line":1759,"column":85},"end":{"line":1759,"column":87}}]},"278":{"line":1759,"type":"binary-expr","locations":[{"start":{"line":1759,"column":17},"end":{"line":1759,"column":37}},{"start":{"line":1759,"column":41},"end":{"line":1759,"column":67}}]},"279":{"line":1761,"type":"if","locations":[{"start":{"line":1761,"column":4},"end":{"line":1761,"column":4}},{"start":{"line":1761,"column":4},"end":{"line":1761,"column":4}}]},"280":{"line":1774,"type":"cond-expr","locations":[{"start":{"line":1774,"column":73},"end":{"line":1774,"column":85}},{"start":{"line":1774,"column":88},"end":{"line":1774,"column":90}}]},"281":{"line":1774,"type":"binary-expr","locations":[{"start":{"line":1774,"column":20},"end":{"line":1774,"column":40}},{"start":{"line":1774,"column":44},"end":{"line":1774,"column":70}}]},"282":{"line":1776,"type":"if","locations":[{"start":{"line":1776,"column":4},"end":{"line":1776,"column":4}},{"start":{"line":1776,"column":4},"end":{"line":1776,"column":4}}]},"283":{"line":1776,"type":"binary-expr","locations":[{"start":{"line":1776,"column":8},"end":{"line":1776,"column":18}},{"start":{"line":1776,"column":22},"end":{"line":1776,"column":40}}]},"284":{"line":1784,"type":"if","locations":[{"start":{"line":1784,"column":12},"end":{"line":1784,"column":12}},{"start":{"line":1784,"column":12},"end":{"line":1784,"column":12}}]},"285":{"line":1786,"type":"if","locations":[{"start":{"line":1786,"column":16},"end":{"line":1786,"column":16}},{"start":{"line":1786,"column":16},"end":{"line":1786,"column":16}}]},"286":{"line":1809,"type":"cond-expr","locations":[{"start":{"line":1809,"column":84},"end":{"line":1809,"column":121}},{"start":{"line":1809,"column":124},"end":{"line":1809,"column":268}}]},"287":{"line":1809,"type":"binary-expr","locations":[{"start":{"line":1809,"column":14},"end":{"line":1809,"column":42}},{"start":{"line":1809,"column":46},"end":{"line":1809,"column":81}}]},"288":{"line":1809,"type":"cond-expr","locations":[{"start":{"line":1809,"column":244},"end":{"line":1809,"column":252}},{"start":{"line":1809,"column":255},"end":{"line":1809,"column":265}}]},"289":{"line":1809,"type":"binary-expr","locations":[{"start":{"line":1809,"column":148},"end":{"line":1809,"column":151}},{"start":{"line":1809,"column":155},"end":{"line":1809,"column":183}},{"start":{"line":1809,"column":187},"end":{"line":1809,"column":213}},{"start":{"line":1809,"column":217},"end":{"line":1809,"column":241}}]},"290":{"line":1815,"type":"if","locations":[{"start":{"line":1815,"column":40},"end":{"line":1815,"column":40}},{"start":{"line":1815,"column":40},"end":{"line":1815,"column":40}}]},"291":{"line":1815,"type":"binary-expr","locations":[{"start":{"line":1815,"column":44},"end":{"line":1815,"column":47}},{"start":{"line":1815,"column":51},"end":{"line":1815,"column":65}}]},"292":{"line":1815,"type":"if","locations":[{"start":{"line":1815,"column":107},"end":{"line":1815,"column":107}},{"start":{"line":1815,"column":107},"end":{"line":1815,"column":107}}]},"293":{"line":1815,"type":"if","locations":[{"start":{"line":1815,"column":149},"end":{"line":1815,"column":149}},{"start":{"line":1815,"column":149},"end":{"line":1815,"column":149}}]},"294":{"line":1818,"type":"binary-expr","locations":[{"start":{"line":1818,"column":4},"end":{"line":1818,"column":12}},{"start":{"line":1818,"column":16},"end":{"line":1818,"column":18}}]},"295":{"line":1837,"type":"cond-expr","locations":[{"start":{"line":1837,"column":24},"end":{"line":1837,"column":42}},{"start":{"line":1837,"column":45},"end":{"line":1837,"column":101}}]},"296":{"line":1841,"type":"binary-expr","locations":[{"start":{"line":1841,"column":11},"end":{"line":1841,"column":23}},{"start":{"line":1841,"column":27},"end":{"line":1841,"column":97}},{"start":{"line":1841,"column":101},"end":{"line":1841,"column":158}}]},"297":{"line":1841,"type":"cond-expr","locations":[{"start":{"line":1841,"column":57},"end":{"line":1841,"column":68}},{"start":{"line":1841,"column":71},"end":{"line":1841,"column":83}}]},"298":{"line":1848,"type":"if","locations":[{"start":{"line":1848,"column":4},"end":{"line":1848,"column":4}},{"start":{"line":1848,"column":4},"end":{"line":1848,"column":4}}]},"299":{"line":1854,"type":"if","locations":[{"start":{"line":1854,"column":4},"end":{"line":1854,"column":4}},{"start":{"line":1854,"column":4},"end":{"line":1854,"column":4}}]},"300":{"line":1858,"type":"if","locations":[{"start":{"line":1858,"column":4},"end":{"line":1858,"column":4}},{"start":{"line":1858,"column":4},"end":{"line":1858,"column":4}}]},"301":{"line":1861,"type":"if","locations":[{"start":{"line":1861,"column":4},"end":{"line":1861,"column":4}},{"start":{"line":1861,"column":4},"end":{"line":1861,"column":4}}]},"302":{"line":1870,"type":"if","locations":[{"start":{"line":1870,"column":4},"end":{"line":1870,"column":4}},{"start":{"line":1870,"column":4},"end":{"line":1870,"column":4}}]},"303":{"line":1937,"type":"if","locations":[{"start":{"line":1937,"column":4},"end":{"line":1937,"column":4}},{"start":{"line":1937,"column":4},"end":{"line":1937,"column":4}}]},"304":{"line":1937,"type":"binary-expr","locations":[{"start":{"line":1937,"column":8},"end":{"line":1937,"column":12}},{"start":{"line":1937,"column":16},"end":{"line":1937,"column":52}}]},"305":{"line":1942,"type":"if","locations":[{"start":{"line":1942,"column":4},"end":{"line":1942,"column":4}},{"start":{"line":1942,"column":4},"end":{"line":1942,"column":4}}]},"306":{"line":1942,"type":"binary-expr","locations":[{"start":{"line":1942,"column":8},"end":{"line":1942,"column":17}},{"start":{"line":1942,"column":21},"end":{"line":1942,"column":33}}]},"307":{"line":1966,"type":"cond-expr","locations":[{"start":{"line":1966,"column":67},"end":{"line":1966,"column":79}},{"start":{"line":1966,"column":82},"end":{"line":1966,"column":86}}]},"308":{"line":1966,"type":"binary-expr","locations":[{"start":{"line":1966,"column":14},"end":{"line":1966,"column":34}},{"start":{"line":1966,"column":38},"end":{"line":1966,"column":64}}]},"309":{"line":1978,"type":"cond-expr","locations":[{"start":{"line":1978,"column":32},"end":{"line":1978,"column":53}},{"start":{"line":1978,"column":56},"end":{"line":1978,"column":93}}]},"310":{"line":2003,"type":"if","locations":[{"start":{"line":2003,"column":4},"end":{"line":2003,"column":4}},{"start":{"line":2003,"column":4},"end":{"line":2003,"column":4}}]},"311":{"line":2003,"type":"binary-expr","locations":[{"start":{"line":2003,"column":8},"end":{"line":2003,"column":13}},{"start":{"line":2003,"column":17},"end":{"line":2003,"column":36}},{"start":{"line":2003,"column":40},"end":{"line":2003,"column":61}}]},"312":{"line":2006,"type":"if","locations":[{"start":{"line":2006,"column":4},"end":{"line":2006,"column":4}},{"start":{"line":2006,"column":4},"end":{"line":2006,"column":4}}]},"313":{"line":2008,"type":"cond-expr","locations":[{"start":{"line":2008,"column":51},"end":{"line":2008,"column":75}},{"start":{"line":2008,"column":78},"end":{"line":2008,"column":86}}]},"314":{"line":2013,"type":"if","locations":[{"start":{"line":2013,"column":4},"end":{"line":2013,"column":4}},{"start":{"line":2013,"column":4},"end":{"line":2013,"column":4}}]},"315":{"line":2020,"type":"if","locations":[{"start":{"line":2020,"column":4},"end":{"line":2020,"column":4}},{"start":{"line":2020,"column":4},"end":{"line":2020,"column":4}}]},"316":{"line":2022,"type":"if","locations":[{"start":{"line":2022,"column":12},"end":{"line":2022,"column":12}},{"start":{"line":2022,"column":12},"end":{"line":2022,"column":12}}]},"317":{"line":2042,"type":"cond-expr","locations":[{"start":{"line":2042,"column":75},"end":{"line":2042,"column":87}},{"start":{"line":2042,"column":90},"end":{"line":2042,"column":95}}]},"318":{"line":2042,"type":"binary-expr","locations":[{"start":{"line":2042,"column":22},"end":{"line":2042,"column":42}},{"start":{"line":2042,"column":46},"end":{"line":2042,"column":72}}]},"319":{"line":2045,"type":"if","locations":[{"start":{"line":2045,"column":4},"end":{"line":2045,"column":4}},{"start":{"line":2045,"column":4},"end":{"line":2045,"column":4}}]},"320":{"line":2049,"type":"if","locations":[{"start":{"line":2049,"column":4},"end":{"line":2049,"column":4}},{"start":{"line":2049,"column":4},"end":{"line":2049,"column":4}}]},"321":{"line":2053,"type":"if","locations":[{"start":{"line":2053,"column":4},"end":{"line":2053,"column":4}},{"start":{"line":2053,"column":4},"end":{"line":2053,"column":4}}]},"322":{"line":2057,"type":"if","locations":[{"start":{"line":2057,"column":4},"end":{"line":2057,"column":4}},{"start":{"line":2057,"column":4},"end":{"line":2057,"column":4}}]},"323":{"line":2057,"type":"binary-expr","locations":[{"start":{"line":2057,"column":8},"end":{"line":2057,"column":32}},{"start":{"line":2057,"column":36},"end":{"line":2057,"column":60}}]},"324":{"line":2059,"type":"if","locations":[{"start":{"line":2059,"column":12},"end":{"line":2059,"column":12}},{"start":{"line":2059,"column":12},"end":{"line":2059,"column":12}}]},"325":{"line":2060,"type":"if","locations":[{"start":{"line":2060,"column":16},"end":{"line":2060,"column":16}},{"start":{"line":2060,"column":16},"end":{"line":2060,"column":16}}]},"326":{"line":2074,"type":"binary-expr","locations":[{"start":{"line":2074,"column":11},"end":{"line":2074,"column":24}},{"start":{"line":2074,"column":28},"end":{"line":2074,"column":100}}]},"327":{"line":2074,"type":"cond-expr","locations":[{"start":{"line":2074,"column":59},"end":{"line":2074,"column":70}},{"start":{"line":2074,"column":73},"end":{"line":2074,"column":86}}]},"328":{"line":2078,"type":"binary-expr","locations":[{"start":{"line":2078,"column":11},"end":{"line":2078,"column":25}},{"start":{"line":2078,"column":29},"end":{"line":2078,"column":43}}]},"329":{"line":2100,"type":"cond-expr","locations":[{"start":{"line":2100,"column":70},"end":{"line":2100,"column":95}},{"start":{"line":2100,"column":98},"end":{"line":2100,"column":102}}]},"330":{"line":2100,"type":"binary-expr","locations":[{"start":{"line":2100,"column":25},"end":{"line":2100,"column":38}},{"start":{"line":2100,"column":42},"end":{"line":2100,"column":67}}]},"331":{"line":2107,"type":"if","locations":[{"start":{"line":2107,"column":4},"end":{"line":2107,"column":4}},{"start":{"line":2107,"column":4},"end":{"line":2107,"column":4}}]},"332":{"line":2111,"type":"if","locations":[{"start":{"line":2111,"column":4},"end":{"line":2111,"column":4}},{"start":{"line":2111,"column":4},"end":{"line":2111,"column":4}}]},"333":{"line":2112,"type":"if","locations":[{"start":{"line":2112,"column":8},"end":{"line":2112,"column":8}},{"start":{"line":2112,"column":8},"end":{"line":2112,"column":8}}]},"334":{"line":2113,"type":"binary-expr","locations":[{"start":{"line":2113,"column":18},"end":{"line":2113,"column":68}},{"start":{"line":2113,"column":72},"end":{"line":2113,"column":81}}]},"335":{"line":2114,"type":"if","locations":[{"start":{"line":2114,"column":15},"end":{"line":2114,"column":15}},{"start":{"line":2114,"column":15},"end":{"line":2114,"column":15}}]},"336":{"line":2115,"type":"binary-expr","locations":[{"start":{"line":2115,"column":18},"end":{"line":2115,"column":68}},{"start":{"line":2115,"column":72},"end":{"line":2115,"column":81}}]},"337":{"line":2122,"type":"if","locations":[{"start":{"line":2122,"column":4},"end":{"line":2122,"column":4}},{"start":{"line":2122,"column":4},"end":{"line":2122,"column":4}}]},"338":{"line":2122,"type":"binary-expr","locations":[{"start":{"line":2122,"column":8},"end":{"line":2122,"column":18}},{"start":{"line":2122,"column":22},"end":{"line":2122,"column":41}}]},"339":{"line":2128,"type":"if","locations":[{"start":{"line":2128,"column":8},"end":{"line":2128,"column":8}},{"start":{"line":2128,"column":8},"end":{"line":2128,"column":8}}]},"340":{"line":2131,"type":"if","locations":[{"start":{"line":2131,"column":15},"end":{"line":2131,"column":15}},{"start":{"line":2131,"column":15},"end":{"line":2131,"column":15}}]},"341":{"line":2134,"type":"if","locations":[{"start":{"line":2134,"column":15},"end":{"line":2134,"column":15}},{"start":{"line":2134,"column":15},"end":{"line":2134,"column":15}}]},"342":{"line":2136,"type":"binary-expr","locations":[{"start":{"line":2136,"column":20},"end":{"line":2136,"column":70}},{"start":{"line":2136,"column":74},"end":{"line":2136,"column":83}}]},"343":{"line":2143,"type":"cond-expr","locations":[{"start":{"line":2143,"column":67},"end":{"line":2143,"column":79}},{"start":{"line":2143,"column":82},"end":{"line":2143,"column":86}}]},"344":{"line":2143,"type":"binary-expr","locations":[{"start":{"line":2143,"column":14},"end":{"line":2143,"column":34}},{"start":{"line":2143,"column":38},"end":{"line":2143,"column":64}}]},"345":{"line":2144,"type":"cond-expr","locations":[{"start":{"line":2144,"column":76},"end":{"line":2144,"column":88}},{"start":{"line":2144,"column":91},"end":{"line":2144,"column":93}}]},"346":{"line":2144,"type":"binary-expr","locations":[{"start":{"line":2144,"column":23},"end":{"line":2144,"column":43}},{"start":{"line":2144,"column":47},"end":{"line":2144,"column":73}}]},"347":{"line":2146,"type":"cond-expr","locations":[{"start":{"line":2146,"column":39},"end":{"line":2146,"column":50}},{"start":{"line":2146,"column":53},"end":{"line":2146,"column":65}}]},"348":{"line":2146,"type":"binary-expr","locations":[{"start":{"line":2146,"column":18},"end":{"line":2146,"column":21}},{"start":{"line":2146,"column":25},"end":{"line":2146,"column":36}}]},"349":{"line":2147,"type":"if","locations":[{"start":{"line":2147,"column":4},"end":{"line":2147,"column":4}},{"start":{"line":2147,"column":4},"end":{"line":2147,"column":4}}]}}}}